
===========================================================================
report_checks -unconstrained
===========================================================================
======================= Typical Corner ===================================

Startpoint: reset (input port clocked by clk)
Endpoint: _16_ (recovery check against rising-edge clock clk)
Path Group: asynchronous
Path Type: max

Fanout     Cap    Slew   Delay    Time   Description
-----------------------------------------------------------------------------
                          0.00    0.00   clock clk (rise edge)
                          0.00    0.00   clock network delay (propagated)
                          2.00    2.00 v input external delay
     1    0.00    0.01    0.01    2.01 v reset (in)
                                         reset (net)
                  0.01    0.00    2.01 v input2/A (sky130_fd_sc_hd__buf_1)
     2    0.01    0.08    0.12    2.13 v input2/X (sky130_fd_sc_hd__buf_1)
                                         net2 (net)
                  0.08    0.00    2.13 v _14_/A (sky130_fd_sc_hd__inv_2)
     1    0.01    0.04    0.07    2.19 ^ _14_/Y (sky130_fd_sc_hd__inv_2)
                                         _01_ (net)
                  0.04    0.00    2.19 ^ _16_/RESET_B (sky130_fd_sc_hd__dfrtp_1)
                                  2.19   data arrival time

                         10.00   10.00   clock clk (rise edge)
                          0.00   10.00   clock source latency
     1    0.01    0.04    0.03   10.03 ^ clk (in)
                                         clk (net)
                  0.04    0.00   10.03 ^ clkbuf_0_clk/A (sky130_fd_sc_hd__clkbuf_16)
     2    0.02    0.04    0.11   10.14 ^ clkbuf_0_clk/X (sky130_fd_sc_hd__clkbuf_16)
                                         clknet_0_clk (net)
                  0.04    0.00   10.14 ^ clkbuf_1_1__f_clk/A (sky130_fd_sc_hd__clkbuf_16)
     1    0.00    0.03    0.10   10.24 ^ clkbuf_1_1__f_clk/X (sky130_fd_sc_hd__clkbuf_16)
                                         clknet_1_1__leaf_clk (net)
                  0.03    0.00   10.24 ^ _16_/CLK (sky130_fd_sc_hd__dfrtp_1)
                         -0.25    9.99   clock uncertainty
                          0.00    9.99   clock reconvergence pessimism
                          0.23   10.22   library recovery time
                                 10.22   data required time
-----------------------------------------------------------------------------
                                 10.22   data required time
                                 -2.19   data arrival time
-----------------------------------------------------------------------------
                                  8.02   slack (MET)


Startpoint: din (input port clocked by clk)
Endpoint: dout (output port clocked by clk)
Path Group: clk
Path Type: max

Fanout     Cap    Slew   Delay    Time   Description
-----------------------------------------------------------------------------
                          0.00    0.00   clock clk (rise edge)
                          0.00    0.00   clock network delay (propagated)
                          2.00    2.00 ^ input external delay
     1    0.01    0.03    0.02    2.02 ^ din (in)
                                         din (net)
                  0.03    0.00    2.02 ^ input1/A (sky130_fd_sc_hd__buf_1)
     4    0.02    0.19    0.18    2.21 ^ input1/X (sky130_fd_sc_hd__buf_1)
                                         net1 (net)
                  0.19    0.00    2.21 ^ _11_/A_N (sky130_fd_sc_hd__and3b_1)
     1    0.00    0.04    0.22    2.42 v _11_/X (sky130_fd_sc_hd__and3b_1)
                                         _05_ (net)
                  0.04    0.00    2.42 v _12_/A (sky130_fd_sc_hd__clkbuf_1)
     1    0.00    0.04    0.10    2.52 v _12_/X (sky130_fd_sc_hd__clkbuf_1)
                                         net3 (net)
                  0.04    0.00    2.52 v output3/A (sky130_fd_sc_hd__buf_2)
     1    0.03    0.09    0.18    2.71 v output3/X (sky130_fd_sc_hd__buf_2)
                                         dout (net)
                  0.09    0.00    2.71 v dout (out)
                                  2.71   data arrival time

                         10.00   10.00   clock clk (rise edge)
                          0.00   10.00   clock network delay (propagated)
                         -0.25    9.75   clock uncertainty
                          0.00    9.75   clock reconvergence pessimism
                         -2.00    7.75   output external delay
                                  7.75   data required time
-----------------------------------------------------------------------------
                                  7.75   data required time
                                 -2.71   data arrival time
-----------------------------------------------------------------------------
                                  5.04   slack (MET)




===========================================================================
report_checks --slack_max -0.01
============================================================================
======================= Typical Corner ===================================

No paths found.


===========================================================================
 report_check_types -max_slew -max_cap -max_fanout -violators
============================================================================
======================= Typical Corner ===================================


max slew violations count Typical: 0
max fanout violations count Typical: 0
max cap violations count Typical: 0

===========================================================================
report_parasitic_annotation -report_unannotated
============================================================================
Found 0 unannotated drivers.
Found 2 partially unannotated drivers.
 clk
 clkbuf_0_clk/X

===========================================================================
max slew violation count 0
max fanout violation count 0
max cap violation count 0
============================================================================

===========================================================================
check_setup -verbose -unconstrained_endpoints -multiple_clock -no_clock -no_input_delay -loops -generated_clocks
===========================================================================
