OpenROAD b16bda7e82721d10566ff7e2b68f1ff0be9f9e38 
Features included (+) or not (-): +Charts +GPU +GUI +Python
This program is licensed under the BSD-3 license. See the LICENSE file for details.
Components of this program may be licensed under more restrictive licenses which must be honored.
define_corners Typical
read_liberty -corner Typical /home/amit/.volare/volare/sky130/versions/bdc9412b3e468c102d01b7cf6337be06ec6e9c9a/sky130A/libs.ref/sky130_fd_sc_hd/lib/sky130_fd_sc_hd__tt_025C_1v80.lib
Using 1e-12 for capacitance...
Using 1e+03 for resistance...
Using 1e-09 for time...
Using 1e+00 for voltage...
Using 1e-03 for current...
Using 1e-09 for power...
Using 1e-06 for distance...
[INFO]: Reading ODB at '/openlane/designs/seq_detector/runs/RUN_2025.05.06_16.09.42/tmp/18-seq_detector_mealy.odb'…
Reading design constraints file at '/openlane/scripts/base.sdc'…
[INFO]: Setting output delay to: 2.0
[INFO]: Setting input delay to: 2.0
[INFO]: Setting load to: 0.033442
[INFO]: Setting clock uncertainty to: 0.25
[INFO]: Setting clock transition to: 0.15
[INFO]: Setting timing derate to: 5.0 %
[INFO]: Propagating all clocks
[INFO]: Setting RC values...
min_report

===========================================================================
report_checks -path_delay min (Hold)
============================================================================
======================= Typical Corner ===================================

Startpoint: _15_ (rising edge-triggered flip-flop clocked by clk)
Endpoint: _16_ (rising edge-triggered flip-flop clocked by clk)
Path Group: clk
Path Type: min

Fanout     Cap    Slew   Delay    Time   Description
-----------------------------------------------------------------------------
                          0.00    0.00   clock clk (rise edge)
                          0.00    0.00   clock source latency
     1    0.01    0.04    0.03    0.03 ^ clk (in)
                                         clk (net)
                  0.04    0.00    0.03 ^ clkbuf_0_clk/A (sky130_fd_sc_hd__clkbuf_16)
     2    0.02    0.04    0.11    0.14 ^ clkbuf_0_clk/X (sky130_fd_sc_hd__clkbuf_16)
                                         clknet_0_clk (net)
                  0.04    0.00    0.14 ^ clkbuf_1_0__f_clk/A (sky130_fd_sc_hd__clkbuf_16)
     1    0.00    0.03    0.10    0.24 ^ clkbuf_1_0__f_clk/X (sky130_fd_sc_hd__clkbuf_16)
                                         clknet_1_0__leaf_clk (net)
                  0.03    0.00    0.24 ^ _15_/CLK (sky130_fd_sc_hd__dfrtp_1)
     3    0.01    0.07    0.37    0.61 v _15_/Q (sky130_fd_sc_hd__dfrtp_1)
                                         state[0] (net)
                  0.07    0.00    0.61 v _08_/A (sky130_fd_sc_hd__inv_2)
     1    0.00    0.03    0.05    0.66 ^ _08_/Y (sky130_fd_sc_hd__inv_2)
                                         _03_ (net)
                  0.03    0.00    0.66 ^ _10_/A2 (sky130_fd_sc_hd__o21ai_1)
     1    0.00    0.03    0.05    0.71 v _10_/Y (sky130_fd_sc_hd__o21ai_1)
                                         next_state[1] (net)
                  0.03    0.00    0.71 v hold3/A (sky130_fd_sc_hd__dlygate4sd3_1)
     1    0.00    0.06    0.52    1.23 v hold3/X (sky130_fd_sc_hd__dlygate4sd3_1)
                                         net6 (net)
                  0.06    0.00    1.23 v _16_/D (sky130_fd_sc_hd__dfrtp_1)
                                  1.23   data arrival time

                          0.00    0.00   clock clk (rise edge)
                          0.00    0.00   clock source latency
     1    0.01    0.04    0.03    0.03 ^ clk (in)
                                         clk (net)
                  0.04    0.00    0.03 ^ clkbuf_0_clk/A (sky130_fd_sc_hd__clkbuf_16)
     2    0.02    0.04    0.13    0.16 ^ clkbuf_0_clk/X (sky130_fd_sc_hd__clkbuf_16)
                                         clknet_0_clk (net)
                  0.04    0.00    0.16 ^ clkbuf_1_1__f_clk/A (sky130_fd_sc_hd__clkbuf_16)
     1    0.00    0.03    0.11    0.27 ^ clkbuf_1_1__f_clk/X (sky130_fd_sc_hd__clkbuf_16)
                                         clknet_1_1__leaf_clk (net)
                  0.03    0.00    0.27 ^ _16_/CLK (sky130_fd_sc_hd__dfrtp_1)
                          0.25    0.52   clock uncertainty
                         -0.01    0.50   clock reconvergence pessimism
                         -0.05    0.45   library hold time
                                  0.45   data required time
-----------------------------------------------------------------------------
                                  0.45   data required time
                                 -1.23   data arrival time
-----------------------------------------------------------------------------
                                  0.78   slack (MET)


Startpoint: reset (input port clocked by clk)
Endpoint: _15_ (removal check against rising-edge clock clk)
Path Group: asynchronous
Path Type: min

Fanout     Cap    Slew   Delay    Time   Description
-----------------------------------------------------------------------------
                          0.00    0.00   clock clk (rise edge)
                          0.00    0.00   clock network delay (propagated)
                          2.00    2.00 v input external delay
     1    0.00    0.01    0.01    2.01 v reset (in)
                                         reset (net)
                  0.01    0.00    2.01 v input2/A (sky130_fd_sc_hd__buf_1)
     2    0.01    0.08    0.11    2.12 v input2/X (sky130_fd_sc_hd__buf_1)
                                         net2 (net)
                  0.08    0.00    2.12 v _13_/A (sky130_fd_sc_hd__inv_2)
     1    0.00    0.04    0.06    2.17 ^ _13_/Y (sky130_fd_sc_hd__inv_2)
                                         _00_ (net)
                  0.04    0.00    2.17 ^ _15_/RESET_B (sky130_fd_sc_hd__dfrtp_1)
                                  2.17   data arrival time

                          0.00    0.00   clock clk (rise edge)
                          0.00    0.00   clock source latency
     1    0.01    0.04    0.03    0.03 ^ clk (in)
                                         clk (net)
                  0.04    0.00    0.03 ^ clkbuf_0_clk/A (sky130_fd_sc_hd__clkbuf_16)
     2    0.02    0.04    0.13    0.16 ^ clkbuf_0_clk/X (sky130_fd_sc_hd__clkbuf_16)
                                         clknet_0_clk (net)
                  0.04    0.00    0.16 ^ clkbuf_1_0__f_clk/A (sky130_fd_sc_hd__clkbuf_16)
     1    0.00    0.03    0.11    0.27 ^ clkbuf_1_0__f_clk/X (sky130_fd_sc_hd__clkbuf_16)
                                         clknet_1_0__leaf_clk (net)
                  0.03    0.00    0.27 ^ _15_/CLK (sky130_fd_sc_hd__dfrtp_1)
                          0.25    0.52   clock uncertainty
                          0.00    0.52   clock reconvergence pessimism
                          0.31    0.83   library removal time
                                  0.83   data required time
-----------------------------------------------------------------------------
                                  0.83   data required time
                                 -2.17   data arrival time
-----------------------------------------------------------------------------
                                  1.35   slack (MET)


Startpoint: reset (input port clocked by clk)
Endpoint: _16_ (removal check against rising-edge clock clk)
Path Group: asynchronous
Path Type: min

Fanout     Cap    Slew   Delay    Time   Description
-----------------------------------------------------------------------------
                          0.00    0.00   clock clk (rise edge)
                          0.00    0.00   clock network delay (propagated)
                          2.00    2.00 v input external delay
     1    0.00    0.01    0.01    2.01 v reset (in)
                                         reset (net)
                  0.01    0.00    2.01 v input2/A (sky130_fd_sc_hd__buf_1)
     2    0.01    0.08    0.11    2.12 v input2/X (sky130_fd_sc_hd__buf_1)
                                         net2 (net)
                  0.08    0.00    2.12 v _14_/A (sky130_fd_sc_hd__inv_2)
     1    0.01    0.04    0.06    2.18 ^ _14_/Y (sky130_fd_sc_hd__inv_2)
                                         _01_ (net)
                  0.04    0.00    2.18 ^ _16_/RESET_B (sky130_fd_sc_hd__dfrtp_1)
                                  2.18   data arrival time

                          0.00    0.00   clock clk (rise edge)
                          0.00    0.00   clock source latency
     1    0.01    0.04    0.03    0.03 ^ clk (in)
                                         clk (net)
                  0.04    0.00    0.03 ^ clkbuf_0_clk/A (sky130_fd_sc_hd__clkbuf_16)
     2    0.02    0.04    0.13    0.16 ^ clkbuf_0_clk/X (sky130_fd_sc_hd__clkbuf_16)
                                         clknet_0_clk (net)
                  0.04    0.00    0.16 ^ clkbuf_1_1__f_clk/A (sky130_fd_sc_hd__clkbuf_16)
     1    0.00    0.03    0.11    0.27 ^ clkbuf_1_1__f_clk/X (sky130_fd_sc_hd__clkbuf_16)
                                         clknet_1_1__leaf_clk (net)
                  0.03    0.00    0.27 ^ _16_/CLK (sky130_fd_sc_hd__dfrtp_1)
                          0.25    0.52   clock uncertainty
                          0.00    0.52   clock reconvergence pessimism
                          0.31    0.83   library removal time
                                  0.83   data required time
-----------------------------------------------------------------------------
                                  0.83   data required time
                                 -2.18   data arrival time
-----------------------------------------------------------------------------
                                  1.35   slack (MET)


Startpoint: din (input port clocked by clk)
Endpoint: _15_ (rising edge-triggered flip-flop clocked by clk)
Path Group: clk
Path Type: min

Fanout     Cap    Slew   Delay    Time   Description
-----------------------------------------------------------------------------
                          0.00    0.00   clock clk (rise edge)
                          0.00    0.00   clock network delay (propagated)
                          2.00    2.00 v input external delay
     1    0.01    0.01    0.01    2.01 v din (in)
                                         din (net)
                  0.01    0.00    2.01 v input1/A (sky130_fd_sc_hd__buf_1)
     4    0.01    0.09    0.12    2.13 v input1/X (sky130_fd_sc_hd__buf_1)
                                         net1 (net)
                  0.09    0.00    2.13 v _06_/A (sky130_fd_sc_hd__clkbuf_1)
     1    0.00    0.03    0.10    2.23 v _06_/X (sky130_fd_sc_hd__clkbuf_1)
                                         _02_ (net)
                  0.03    0.00    2.23 v _07_/A (sky130_fd_sc_hd__clkbuf_1)
     1    0.00    0.03    0.07    2.31 v _07_/X (sky130_fd_sc_hd__clkbuf_1)
                                         next_state[0] (net)
                  0.03    0.00    2.31 v _15_/D (sky130_fd_sc_hd__dfrtp_1)
                                  2.31   data arrival time

                          0.00    0.00   clock clk (rise edge)
                          0.00    0.00   clock source latency
     1    0.01    0.04    0.03    0.03 ^ clk (in)
                                         clk (net)
                  0.04    0.00    0.03 ^ clkbuf_0_clk/A (sky130_fd_sc_hd__clkbuf_16)
     2    0.02    0.04    0.13    0.16 ^ clkbuf_0_clk/X (sky130_fd_sc_hd__clkbuf_16)
                                         clknet_0_clk (net)
                  0.04    0.00    0.16 ^ clkbuf_1_0__f_clk/A (sky130_fd_sc_hd__clkbuf_16)
     1    0.00    0.03    0.11    0.27 ^ clkbuf_1_0__f_clk/X (sky130_fd_sc_hd__clkbuf_16)
                                         clknet_1_0__leaf_clk (net)
                  0.03    0.00    0.27 ^ _15_/CLK (sky130_fd_sc_hd__dfrtp_1)
                          0.25    0.52   clock uncertainty
                          0.00    0.52   clock reconvergence pessimism
                         -0.04    0.47   library hold time
                                  0.47   data required time
-----------------------------------------------------------------------------
                                  0.47   data required time
                                 -2.31   data arrival time
-----------------------------------------------------------------------------
                                  1.83   slack (MET)


Startpoint: _16_ (rising edge-triggered flip-flop clocked by clk)
Endpoint: dout (output port clocked by clk)
Path Group: clk
Path Type: min

Fanout     Cap    Slew   Delay    Time   Description
-----------------------------------------------------------------------------
                          0.00    0.00   clock clk (rise edge)
                          0.00    0.00   clock source latency
     1    0.01    0.04    0.03    0.03 ^ clk (in)
                                         clk (net)
                  0.04    0.00    0.03 ^ clkbuf_0_clk/A (sky130_fd_sc_hd__clkbuf_16)
     2    0.02    0.04    0.11    0.14 ^ clkbuf_0_clk/X (sky130_fd_sc_hd__clkbuf_16)
                                         clknet_0_clk (net)
                  0.04    0.00    0.14 ^ clkbuf_1_1__f_clk/A (sky130_fd_sc_hd__clkbuf_16)
     1    0.00    0.03    0.10    0.24 ^ clkbuf_1_1__f_clk/X (sky130_fd_sc_hd__clkbuf_16)
                                         clknet_1_1__leaf_clk (net)
                  0.03    0.00    0.24 ^ _16_/CLK (sky130_fd_sc_hd__dfrtp_1)
     2    0.01    0.07    0.31    0.55 ^ _16_/Q (sky130_fd_sc_hd__dfrtp_1)
                                         state[1] (net)
                  0.07    0.00    0.55 ^ _11_/B (sky130_fd_sc_hd__and3b_1)
     1    0.00    0.06    0.15    0.70 ^ _11_/X (sky130_fd_sc_hd__and3b_1)
                                         _05_ (net)
                  0.06    0.00    0.70 ^ _12_/A (sky130_fd_sc_hd__clkbuf_1)
     1    0.00    0.07    0.10    0.80 ^ _12_/X (sky130_fd_sc_hd__clkbuf_1)
                                         net3 (net)
                  0.07    0.00    0.80 ^ output3/A (sky130_fd_sc_hd__buf_2)
     1    0.03    0.17    0.19    0.99 ^ output3/X (sky130_fd_sc_hd__buf_2)
                                         dout (net)
                  0.17    0.00    0.99 ^ dout (out)
                                  0.99   data arrival time

                          0.00    0.00   clock clk (rise edge)
                          0.00    0.00   clock network delay (propagated)
                          0.25    0.25   clock uncertainty
                          0.00    0.25   clock reconvergence pessimism
                         -2.00   -1.75   output external delay
                                 -1.75   data required time
-----------------------------------------------------------------------------
                                 -1.75   data required time
                                 -0.99   data arrival time
-----------------------------------------------------------------------------
                                  2.74   slack (MET)



worst slack corner Typical: 0.7770
min_report_end
max_report

===========================================================================
report_checks -path_delay max (Setup)
============================================================================
======================= Typical Corner ===================================

Startpoint: din (input port clocked by clk)
Endpoint: dout (output port clocked by clk)
Path Group: clk
Path Type: max

Fanout     Cap    Slew   Delay    Time   Description
-----------------------------------------------------------------------------
                          0.00    0.00   clock clk (rise edge)
                          0.00    0.00   clock network delay (propagated)
                          2.00    2.00 ^ input external delay
     1    0.01    0.03    0.02    2.02 ^ din (in)
                                         din (net)
                  0.03    0.00    2.02 ^ input1/A (sky130_fd_sc_hd__buf_1)
     4    0.02    0.19    0.18    2.21 ^ input1/X (sky130_fd_sc_hd__buf_1)
                                         net1 (net)
                  0.19    0.00    2.21 ^ _11_/A_N (sky130_fd_sc_hd__and3b_1)
     1    0.00    0.04    0.22    2.42 v _11_/X (sky130_fd_sc_hd__and3b_1)
                                         _05_ (net)
                  0.04    0.00    2.42 v _12_/A (sky130_fd_sc_hd__clkbuf_1)
     1    0.00    0.04    0.10    2.52 v _12_/X (sky130_fd_sc_hd__clkbuf_1)
                                         net3 (net)
                  0.04    0.00    2.52 v output3/A (sky130_fd_sc_hd__buf_2)
     1    0.03    0.09    0.18    2.71 v output3/X (sky130_fd_sc_hd__buf_2)
                                         dout (net)
                  0.09    0.00    2.71 v dout (out)
                                  2.71   data arrival time

                         10.00   10.00   clock clk (rise edge)
                          0.00   10.00   clock network delay (propagated)
                         -0.25    9.75   clock uncertainty
                          0.00    9.75   clock reconvergence pessimism
                         -2.00    7.75   output external delay
                                  7.75   data required time
-----------------------------------------------------------------------------
                                  7.75   data required time
                                 -2.71   data arrival time
-----------------------------------------------------------------------------
                                  5.04   slack (MET)


Startpoint: din (input port clocked by clk)
Endpoint: _16_ (rising edge-triggered flip-flop clocked by clk)
Path Group: clk
Path Type: max

Fanout     Cap    Slew   Delay    Time   Description
-----------------------------------------------------------------------------
                          0.00    0.00   clock clk (rise edge)
                          0.00    0.00   clock network delay (propagated)
                          2.00    2.00 ^ input external delay
     1    0.01    0.03    0.02    2.02 ^ din (in)
                                         din (net)
                  0.03    0.00    2.02 ^ input1/A (sky130_fd_sc_hd__buf_1)
     4    0.02    0.19    0.18    2.21 ^ input1/X (sky130_fd_sc_hd__buf_1)
                                         net1 (net)
                  0.19    0.00    2.21 ^ _09_/C (sky130_fd_sc_hd__nand3b_1)
     1    0.00    0.06    0.10    2.30 v _09_/Y (sky130_fd_sc_hd__nand3b_1)
                                         _04_ (net)
                  0.06    0.00    2.30 v hold2/A (sky130_fd_sc_hd__dlygate4sd3_1)
     1    0.00    0.06    0.58    2.89 v hold2/X (sky130_fd_sc_hd__dlygate4sd3_1)
                                         net5 (net)
                  0.06    0.00    2.89 v _10_/B1 (sky130_fd_sc_hd__o21ai_1)
     1    0.00    0.10    0.08    2.97 ^ _10_/Y (sky130_fd_sc_hd__o21ai_1)
                                         next_state[1] (net)
                  0.10    0.00    2.97 ^ hold3/A (sky130_fd_sc_hd__dlygate4sd3_1)
     1    0.00    0.06    0.58    3.55 ^ hold3/X (sky130_fd_sc_hd__dlygate4sd3_1)
                                         net6 (net)
                  0.06    0.00    3.55 ^ _16_/D (sky130_fd_sc_hd__dfrtp_1)
                                  3.55   data arrival time

                         10.00   10.00   clock clk (rise edge)
                          0.00   10.00   clock source latency
     1    0.01    0.04    0.03   10.03 ^ clk (in)
                                         clk (net)
                  0.04    0.00   10.03 ^ clkbuf_0_clk/A (sky130_fd_sc_hd__clkbuf_16)
     2    0.02    0.04    0.11   10.14 ^ clkbuf_0_clk/X (sky130_fd_sc_hd__clkbuf_16)
                                         clknet_0_clk (net)
                  0.04    0.00   10.14 ^ clkbuf_1_1__f_clk/A (sky130_fd_sc_hd__clkbuf_16)
     1    0.00    0.03    0.10   10.24 ^ clkbuf_1_1__f_clk/X (sky130_fd_sc_hd__clkbuf_16)
                                         clknet_1_1__leaf_clk (net)
                  0.03    0.00   10.24 ^ _16_/CLK (sky130_fd_sc_hd__dfrtp_1)
                         -0.25    9.99   clock uncertainty
                          0.00    9.99   clock reconvergence pessimism
                         -0.07    9.93   library setup time
                                  9.93   data required time
-----------------------------------------------------------------------------
                                  9.93   data required time
                                 -3.55   data arrival time
-----------------------------------------------------------------------------
                                  6.38   slack (MET)


Startpoint: din (input port clocked by clk)
Endpoint: _15_ (rising edge-triggered flip-flop clocked by clk)
Path Group: clk
Path Type: max

Fanout     Cap    Slew   Delay    Time   Description
-----------------------------------------------------------------------------
                          0.00    0.00   clock clk (rise edge)
                          0.00    0.00   clock network delay (propagated)
                          2.00    2.00 ^ input external delay
     1    0.01    0.03    0.02    2.02 ^ din (in)
                                         din (net)
                  0.03    0.00    2.02 ^ input1/A (sky130_fd_sc_hd__buf_1)
     4    0.02    0.19    0.18    2.21 ^ input1/X (sky130_fd_sc_hd__buf_1)
                                         net1 (net)
                  0.19    0.00    2.21 ^ _06_/A (sky130_fd_sc_hd__clkbuf_1)
     1    0.00    0.04    0.11    2.32 ^ _06_/X (sky130_fd_sc_hd__clkbuf_1)
                                         _02_ (net)
                  0.04    0.00    2.32 ^ _07_/A (sky130_fd_sc_hd__clkbuf_1)
     1    0.00    0.05    0.08    2.41 ^ _07_/X (sky130_fd_sc_hd__clkbuf_1)
                                         next_state[0] (net)
                  0.05    0.00    2.41 ^ _15_/D (sky130_fd_sc_hd__dfrtp_1)
                                  2.41   data arrival time

                         10.00   10.00   clock clk (rise edge)
                          0.00   10.00   clock source latency
     1    0.01    0.04    0.03   10.03 ^ clk (in)
                                         clk (net)
                  0.04    0.00   10.03 ^ clkbuf_0_clk/A (sky130_fd_sc_hd__clkbuf_16)
     2    0.02    0.04    0.11   10.14 ^ clkbuf_0_clk/X (sky130_fd_sc_hd__clkbuf_16)
                                         clknet_0_clk (net)
                  0.04    0.00   10.14 ^ clkbuf_1_0__f_clk/A (sky130_fd_sc_hd__clkbuf_16)
     1    0.00    0.03    0.10   10.24 ^ clkbuf_1_0__f_clk/X (sky130_fd_sc_hd__clkbuf_16)
                                         clknet_1_0__leaf_clk (net)
                  0.03    0.00   10.24 ^ _15_/CLK (sky130_fd_sc_hd__dfrtp_1)
                         -0.25    9.99   clock uncertainty
                          0.00    9.99   clock reconvergence pessimism
                         -0.06    9.93   library setup time
                                  9.93   data required time
-----------------------------------------------------------------------------
                                  9.93   data required time
                                 -2.41   data arrival time
-----------------------------------------------------------------------------
                                  7.52   slack (MET)


Startpoint: reset (input port clocked by clk)
Endpoint: _16_ (recovery check against rising-edge clock clk)
Path Group: asynchronous
Path Type: max

Fanout     Cap    Slew   Delay    Time   Description
-----------------------------------------------------------------------------
                          0.00    0.00   clock clk (rise edge)
                          0.00    0.00   clock network delay (propagated)
                          2.00    2.00 v input external delay
     1    0.00    0.01    0.01    2.01 v reset (in)
                                         reset (net)
                  0.01    0.00    2.01 v input2/A (sky130_fd_sc_hd__buf_1)
     2    0.01    0.08    0.12    2.13 v input2/X (sky130_fd_sc_hd__buf_1)
                                         net2 (net)
                  0.08    0.00    2.13 v _14_/A (sky130_fd_sc_hd__inv_2)
     1    0.01    0.04    0.07    2.19 ^ _14_/Y (sky130_fd_sc_hd__inv_2)
                                         _01_ (net)
                  0.04    0.00    2.19 ^ _16_/RESET_B (sky130_fd_sc_hd__dfrtp_1)
                                  2.19   data arrival time

                         10.00   10.00   clock clk (rise edge)
                          0.00   10.00   clock source latency
     1    0.01    0.04    0.03   10.03 ^ clk (in)
                                         clk (net)
                  0.04    0.00   10.03 ^ clkbuf_0_clk/A (sky130_fd_sc_hd__clkbuf_16)
     2    0.02    0.04    0.11   10.14 ^ clkbuf_0_clk/X (sky130_fd_sc_hd__clkbuf_16)
                                         clknet_0_clk (net)
                  0.04    0.00   10.14 ^ clkbuf_1_1__f_clk/A (sky130_fd_sc_hd__clkbuf_16)
     1    0.00    0.03    0.10   10.24 ^ clkbuf_1_1__f_clk/X (sky130_fd_sc_hd__clkbuf_16)
                                         clknet_1_1__leaf_clk (net)
                  0.03    0.00   10.24 ^ _16_/CLK (sky130_fd_sc_hd__dfrtp_1)
                         -0.25    9.99   clock uncertainty
                          0.00    9.99   clock reconvergence pessimism
                          0.23   10.22   library recovery time
                                 10.22   data required time
-----------------------------------------------------------------------------
                                 10.22   data required time
                                 -2.19   data arrival time
-----------------------------------------------------------------------------
                                  8.02   slack (MET)


Startpoint: reset (input port clocked by clk)
Endpoint: _15_ (recovery check against rising-edge clock clk)
Path Group: asynchronous
Path Type: max

Fanout     Cap    Slew   Delay    Time   Description
-----------------------------------------------------------------------------
                          0.00    0.00   clock clk (rise edge)
                          0.00    0.00   clock network delay (propagated)
                          2.00    2.00 v input external delay
     1    0.00    0.01    0.01    2.01 v reset (in)
                                         reset (net)
                  0.01    0.00    2.01 v input2/A (sky130_fd_sc_hd__buf_1)
     2    0.01    0.08    0.12    2.13 v input2/X (sky130_fd_sc_hd__buf_1)
                                         net2 (net)
                  0.08    0.00    2.13 v _13_/A (sky130_fd_sc_hd__inv_2)
     1    0.00    0.04    0.06    2.19 ^ _13_/Y (sky130_fd_sc_hd__inv_2)
                                         _00_ (net)
                  0.04    0.00    2.19 ^ _15_/RESET_B (sky130_fd_sc_hd__dfrtp_1)
                                  2.19   data arrival time

                         10.00   10.00   clock clk (rise edge)
                          0.00   10.00   clock source latency
     1    0.01    0.04    0.03   10.03 ^ clk (in)
                                         clk (net)
                  0.04    0.00   10.03 ^ clkbuf_0_clk/A (sky130_fd_sc_hd__clkbuf_16)
     2    0.02    0.04    0.11   10.14 ^ clkbuf_0_clk/X (sky130_fd_sc_hd__clkbuf_16)
                                         clknet_0_clk (net)
                  0.04    0.00   10.14 ^ clkbuf_1_0__f_clk/A (sky130_fd_sc_hd__clkbuf_16)
     1    0.00    0.03    0.10   10.24 ^ clkbuf_1_0__f_clk/X (sky130_fd_sc_hd__clkbuf_16)
                                         clknet_1_0__leaf_clk (net)
                  0.03    0.00   10.24 ^ _15_/CLK (sky130_fd_sc_hd__dfrtp_1)
                         -0.25    9.99   clock uncertainty
                          0.00    9.99   clock reconvergence pessimism
                          0.23   10.22   library recovery time
                                 10.22   data required time
-----------------------------------------------------------------------------
                                 10.22   data required time
                                 -2.19   data arrival time
-----------------------------------------------------------------------------
                                  8.03   slack (MET)



worst slack corner Typical: 5.0426
max_report_end
checks_report

===========================================================================
report_checks -unconstrained
===========================================================================
======================= Typical Corner ===================================

Startpoint: reset (input port clocked by clk)
Endpoint: _16_ (recovery check against rising-edge clock clk)
Path Group: asynchronous
Path Type: max

Fanout     Cap    Slew   Delay    Time   Description
-----------------------------------------------------------------------------
                          0.00    0.00   clock clk (rise edge)
                          0.00    0.00   clock network delay (propagated)
                          2.00    2.00 v input external delay
     1    0.00    0.01    0.01    2.01 v reset (in)
                                         reset (net)
                  0.01    0.00    2.01 v input2/A (sky130_fd_sc_hd__buf_1)
     2    0.01    0.08    0.12    2.13 v input2/X (sky130_fd_sc_hd__buf_1)
                                         net2 (net)
                  0.08    0.00    2.13 v _14_/A (sky130_fd_sc_hd__inv_2)
     1    0.01    0.04    0.07    2.19 ^ _14_/Y (sky130_fd_sc_hd__inv_2)
                                         _01_ (net)
                  0.04    0.00    2.19 ^ _16_/RESET_B (sky130_fd_sc_hd__dfrtp_1)
                                  2.19   data arrival time

                         10.00   10.00   clock clk (rise edge)
                          0.00   10.00   clock source latency
     1    0.01    0.04    0.03   10.03 ^ clk (in)
                                         clk (net)
                  0.04    0.00   10.03 ^ clkbuf_0_clk/A (sky130_fd_sc_hd__clkbuf_16)
     2    0.02    0.04    0.11   10.14 ^ clkbuf_0_clk/X (sky130_fd_sc_hd__clkbuf_16)
                                         clknet_0_clk (net)
                  0.04    0.00   10.14 ^ clkbuf_1_1__f_clk/A (sky130_fd_sc_hd__clkbuf_16)
     1    0.00    0.03    0.10   10.24 ^ clkbuf_1_1__f_clk/X (sky130_fd_sc_hd__clkbuf_16)
                                         clknet_1_1__leaf_clk (net)
                  0.03    0.00   10.24 ^ _16_/CLK (sky130_fd_sc_hd__dfrtp_1)
                         -0.25    9.99   clock uncertainty
                          0.00    9.99   clock reconvergence pessimism
                          0.23   10.22   library recovery time
                                 10.22   data required time
-----------------------------------------------------------------------------
                                 10.22   data required time
                                 -2.19   data arrival time
-----------------------------------------------------------------------------
                                  8.02   slack (MET)


Startpoint: din (input port clocked by clk)
Endpoint: dout (output port clocked by clk)
Path Group: clk
Path Type: max

Fanout     Cap    Slew   Delay    Time   Description
-----------------------------------------------------------------------------
                          0.00    0.00   clock clk (rise edge)
                          0.00    0.00   clock network delay (propagated)
                          2.00    2.00 ^ input external delay
     1    0.01    0.03    0.02    2.02 ^ din (in)
                                         din (net)
                  0.03    0.00    2.02 ^ input1/A (sky130_fd_sc_hd__buf_1)
     4    0.02    0.19    0.18    2.21 ^ input1/X (sky130_fd_sc_hd__buf_1)
                                         net1 (net)
                  0.19    0.00    2.21 ^ _11_/A_N (sky130_fd_sc_hd__and3b_1)
     1    0.00    0.04    0.22    2.42 v _11_/X (sky130_fd_sc_hd__and3b_1)
                                         _05_ (net)
                  0.04    0.00    2.42 v _12_/A (sky130_fd_sc_hd__clkbuf_1)
     1    0.00    0.04    0.10    2.52 v _12_/X (sky130_fd_sc_hd__clkbuf_1)
                                         net3 (net)
                  0.04    0.00    2.52 v output3/A (sky130_fd_sc_hd__buf_2)
     1    0.03    0.09    0.18    2.71 v output3/X (sky130_fd_sc_hd__buf_2)
                                         dout (net)
                  0.09    0.00    2.71 v dout (out)
                                  2.71   data arrival time

                         10.00   10.00   clock clk (rise edge)
                          0.00   10.00   clock network delay (propagated)
                         -0.25    9.75   clock uncertainty
                          0.00    9.75   clock reconvergence pessimism
                         -2.00    7.75   output external delay
                                  7.75   data required time
-----------------------------------------------------------------------------
                                  7.75   data required time
                                 -2.71   data arrival time
-----------------------------------------------------------------------------
                                  5.04   slack (MET)




===========================================================================
report_checks --slack_max -0.01
============================================================================
======================= Typical Corner ===================================

No paths found.


===========================================================================
 report_check_types -max_slew -max_cap -max_fanout -violators
============================================================================
======================= Typical Corner ===================================


max slew violations count Typical: 0
max fanout violations count Typical: 0
max cap violations count Typical: 0

===========================================================================
report_parasitic_annotation -report_unannotated
============================================================================
Found 0 unannotated drivers.
Found 2 partially unannotated drivers.
 clk
 clkbuf_0_clk/X

===========================================================================
max slew violation count 0
max fanout violation count 0
max cap violation count 0
============================================================================

===========================================================================
check_setup -verbose -unconstrained_endpoints -multiple_clock -no_clock -no_input_delay -loops -generated_clocks
===========================================================================
checks_report_end
power_report

===========================================================================
 report_power
============================================================================
======================= Typical Corner ===================================

Group                  Internal  Switching    Leakage      Total
                          Power      Power      Power      Power (Watts)
----------------------------------------------------------------
Sequential             8.67e-06   3.00e-07   2.43e-11   8.97e-06  12.9%
Combinational          1.77e-06   1.53e-06   4.64e-11   3.30e-06   4.7%
Clock                  5.05e-05   6.93e-06   2.18e-10   5.74e-05  82.4%
Macro                  0.00e+00   0.00e+00   0.00e+00   0.00e+00   0.0%
Pad                    0.00e+00   0.00e+00   0.00e+00   0.00e+00   0.0%
----------------------------------------------------------------
Total                  6.10e-05   8.76e-06   2.89e-10   6.97e-05 100.0%
                          87.4%      12.6%       0.0%

power_report_end
skew_report

===========================================================================
report_clock_skew
============================================================================
Clock clk
   0.27 source latency _15_/CLK ^
  -0.24 target latency _16_/CLK ^
   0.25 clock uncertainty
  -0.01 CRPR
--------------
   0.26 setup skew

skew_report_end
summary_report

===========================================================================
report_tns
============================================================================
tns 0.00

===========================================================================
report_wns
============================================================================
wns 0.00

===========================================================================
report_worst_slack -max (Setup)
============================================================================
worst slack 5.04

===========================================================================
report_worst_slack -min (Hold)
============================================================================
worst slack 0.78
summary_report_end
area_report

===========================================================================
report_design_area
============================================================================
Design area 324 u^2 5% utilization.
area_report_end
check_nonpropagated_clocks
check_nonpropagated_clocks_end
[WARNING] Did not save OpenROAD database!
Writing SDF to '/openlane/designs/seq_detector/runs/RUN_2025.05.06_16.09.42/results/signoff/seq_detector_mealy.sdf'…
Writing timing model to '/openlane/designs/seq_detector/runs/RUN_2025.05.06_16.09.42/results/signoff/seq_detector_mealy.lib'…
