
===========================================================================
 report_power
============================================================================
======================= Fastest Corner ===================================

Group                  Internal  Switching    Leakage      Total
                          Power      Power      Power      Power (Watts)
----------------------------------------------------------------
Sequential             1.01e-05   3.73e-07   7.64e-09   1.05e-05  12.9%
Combinational          2.04e-06   1.72e-06   1.13e-10   3.76e-06   4.6%
Clock                  5.82e-05   8.83e-06   6.62e-10   6.70e-05  82.5%
Macro                  0.00e+00   0.00e+00   0.00e+00   0.00e+00   0.0%
Pad                    0.00e+00   0.00e+00   0.00e+00   0.00e+00   0.0%
----------------------------------------------------------------
Total                  7.03e-05   1.09e-05   8.41e-09   8.13e-05 100.0%
                          86.5%      13.4%       0.0%

======================= Slowest Corner ===================================

Group                  Internal  Switching    Leakage      Total
                          Power      Power      Power      Power (Watts)
----------------------------------------------------------------
Sequential             6.80e-06   2.40e-07   3.77e-08   7.08e-06  12.5%
Combinational          1.41e-06   1.13e-06   7.49e-08   2.61e-06   4.6%
Clock                  4.10e-05   5.81e-06   5.75e-08   4.69e-05  82.9%
Macro                  0.00e+00   0.00e+00   0.00e+00   0.00e+00   0.0%
Pad                    0.00e+00   0.00e+00   0.00e+00   0.00e+00   0.0%
----------------------------------------------------------------
Total                  4.92e-05   7.18e-06   1.70e-07   5.65e-05 100.0%
                          87.0%      12.7%       0.3%

======================= Typical Corner ===================================

Group                  Internal  Switching    Leakage      Total
                          Power      Power      Power      Power (Watts)
----------------------------------------------------------------
Sequential             8.67e-06   3.10e-07   7.63e-09   8.99e-06  12.8%
Combinational          1.77e-06   1.45e-06   4.64e-11   3.22e-06   4.6%
Clock                  5.05e-05   7.43e-06   5.08e-10   5.79e-05  82.6%
Macro                  0.00e+00   0.00e+00   0.00e+00   0.00e+00   0.0%
Pad                    0.00e+00   0.00e+00   0.00e+00   0.00e+00   0.0%
----------------------------------------------------------------
Total                  6.10e-05   9.19e-06   8.19e-09   7.02e-05 100.0%
                          86.9%      13.1%       0.0%

