
===========================================================================
report_checks -unconstrained
===========================================================================
======================= Fastest Corner ===================================

Startpoint: reset (input port clocked by clk)
Endpoint: _16_ (recovery check against rising-edge clock clk)
Path Group: asynchronous
Path Type: max
Corner: Fastest

Fanout     Cap    Slew   Delay    Time   Description
-----------------------------------------------------------------------------
                          0.00    0.00   clock clk (rise edge)
                          0.00    0.00   clock network delay (propagated)
                          2.00    2.00 v input external delay
     1    0.00    0.00    0.00    2.00 v reset (in)
                                         reset (net)
                  0.00    0.00    2.00 v input2/A (sky130_fd_sc_hd__buf_1)
     2    0.01    0.05    0.08    2.08 v input2/X (sky130_fd_sc_hd__buf_1)
                                         net2 (net)
                  0.05    0.00    2.08 v _14_/A (sky130_fd_sc_hd__inv_2)
     1    0.00    0.03    0.04    2.13 ^ _14_/Y (sky130_fd_sc_hd__inv_2)
                                         _01_ (net)
                  0.03    0.00    2.13 ^ _16_/RESET_B (sky130_fd_sc_hd__dfrtp_1)
                                  2.13   data arrival time

                         10.00   10.00   clock clk (rise edge)
                          0.00   10.00   clock source latency
     1    0.01    0.05    0.03   10.03 ^ clk (in)
                                         clk (net)
                  0.05    0.00   10.03 ^ clkbuf_0_clk/A (sky130_fd_sc_hd__clkbuf_16)
     2    0.02    0.03    0.08   10.11 ^ clkbuf_0_clk/X (sky130_fd_sc_hd__clkbuf_16)
                                         clknet_0_clk (net)
                  0.03    0.00   10.11 ^ clkbuf_1_1__f_clk/A (sky130_fd_sc_hd__clkbuf_16)
     1    0.00    0.02    0.07   10.18 ^ clkbuf_1_1__f_clk/X (sky130_fd_sc_hd__clkbuf_16)
                                         clknet_1_1__leaf_clk (net)
                  0.02    0.00   10.18 ^ _16_/CLK (sky130_fd_sc_hd__dfrtp_1)
                         -0.25    9.93   clock uncertainty
                          0.00    9.93   clock reconvergence pessimism
                          0.14   10.07   library recovery time
                                 10.07   data required time
-----------------------------------------------------------------------------
                                 10.07   data required time
                                 -2.13   data arrival time
-----------------------------------------------------------------------------
                                  7.95   slack (MET)


Startpoint: din (input port clocked by clk)
Endpoint: dout (output port clocked by clk)
Path Group: clk
Path Type: max
Corner: Fastest

Fanout     Cap    Slew   Delay    Time   Description
-----------------------------------------------------------------------------
                          0.00    0.00   clock clk (rise edge)
                          0.00    0.00   clock network delay (propagated)
                          2.00    2.00 v input external delay
     1    0.00    0.00    0.00    2.00 v din (in)
                                         din (net)
                  0.00    0.00    2.00 v input1/A (sky130_fd_sc_hd__buf_1)
     4    0.02    0.06    0.09    2.09 v input1/X (sky130_fd_sc_hd__buf_1)
                                         net1 (net)
                  0.06    0.00    2.09 v _11_/A_N (sky130_fd_sc_hd__and3b_1)
     1    0.00    0.04    0.14    2.24 ^ _11_/X (sky130_fd_sc_hd__and3b_1)
                                         _05_ (net)
                  0.04    0.00    2.24 ^ _12_/A (sky130_fd_sc_hd__clkbuf_1)
     1    0.00    0.05    0.07    2.30 ^ _12_/X (sky130_fd_sc_hd__clkbuf_1)
                                         net3 (net)
                  0.05    0.00    2.30 ^ output3/A (sky130_fd_sc_hd__buf_2)
     1    0.03    0.13    0.15    2.45 ^ output3/X (sky130_fd_sc_hd__buf_2)
                                         dout (net)
                  0.13    0.00    2.45 ^ dout (out)
                                  2.45   data arrival time

                         10.00   10.00   clock clk (rise edge)
                          0.00   10.00   clock network delay (propagated)
                         -0.25    9.75   clock uncertainty
                          0.00    9.75   clock reconvergence pessimism
                         -2.00    7.75   output external delay
                                  7.75   data required time
-----------------------------------------------------------------------------
                                  7.75   data required time
                                 -2.45   data arrival time
-----------------------------------------------------------------------------
                                  5.30   slack (MET)



======================= Slowest Corner ===================================

Startpoint: reset (input port clocked by clk)
Endpoint: _16_ (recovery check against rising-edge clock clk)
Path Group: asynchronous
Path Type: max
Corner: Slowest

Fanout     Cap    Slew   Delay    Time   Description
-----------------------------------------------------------------------------
                          0.00    0.00   clock clk (rise edge)
                          0.00    0.00   clock network delay (propagated)
                          2.00    2.00 v input external delay
     1    0.00    0.02    0.01    2.01 v reset (in)
                                         reset (net)
                  0.02    0.00    2.01 v input2/A (sky130_fd_sc_hd__buf_1)
     2    0.01    0.15    0.23    2.24 v input2/X (sky130_fd_sc_hd__buf_1)
                                         net2 (net)
                  0.15    0.00    2.24 v _14_/A (sky130_fd_sc_hd__inv_2)
     1    0.00    0.06    0.11    2.35 ^ _14_/Y (sky130_fd_sc_hd__inv_2)
                                         _01_ (net)
                  0.06    0.00    2.35 ^ _16_/RESET_B (sky130_fd_sc_hd__dfrtp_1)
                                  2.35   data arrival time

                         10.00   10.00   clock clk (rise edge)
                          0.00   10.00   clock source latency
     1    0.01    0.10    0.06   10.06 ^ clk (in)
                                         clk (net)
                  0.10    0.00   10.06 ^ clkbuf_0_clk/A (sky130_fd_sc_hd__clkbuf_16)
     2    0.02    0.06    0.22   10.28 ^ clkbuf_0_clk/X (sky130_fd_sc_hd__clkbuf_16)
                                         clknet_0_clk (net)
                  0.06    0.00   10.28 ^ clkbuf_1_1__f_clk/A (sky130_fd_sc_hd__clkbuf_16)
     1    0.00    0.04    0.18   10.46 ^ clkbuf_1_1__f_clk/X (sky130_fd_sc_hd__clkbuf_16)
                                         clknet_1_1__leaf_clk (net)
                  0.04    0.00   10.46 ^ _16_/CLK (sky130_fd_sc_hd__dfrtp_1)
                         -0.25   10.21   clock uncertainty
                          0.00   10.21   clock reconvergence pessimism
                          0.46   10.67   library recovery time
                                 10.67   data required time
-----------------------------------------------------------------------------
                                 10.67   data required time
                                 -2.35   data arrival time
-----------------------------------------------------------------------------
                                  8.32   slack (MET)


Startpoint: din (input port clocked by clk)
Endpoint: dout (output port clocked by clk)
Path Group: clk
Path Type: max
Corner: Slowest

Fanout     Cap    Slew   Delay    Time   Description
-----------------------------------------------------------------------------
                          0.00    0.00   clock clk (rise edge)
                          0.00    0.00   clock network delay (propagated)
                          2.00    2.00 ^ input external delay
     1    0.00    0.03    0.02    2.02 ^ din (in)
                                         din (net)
                  0.03    0.00    2.02 ^ input1/A (sky130_fd_sc_hd__buf_1)
     4    0.02    0.31    0.32    2.34 ^ input1/X (sky130_fd_sc_hd__buf_1)
                                         net1 (net)
                  0.31    0.00    2.34 ^ _11_/A_N (sky130_fd_sc_hd__and3b_1)
     1    0.00    0.07    0.46    2.80 v _11_/X (sky130_fd_sc_hd__and3b_1)
                                         _05_ (net)
                  0.07    0.00    2.80 v _12_/A (sky130_fd_sc_hd__clkbuf_1)
     1    0.00    0.07    0.18    2.98 v _12_/X (sky130_fd_sc_hd__clkbuf_1)
                                         net3 (net)
                  0.07    0.00    2.98 v output3/A (sky130_fd_sc_hd__buf_2)
     1    0.03    0.16    0.36    3.34 v output3/X (sky130_fd_sc_hd__buf_2)
                                         dout (net)
                  0.16    0.00    3.34 v dout (out)
                                  3.34   data arrival time

                         10.00   10.00   clock clk (rise edge)
                          0.00   10.00   clock network delay (propagated)
                         -0.25    9.75   clock uncertainty
                          0.00    9.75   clock reconvergence pessimism
                         -2.00    7.75   output external delay
                                  7.75   data required time
-----------------------------------------------------------------------------
                                  7.75   data required time
                                 -3.34   data arrival time
-----------------------------------------------------------------------------
                                  4.41   slack (MET)



======================= Typical Corner ===================================

Startpoint: reset (input port clocked by clk)
Endpoint: _16_ (recovery check against rising-edge clock clk)
Path Group: asynchronous
Path Type: max
Corner: Typical

Fanout     Cap    Slew   Delay    Time   Description
-----------------------------------------------------------------------------
                          0.00    0.00   clock clk (rise edge)
                          0.00    0.00   clock network delay (propagated)
                          2.00    2.00 v input external delay
     1    0.00    0.01    0.00    2.00 v reset (in)
                                         reset (net)
                  0.01    0.00    2.00 v input2/A (sky130_fd_sc_hd__buf_1)
     2    0.01    0.08    0.12    2.12 v input2/X (sky130_fd_sc_hd__buf_1)
                                         net2 (net)
                  0.08    0.00    2.12 v _14_/A (sky130_fd_sc_hd__inv_2)
     1    0.00    0.04    0.06    2.19 ^ _14_/Y (sky130_fd_sc_hd__inv_2)
                                         _01_ (net)
                  0.04    0.00    2.19 ^ _16_/RESET_B (sky130_fd_sc_hd__dfrtp_1)
                                  2.19   data arrival time

                         10.00   10.00   clock clk (rise edge)
                          0.00   10.00   clock source latency
     1    0.01    0.06    0.04   10.04 ^ clk (in)
                                         clk (net)
                  0.06    0.00   10.04 ^ clkbuf_0_clk/A (sky130_fd_sc_hd__clkbuf_16)
     2    0.02    0.04    0.12   10.16 ^ clkbuf_0_clk/X (sky130_fd_sc_hd__clkbuf_16)
                                         clknet_0_clk (net)
                  0.04    0.00   10.16 ^ clkbuf_1_1__f_clk/A (sky130_fd_sc_hd__clkbuf_16)
     1    0.00    0.03    0.10   10.26 ^ clkbuf_1_1__f_clk/X (sky130_fd_sc_hd__clkbuf_16)
                                         clknet_1_1__leaf_clk (net)
                  0.03    0.00   10.26 ^ _16_/CLK (sky130_fd_sc_hd__dfrtp_1)
                         -0.25   10.01   clock uncertainty
                          0.00   10.01   clock reconvergence pessimism
                          0.23   10.24   library recovery time
                                 10.24   data required time
-----------------------------------------------------------------------------
                                 10.24   data required time
                                 -2.19   data arrival time
-----------------------------------------------------------------------------
                                  8.05   slack (MET)


Startpoint: din (input port clocked by clk)
Endpoint: dout (output port clocked by clk)
Path Group: clk
Path Type: max
Corner: Typical

Fanout     Cap    Slew   Delay    Time   Description
-----------------------------------------------------------------------------
                          0.00    0.00   clock clk (rise edge)
                          0.00    0.00   clock network delay (propagated)
                          2.00    2.00 v input external delay
     1    0.00    0.01    0.00    2.00 v din (in)
                                         din (net)
                  0.01    0.00    2.00 v input1/A (sky130_fd_sc_hd__buf_1)
     4    0.02    0.10    0.13    2.14 v input1/X (sky130_fd_sc_hd__buf_1)
                                         net1 (net)
                  0.10    0.00    2.14 v _11_/A_N (sky130_fd_sc_hd__and3b_1)
     1    0.00    0.05    0.23    2.37 ^ _11_/X (sky130_fd_sc_hd__and3b_1)
                                         _05_ (net)
                  0.05    0.00    2.37 ^ _12_/A (sky130_fd_sc_hd__clkbuf_1)
     1    0.00    0.07    0.10    2.47 ^ _12_/X (sky130_fd_sc_hd__clkbuf_1)
                                         net3 (net)
                  0.07    0.00    2.47 ^ output3/A (sky130_fd_sc_hd__buf_2)
     1    0.03    0.17    0.22    2.69 ^ output3/X (sky130_fd_sc_hd__buf_2)
                                         dout (net)
                  0.17    0.00    2.69 ^ dout (out)
                                  2.69   data arrival time

                         10.00   10.00   clock clk (rise edge)
                          0.00   10.00   clock network delay (propagated)
                         -0.25    9.75   clock uncertainty
                          0.00    9.75   clock reconvergence pessimism
                         -2.00    7.75   output external delay
                                  7.75   data required time
-----------------------------------------------------------------------------
                                  7.75   data required time
                                 -2.69   data arrival time
-----------------------------------------------------------------------------
                                  5.06   slack (MET)




===========================================================================
report_checks --slack_max -0.01
============================================================================
======================= Fastest Corner ===================================

No paths found.

======================= Slowest Corner ===================================

No paths found.

======================= Typical Corner ===================================

No paths found.


===========================================================================
 report_check_types -max_slew -max_cap -max_fanout -violators
============================================================================
======================= Fastest Corner ===================================


max slew violations count Fastest: 0
max fanout violations count Fastest: 0
max cap violations count Fastest: 0
======================= Slowest Corner ===================================


max slew violations count Slowest: 0
max fanout violations count Slowest: 0
max cap violations count Slowest: 0
======================= Typical Corner ===================================


max slew violations count Typical: 0
max fanout violations count Typical: 0
max cap violations count Typical: 0

===========================================================================
report_parasitic_annotation -report_unannotated
============================================================================
Found 0 unannotated drivers.
Found 0 partially unannotated drivers.

===========================================================================
max slew violation count 0
max fanout violation count 0
max cap violation count 0
============================================================================

===========================================================================
check_setup -verbose -unconstrained_endpoints -multiple_clock -no_clock -no_input_delay -loops -generated_clocks
===========================================================================
