
 /----------------------------------------------------------------------------\
 |                                                                            |
 |  yosys -- Yosys Open SYnthesis Suite                                       |
 |                                                                            |
 |  Copyright (C) 2012 - 2020  Claire Xenia Wolf <claire@yosyshq.com>         |
 |                                                                            |
 |  Permission to use, copy, modify, and/or distribute this software for any  |
 |  purpose with or without fee is hereby granted, provided that the above    |
 |  copyright notice and this permission notice appear in all copies.         |
 |                                                                            |
 |  THE SOFTWARE IS PROVIDED "AS IS" AND THE AUTHOR DISCLAIMS ALL WARRANTIES  |
 |  WITH REGARD TO THIS SOFTWARE INCLUDING ALL IMPLIED WARRANTIES OF          |
 |  MERCHANTABILITY AND FITNESS. IN NO EVENT SHALL THE AUTHOR BE LIABLE FOR   |
 |  ANY SPECIAL, DIRECT, INDIRECT, OR CONSEQUENTIAL DAMAGES OR ANY DAMAGES    |
 |  WHATSOEVER RESULTING FROM LOSS OF USE, DATA OR PROFITS, WHETHER IN AN     |
 |  ACTION OF CONTRACT, NEGLIGENCE OR OTHER TORTIOUS ACTION, ARISING OUT OF   |
 |  OR IN CONNECTION WITH THE USE OR PERFORMANCE OF THIS SOFTWARE.            |
 |                                                                            |
 \----------------------------------------------------------------------------/

 Yosys 0.38 (git sha1 543faed9c8c, clang++ 17.0.6 -fPIC -Os)

[TCL: yosys -import] Command name collision: found pre-existing command `cd' -> skip.
[TCL: yosys -import] Command name collision: found pre-existing command `eval' -> skip.
[TCL: yosys -import] Command name collision: found pre-existing command `exec' -> skip.
[TCL: yosys -import] Command name collision: found pre-existing command `read' -> skip.
[TCL: yosys -import] Command name collision: found pre-existing command `trace' -> skip.

1. Executing Liberty frontend: /home/amit/.volare/volare/sky130/versions/bdc9412b3e468c102d01b7cf6337be06ec6e9c9a/sky130A/libs.ref/sky130_fd_sc_hd/lib/sky130_fd_sc_hd__tt_025C_1v80.lib
Imported 428 cell types from liberty file.

2. Executing Verilog-2005 frontend: designs/seq_detector/src/seq_detector_mealy.v
Parsing SystemVerilog input from `designs/seq_detector/src/seq_detector_mealy.v' to AST representation.
Storing AST representation for module `$abstract\seq_detector_mealy'.
Successfully finished Verilog frontend.

3. Executing HIERARCHY pass (managing design hierarchy).

4. Executing AST frontend in derive mode using pre-parsed AST for module `\seq_detector_mealy'.
Generating RTLIL representation for module `\seq_detector_mealy'.

4.1. Analyzing design hierarchy..
Top module:  \seq_detector_mealy

4.2. Analyzing design hierarchy..
Top module:  \seq_detector_mealy
Removing unused module `$abstract\seq_detector_mealy'.
Removed 1 unused modules.

5. Generating Graphviz representation of design.
Writing dot description to `/openlane/designs/seq_detector/runs/RUN_2025.05.06_16.09.42/tmp/synthesis/hierarchy.dot'.
Dumping module seq_detector_mealy to page 1.
Renaming module seq_detector_mealy to seq_detector_mealy.

6. Executing TRIBUF pass.

7. Executing HIERARCHY pass (managing design hierarchy).

7.1. Analyzing design hierarchy..
Top module:  \seq_detector_mealy

7.2. Analyzing design hierarchy..
Top module:  \seq_detector_mealy
Removed 0 unused modules.

8. Executing PROC_CLEAN pass (remove empty switches from decision trees).
Cleaned up 0 empty switches.

9. Executing PROC_RMDEAD pass (remove dead branches from decision trees).
Removed 1 dead cases from process $proc$designs/seq_detector/src/seq_detector_mealy.v:24$2 in module seq_detector_mealy.
Marked 1 switch rules as full_case in process $proc$designs/seq_detector/src/seq_detector_mealy.v:24$2 in module seq_detector_mealy.
Marked 1 switch rules as full_case in process $proc$designs/seq_detector/src/seq_detector_mealy.v:16$1 in module seq_detector_mealy.
Removed a total of 1 dead cases.

10. Executing PROC_PRUNE pass (remove redundant assignments in processes).
Removed 1 redundant assignment.
Promoted 2 assignments to connections.

11. Executing PROC_INIT pass (extract init attributes).

12. Executing PROC_ARST pass (detect async resets in processes).
Found async reset \reset in `\seq_detector_mealy.$proc$designs/seq_detector/src/seq_detector_mealy.v:16$1'.

13. Executing PROC_ROM pass (convert switches to ROMs).
Converted 0 switches.
<suppressed ~1 debug messages>

14. Executing PROC_MUX pass (convert decision trees to multiplexers).
Creating decoders for process `\seq_detector_mealy.$proc$designs/seq_detector/src/seq_detector_mealy.v:24$2'.
     1/2: $1\next_state[1:0]
     2/2: $1\dout[0:0]
Creating decoders for process `\seq_detector_mealy.$proc$designs/seq_detector/src/seq_detector_mealy.v:16$1'.
     1/1: $0\state[1:0]

15. Executing PROC_DLATCH pass (convert process syncs to latches).
No latch inferred for signal `\seq_detector_mealy.\dout' from process `\seq_detector_mealy.$proc$designs/seq_detector/src/seq_detector_mealy.v:24$2'.
No latch inferred for signal `\seq_detector_mealy.\next_state' from process `\seq_detector_mealy.$proc$designs/seq_detector/src/seq_detector_mealy.v:24$2'.

16. Executing PROC_DFF pass (convert process syncs to FFs).
Creating register for signal `\seq_detector_mealy.\state' using process `\seq_detector_mealy.$proc$designs/seq_detector/src/seq_detector_mealy.v:16$1'.
  created $adff cell `$procdff$19' with positive edge clock and positive level reset.

17. Executing PROC_MEMWR pass (convert process memory writes to cells).

18. Executing PROC_CLEAN pass (remove empty switches from decision trees).
Found and cleaned up 1 empty switch in `\seq_detector_mealy.$proc$designs/seq_detector/src/seq_detector_mealy.v:24$2'.
Removing empty process `seq_detector_mealy.$proc$designs/seq_detector/src/seq_detector_mealy.v:24$2'.
Removing empty process `seq_detector_mealy.$proc$designs/seq_detector/src/seq_detector_mealy.v:16$1'.
Cleaned up 1 empty switch.

19. Executing CHECK pass (checking for obvious problems).
Checking module seq_detector_mealy...
Found and reported 0 problems.

20. Executing OPT_EXPR pass (perform const folding).
Optimizing module seq_detector_mealy.
<suppressed ~4 debug messages>

21. Executing FLATTEN pass (flatten design).

22. Executing OPT_EXPR pass (perform const folding).
Optimizing module seq_detector_mealy.

23. Executing OPT_CLEAN pass (remove unused cells and wires).
Finding unused cells or wires in module \seq_detector_mealy..
Removed 1 unused cells and 8 unused wires.
<suppressed ~2 debug messages>

24. Executing OPT pass (performing simple optimizations).

24.1. Executing OPT_EXPR pass (perform const folding).
Optimizing module seq_detector_mealy.

24.2. Executing OPT_MERGE pass (detect identical cells).
Finding identical cells in module `\seq_detector_mealy'.
<suppressed ~12 debug messages>
Removed a total of 4 cells.

24.3. Executing OPT_MUXTREE pass (detect dead branches in mux trees).
Running muxtree optimizer on module \seq_detector_mealy..
  Creating internal representation of mux trees.
  Evaluating internal representation of mux trees.
  Analyzing evaluation results.
Removed 0 multiplexer ports.
<suppressed ~2 debug messages>

24.4. Executing OPT_REDUCE pass (consolidate $*mux and $reduce_* inputs).
  Optimizing cells in module \seq_detector_mealy.
    New ctrl vector for $pmux cell $procmux$14: { $auto$opt_reduce.cc:134:opt_pmux$21 $procmux$10_CMP }
  Optimizing cells in module \seq_detector_mealy.
Performed a total of 1 changes.

24.5. Executing OPT_MERGE pass (detect identical cells).
Finding identical cells in module `\seq_detector_mealy'.
<suppressed ~3 debug messages>
Removed a total of 1 cells.

24.6. Executing OPT_DFF pass (perform DFF optimizations).

24.7. Executing OPT_CLEAN pass (remove unused cells and wires).
Finding unused cells or wires in module \seq_detector_mealy..
Removed 0 unused cells and 5 unused wires.
<suppressed ~1 debug messages>

24.8. Executing OPT_EXPR pass (perform const folding).
Optimizing module seq_detector_mealy.

24.9. Rerunning OPT passes. (Maybe there is more to do..)

24.10. Executing OPT_MUXTREE pass (detect dead branches in mux trees).
Running muxtree optimizer on module \seq_detector_mealy..
  Creating internal representation of mux trees.
  Evaluating internal representation of mux trees.
  Analyzing evaluation results.
Removed 0 multiplexer ports.
<suppressed ~2 debug messages>

24.11. Executing OPT_REDUCE pass (consolidate $*mux and $reduce_* inputs).
  Optimizing cells in module \seq_detector_mealy.
    New ctrl vector for $pmux cell $procmux$9: { $procmux$13_CMP $procmux$11_CMP $auto$opt_reduce.cc:134:opt_pmux$23 }
  Optimizing cells in module \seq_detector_mealy.
Performed a total of 1 changes.

24.12. Executing OPT_MERGE pass (detect identical cells).
Finding identical cells in module `\seq_detector_mealy'.
Removed a total of 0 cells.

24.13. Executing OPT_DFF pass (perform DFF optimizations).

24.14. Executing OPT_CLEAN pass (remove unused cells and wires).
Finding unused cells or wires in module \seq_detector_mealy..

24.15. Executing OPT_EXPR pass (perform const folding).
Optimizing module seq_detector_mealy.

24.16. Rerunning OPT passes. (Maybe there is more to do..)

24.17. Executing OPT_MUXTREE pass (detect dead branches in mux trees).
Running muxtree optimizer on module \seq_detector_mealy..
  Creating internal representation of mux trees.
  Evaluating internal representation of mux trees.
  Analyzing evaluation results.
Removed 0 multiplexer ports.
<suppressed ~2 debug messages>

24.18. Executing OPT_REDUCE pass (consolidate $*mux and $reduce_* inputs).
  Optimizing cells in module \seq_detector_mealy.
Performed a total of 0 changes.

24.19. Executing OPT_MERGE pass (detect identical cells).
Finding identical cells in module `\seq_detector_mealy'.
Removed a total of 0 cells.

24.20. Executing OPT_DFF pass (perform DFF optimizations).

24.21. Executing OPT_CLEAN pass (remove unused cells and wires).
Finding unused cells or wires in module \seq_detector_mealy..

24.22. Executing OPT_EXPR pass (perform const folding).
Optimizing module seq_detector_mealy.

24.23. Finished OPT passes. (There is nothing left to do.)

25. Executing FSM pass (extract and optimize FSM).

25.1. Executing FSM_DETECT pass (finding FSMs in design).
Not marking seq_detector_mealy.state as FSM state register:
    Circuit seems to be self-resetting.

25.2. Executing FSM_EXTRACT pass (extracting FSM from design).

25.3. Executing FSM_OPT pass (simple optimizations of FSMs).

25.4. Executing OPT_CLEAN pass (remove unused cells and wires).
Finding unused cells or wires in module \seq_detector_mealy..

25.5. Executing FSM_OPT pass (simple optimizations of FSMs).

25.6. Executing FSM_RECODE pass (re-assigning FSM state encoding).

25.7. Executing FSM_INFO pass (dumping all available information on FSM cells).

25.8. Executing FSM_MAP pass (mapping FSMs to basic logic).

26. Executing OPT pass (performing simple optimizations).

26.1. Executing OPT_EXPR pass (perform const folding).
Optimizing module seq_detector_mealy.

26.2. Executing OPT_MERGE pass (detect identical cells).
Finding identical cells in module `\seq_detector_mealy'.
Removed a total of 0 cells.

26.3. Executing OPT_MUXTREE pass (detect dead branches in mux trees).
Running muxtree optimizer on module \seq_detector_mealy..
  Creating internal representation of mux trees.
  Evaluating internal representation of mux trees.
  Analyzing evaluation results.
Removed 0 multiplexer ports.
<suppressed ~2 debug messages>

26.4. Executing OPT_REDUCE pass (consolidate $*mux and $reduce_* inputs).
  Optimizing cells in module \seq_detector_mealy.
Performed a total of 0 changes.

26.5. Executing OPT_MERGE pass (detect identical cells).
Finding identical cells in module `\seq_detector_mealy'.
Removed a total of 0 cells.

26.6. Executing OPT_DFF pass (perform DFF optimizations).

26.7. Executing OPT_CLEAN pass (remove unused cells and wires).
Finding unused cells or wires in module \seq_detector_mealy..

26.8. Executing OPT_EXPR pass (perform const folding).
Optimizing module seq_detector_mealy.

26.9. Finished OPT passes. (There is nothing left to do.)

27. Executing WREDUCE pass (reducing word size of cells).
Removed top 1 bits (of 2) from mux cell seq_detector_mealy.$ternary$designs/seq_detector/src/seq_detector_mealy.v:28$3 ($mux).
Removed top 1 bits (of 2) from port B of cell seq_detector_mealy.$procmux$12_CMP0 ($eq).
Removed top 1 bits (of 2) from wire seq_detector_mealy.$ternary$designs/seq_detector/src/seq_detector_mealy.v:28$3_Y.

28. Executing PEEPOPT pass (run peephole optimizers).

29. Executing OPT_CLEAN pass (remove unused cells and wires).
Finding unused cells or wires in module \seq_detector_mealy..
Removed 0 unused cells and 1 unused wires.
<suppressed ~1 debug messages>

30. Executing ALUMACC pass (create $alu and $macc cells).
Extracting $alu and $macc cells in module seq_detector_mealy:
  created 0 $alu and 0 $macc cells.

31. Executing SHARE pass (SAT-based resource sharing).

32. Executing OPT pass (performing simple optimizations).

32.1. Executing OPT_EXPR pass (perform const folding).
Optimizing module seq_detector_mealy.

32.2. Executing OPT_MERGE pass (detect identical cells).
Finding identical cells in module `\seq_detector_mealy'.
Removed a total of 0 cells.

32.3. Executing OPT_MUXTREE pass (detect dead branches in mux trees).
Running muxtree optimizer on module \seq_detector_mealy..
  Creating internal representation of mux trees.
  Evaluating internal representation of mux trees.
  Analyzing evaluation results.
Removed 0 multiplexer ports.
<suppressed ~2 debug messages>

32.4. Executing OPT_REDUCE pass (consolidate $*mux and $reduce_* inputs).
  Optimizing cells in module \seq_detector_mealy.
Performed a total of 0 changes.

32.5. Executing OPT_MERGE pass (detect identical cells).
Finding identical cells in module `\seq_detector_mealy'.
Removed a total of 0 cells.

32.6. Executing OPT_DFF pass (perform DFF optimizations).

32.7. Executing OPT_CLEAN pass (remove unused cells and wires).
Finding unused cells or wires in module \seq_detector_mealy..

32.8. Executing OPT_EXPR pass (perform const folding).
Optimizing module seq_detector_mealy.

32.9. Finished OPT passes. (There is nothing left to do.)

33. Executing MEMORY pass.

33.1. Executing OPT_MEM pass (optimize memories).
Performed a total of 0 transformations.

33.2. Executing OPT_MEM_PRIORITY pass (removing unnecessary memory write priority relations).
Performed a total of 0 transformations.

33.3. Executing OPT_MEM_FEEDBACK pass (finding memory read-to-write feedback paths).

33.4. Executing MEMORY_BMUX2ROM pass (converting muxes to ROMs).

33.5. Executing MEMORY_DFF pass (merging $dff cells to $memrd).

33.6. Executing OPT_CLEAN pass (remove unused cells and wires).
Finding unused cells or wires in module \seq_detector_mealy..

33.7. Executing MEMORY_SHARE pass (consolidating $memrd/$memwr cells).

33.8. Executing OPT_MEM_WIDEN pass (optimize memories where all ports are wide).
Performed a total of 0 transformations.

33.9. Executing OPT_CLEAN pass (remove unused cells and wires).
Finding unused cells or wires in module \seq_detector_mealy..

33.10. Executing MEMORY_COLLECT pass (generating $mem cells).

34. Executing OPT_CLEAN pass (remove unused cells and wires).
Finding unused cells or wires in module \seq_detector_mealy..

35. Executing OPT pass (performing simple optimizations).

35.1. Executing OPT_EXPR pass (perform const folding).
Optimizing module seq_detector_mealy.
<suppressed ~5 debug messages>

35.2. Executing OPT_MERGE pass (detect identical cells).
Finding identical cells in module `\seq_detector_mealy'.
Removed a total of 0 cells.

35.3. Executing OPT_DFF pass (perform DFF optimizations).

35.4. Executing OPT_CLEAN pass (remove unused cells and wires).
Finding unused cells or wires in module \seq_detector_mealy..
Removed 2 unused cells and 3 unused wires.
<suppressed ~3 debug messages>

35.5. Finished fast OPT passes.

36. Executing MEMORY_MAP pass (converting memories to logic and flip-flops).

37. Executing OPT pass (performing simple optimizations).

37.1. Executing OPT_EXPR pass (perform const folding).
Optimizing module seq_detector_mealy.

37.2. Executing OPT_MERGE pass (detect identical cells).
Finding identical cells in module `\seq_detector_mealy'.
Removed a total of 0 cells.

37.3. Executing OPT_MUXTREE pass (detect dead branches in mux trees).
Running muxtree optimizer on module \seq_detector_mealy..
  Creating internal representation of mux trees.
  Evaluating internal representation of mux trees.
  Analyzing evaluation results.
Removed 0 multiplexer ports.
<suppressed ~1 debug messages>

37.4. Executing OPT_REDUCE pass (consolidate $*mux and $reduce_* inputs).
  Optimizing cells in module \seq_detector_mealy.
    Consolidated identical input bits for $mux cell $ternary$designs/seq_detector/src/seq_detector_mealy.v:34$5:
      Old ports: A=2'00, B=2'11, Y=$ternary$designs/seq_detector/src/seq_detector_mealy.v:34$5_Y
      New ports: A=1'0, B=1'1, Y=$ternary$designs/seq_detector/src/seq_detector_mealy.v:34$5_Y [0]
      New connections: $ternary$designs/seq_detector/src/seq_detector_mealy.v:34$5_Y [1] = $ternary$designs/seq_detector/src/seq_detector_mealy.v:34$5_Y [0]
  Optimizing cells in module \seq_detector_mealy.
Performed a total of 1 changes.

37.5. Executing OPT_MERGE pass (detect identical cells).
Finding identical cells in module `\seq_detector_mealy'.
Removed a total of 0 cells.

37.6. Executing OPT_SHARE pass.

37.7. Executing OPT_DFF pass (perform DFF optimizations).

37.8. Executing OPT_CLEAN pass (remove unused cells and wires).
Finding unused cells or wires in module \seq_detector_mealy..

37.9. Executing OPT_EXPR pass (perform const folding).
Optimizing module seq_detector_mealy.
<suppressed ~1 debug messages>

37.10. Rerunning OPT passes. (Maybe there is more to do..)

37.11. Executing OPT_MUXTREE pass (detect dead branches in mux trees).
Running muxtree optimizer on module \seq_detector_mealy..
  Creating internal representation of mux trees.
  Evaluating internal representation of mux trees.
  Analyzing evaluation results.
Removed 0 multiplexer ports.
<suppressed ~1 debug messages>

37.12. Executing OPT_REDUCE pass (consolidate $*mux and $reduce_* inputs).
  Optimizing cells in module \seq_detector_mealy.
Performed a total of 0 changes.

37.13. Executing OPT_MERGE pass (detect identical cells).
Finding identical cells in module `\seq_detector_mealy'.
Removed a total of 0 cells.

37.14. Executing OPT_SHARE pass.

37.15. Executing OPT_DFF pass (perform DFF optimizations).

37.16. Executing OPT_CLEAN pass (remove unused cells and wires).
Finding unused cells or wires in module \seq_detector_mealy..
Removed 0 unused cells and 1 unused wires.
<suppressed ~1 debug messages>

37.17. Executing OPT_EXPR pass (perform const folding).
Optimizing module seq_detector_mealy.

37.18. Rerunning OPT passes. (Maybe there is more to do..)

37.19. Executing OPT_MUXTREE pass (detect dead branches in mux trees).
Running muxtree optimizer on module \seq_detector_mealy..
  Creating internal representation of mux trees.
  Evaluating internal representation of mux trees.
  Analyzing evaluation results.
Removed 0 multiplexer ports.
<suppressed ~1 debug messages>

37.20. Executing OPT_REDUCE pass (consolidate $*mux and $reduce_* inputs).
  Optimizing cells in module \seq_detector_mealy.
Performed a total of 0 changes.

37.21. Executing OPT_MERGE pass (detect identical cells).
Finding identical cells in module `\seq_detector_mealy'.
Removed a total of 0 cells.

37.22. Executing OPT_SHARE pass.

37.23. Executing OPT_DFF pass (perform DFF optimizations).

37.24. Executing OPT_CLEAN pass (remove unused cells and wires).
Finding unused cells or wires in module \seq_detector_mealy..

37.25. Executing OPT_EXPR pass (perform const folding).
Optimizing module seq_detector_mealy.

37.26. Finished OPT passes. (There is nothing left to do.)

38. Executing TECHMAP pass (map to technology primitives).

38.1. Executing Verilog-2005 frontend: /nix/store/sx2v0i73mn1ih2z1nk61pm9n5gjgpidy-yosys/bin/../share/yosys/techmap.v
Parsing Verilog input from `/nix/store/sx2v0i73mn1ih2z1nk61pm9n5gjgpidy-yosys/bin/../share/yosys/techmap.v' to AST representation.
Generating RTLIL representation for module `\_90_simplemap_bool_ops'.
Generating RTLIL representation for module `\_90_simplemap_reduce_ops'.
Generating RTLIL representation for module `\_90_simplemap_logic_ops'.
Generating RTLIL representation for module `\_90_simplemap_compare_ops'.
Generating RTLIL representation for module `\_90_simplemap_various'.
Generating RTLIL representation for module `\_90_simplemap_registers'.
Generating RTLIL representation for module `\_90_shift_ops_shr_shl_sshl_sshr'.
Generating RTLIL representation for module `\_90_shift_shiftx'.
Generating RTLIL representation for module `\_90_fa'.
Generating RTLIL representation for module `\_90_lcu'.
Generating RTLIL representation for module `\_90_alu'.
Generating RTLIL representation for module `\_90_macc'.
Generating RTLIL representation for module `\_90_alumacc'.
Generating RTLIL representation for module `\$__div_mod_u'.
Generating RTLIL representation for module `\$__div_mod_trunc'.
Generating RTLIL representation for module `\_90_div'.
Generating RTLIL representation for module `\_90_mod'.
Generating RTLIL representation for module `\$__div_mod_floor'.
Generating RTLIL representation for module `\_90_divfloor'.
Generating RTLIL representation for module `\_90_modfloor'.
Generating RTLIL representation for module `\_90_pow'.
Generating RTLIL representation for module `\_90_pmux'.
Generating RTLIL representation for module `\_90_demux'.
Generating RTLIL representation for module `\_90_lut'.
Successfully finished Verilog frontend.

38.2. Continuing TECHMAP pass.
Using extmapper simplemap for cells of type $mux.
Using extmapper simplemap for cells of type $not.
Using extmapper simplemap for cells of type $eq.
Using template $paramod$521ce43182eecb9f60c72393a788160d2c356bf5\_90_pmux for cells of type $pmux.
Using extmapper simplemap for cells of type $reduce_or.
Using extmapper simplemap for cells of type $and.
Using extmapper simplemap for cells of type $adff.
No more expansions possible.
<suppressed ~101 debug messages>

39. Executing OPT pass (performing simple optimizations).

39.1. Executing OPT_EXPR pass (perform const folding).
Optimizing module seq_detector_mealy.
<suppressed ~7 debug messages>

39.2. Executing OPT_MERGE pass (detect identical cells).
Finding identical cells in module `\seq_detector_mealy'.
<suppressed ~12 debug messages>
Removed a total of 4 cells.

39.3. Executing OPT_DFF pass (perform DFF optimizations).

39.4. Executing OPT_CLEAN pass (remove unused cells and wires).
Finding unused cells or wires in module \seq_detector_mealy..
Removed 0 unused cells and 25 unused wires.
<suppressed ~1 debug messages>

39.5. Finished fast OPT passes.

40. Executing ABC pass (technology mapping using ABC).

40.1. Extracting gate netlist of module `\seq_detector_mealy' to `<abc-temp-dir>/input.blif'..
Extracted 19 gates and 23 wires to a netlist network with 3 inputs and 3 outputs.

40.1.1. Executing ABC.
Running ABC command: "/nix/store/wq2q0njg3sx8wvj2akz7x1qxwyrv9xlr-yosys-abc/bin/abc" -s -f <abc-temp-dir>/abc.script 2>&1
ABC: ABC command line: "source <abc-temp-dir>/abc.script".
ABC: 
ABC: + read_blif <abc-temp-dir>/input.blif 
ABC: + read_library <abc-temp-dir>/stdcells.genlib 
ABC: Entered genlib library with 13 gates from file "<abc-temp-dir>/stdcells.genlib".
ABC: + strash 
ABC: + dretime 
ABC: + map 
ABC: + write_blif <abc-temp-dir>/output.blif 

40.1.2. Re-integrating ABC results.
ABC RESULTS:               NOR cells:        1
ABC RESULTS:               NOT cells:        1
ABC RESULTS:              NAND cells:        1
ABC RESULTS:             ORNOT cells:        1
ABC RESULTS:                OR cells:        1
ABC RESULTS:               MUX cells:        2
ABC RESULTS:            ANDNOT cells:        5
ABC RESULTS:        internal signals:       17
ABC RESULTS:           input signals:        3
ABC RESULTS:          output signals:        3
Removing temp directory.

41. Executing OPT pass (performing simple optimizations).

41.1. Executing OPT_EXPR pass (perform const folding).
Optimizing module seq_detector_mealy.
<suppressed ~1 debug messages>

41.2. Executing OPT_MERGE pass (detect identical cells).
Finding identical cells in module `\seq_detector_mealy'.
Removed a total of 0 cells.

41.3. Executing OPT_DFF pass (perform DFF optimizations).

41.4. Executing OPT_CLEAN pass (remove unused cells and wires).
Finding unused cells or wires in module \seq_detector_mealy..
Removed 0 unused cells and 18 unused wires.
<suppressed ~1 debug messages>

41.5. Finished fast OPT passes.

42. Executing HIERARCHY pass (managing design hierarchy).

42.1. Analyzing design hierarchy..
Top module:  \seq_detector_mealy

42.2. Analyzing design hierarchy..
Top module:  \seq_detector_mealy
Removed 0 unused modules.

43. Printing statistics.

=== seq_detector_mealy ===

   Number of wires:                 15
   Number of wire bits:             17
   Number of public wires:           6
   Number of public wire bits:       8
   Number of memories:               0
   Number of memory bits:            0
   Number of processes:              0
   Number of cells:                 14
     $_ANDNOT_                       5
     $_DFF_PP0_                      2
     $_MUX_                          2
     $_NAND_                         1
     $_NOR_                          1
     $_NOT_                          1
     $_ORNOT_                        1
     $_OR_                           1

44. Executing CHECK pass (checking for obvious problems).
Checking module seq_detector_mealy...
Found and reported 0 problems.

45. Generating Graphviz representation of design.
Writing dot description to `/openlane/designs/seq_detector/runs/RUN_2025.05.06_16.09.42/tmp/synthesis/post_techmap.dot'.
Dumping module seq_detector_mealy to page 1.

46. Executing SHARE pass (SAT-based resource sharing).

47. Executing OPT pass (performing simple optimizations).

47.1. Executing OPT_EXPR pass (perform const folding).
Optimizing module seq_detector_mealy.

47.2. Executing OPT_MERGE pass (detect identical cells).
Finding identical cells in module `\seq_detector_mealy'.
Removed a total of 0 cells.

47.3. Executing OPT_MUXTREE pass (detect dead branches in mux trees).
Running muxtree optimizer on module \seq_detector_mealy..
  Creating internal representation of mux trees.
  No muxes found in this module.
Removed 0 multiplexer ports.

47.4. Executing OPT_REDUCE pass (consolidate $*mux and $reduce_* inputs).
  Optimizing cells in module \seq_detector_mealy.
Performed a total of 0 changes.

47.5. Executing OPT_MERGE pass (detect identical cells).
Finding identical cells in module `\seq_detector_mealy'.
Removed a total of 0 cells.

47.6. Executing OPT_DFF pass (perform DFF optimizations).

47.7. Executing OPT_CLEAN pass (remove unused cells and wires).
Finding unused cells or wires in module \seq_detector_mealy..

47.8. Executing OPT_EXPR pass (perform const folding).
Optimizing module seq_detector_mealy.

47.9. Finished OPT passes. (There is nothing left to do.)

48. Executing OPT_CLEAN pass (remove unused cells and wires).
Finding unused cells or wires in module \seq_detector_mealy..

49. Printing statistics.

=== seq_detector_mealy ===

   Number of wires:                 15
   Number of wire bits:             17
   Number of public wires:           6
   Number of public wire bits:       8
   Number of memories:               0
   Number of memory bits:            0
   Number of processes:              0
   Number of cells:                 14
     $_ANDNOT_                       5
     $_DFF_PP0_                      2
     $_MUX_                          2
     $_NAND_                         1
     $_NOR_                          1
     $_NOT_                          1
     $_ORNOT_                        1
     $_OR_                           1

mapping tbuf

50. Executing TECHMAP pass (map to technology primitives).

50.1. Executing Verilog-2005 frontend: /home/amit/.volare/volare/sky130/versions/bdc9412b3e468c102d01b7cf6337be06ec6e9c9a/sky130A/libs.tech/openlane/sky130_fd_sc_hd/tribuff_map.v
Parsing Verilog input from `/home/amit/.volare/volare/sky130/versions/bdc9412b3e468c102d01b7cf6337be06ec6e9c9a/sky130A/libs.tech/openlane/sky130_fd_sc_hd/tribuff_map.v' to AST representation.
Generating RTLIL representation for module `\$_TBUF_'.
Successfully finished Verilog frontend.

50.2. Continuing TECHMAP pass.
No more expansions possible.
<suppressed ~3 debug messages>

51. Executing SIMPLEMAP pass (map simple cells to gate primitives).

52. Executing TECHMAP pass (map to technology primitives).

52.1. Executing Verilog-2005 frontend: /home/amit/.volare/volare/sky130/versions/bdc9412b3e468c102d01b7cf6337be06ec6e9c9a/sky130A/libs.tech/openlane/sky130_fd_sc_hd/latch_map.v
Parsing Verilog input from `/home/amit/.volare/volare/sky130/versions/bdc9412b3e468c102d01b7cf6337be06ec6e9c9a/sky130A/libs.tech/openlane/sky130_fd_sc_hd/latch_map.v' to AST representation.
Generating RTLIL representation for module `\$_DLATCH_P_'.
Generating RTLIL representation for module `\$_DLATCH_N_'.
Successfully finished Verilog frontend.

52.2. Continuing TECHMAP pass.
No more expansions possible.
<suppressed ~4 debug messages>

53. Executing SIMPLEMAP pass (map simple cells to gate primitives).

54. Executing DFFLIBMAP pass (mapping DFF cells to sequential cells from liberty file).
  cell sky130_fd_sc_hd__dfxtp_2 (noninv, pins=3, area=21.27) is a direct match for cell type $_DFF_P_.
  cell sky130_fd_sc_hd__dfrtp_2 (noninv, pins=4, area=26.28) is a direct match for cell type $_DFF_PN0_.
  cell sky130_fd_sc_hd__dfstp_2 (noninv, pins=4, area=26.28) is a direct match for cell type $_DFF_PN1_.
  cell sky130_fd_sc_hd__dfbbn_2 (noninv, pins=6, area=35.03) is a direct match for cell type $_DFFSR_NNN_.
  final dff cell mappings:
    unmapped dff cell: $_DFF_N_
    \sky130_fd_sc_hd__dfxtp_2 _DFF_P_ (.CLK( C), .D( D), .Q( Q));
    unmapped dff cell: $_DFF_NN0_
    unmapped dff cell: $_DFF_NN1_
    unmapped dff cell: $_DFF_NP0_
    unmapped dff cell: $_DFF_NP1_
    \sky130_fd_sc_hd__dfrtp_2 _DFF_PN0_ (.CLK( C), .D( D), .Q( Q), .RESET_B( R));
    \sky130_fd_sc_hd__dfstp_2 _DFF_PN1_ (.CLK( C), .D( D), .Q( Q), .SET_B( R));
    unmapped dff cell: $_DFF_PP0_
    unmapped dff cell: $_DFF_PP1_
    \sky130_fd_sc_hd__dfbbn_2 _DFFSR_NNN_ (.CLK_N( C), .D( D), .Q( Q), .Q_N(~Q), .RESET_B( R), .SET_B( S));
    unmapped dff cell: $_DFFSR_NNP_
    unmapped dff cell: $_DFFSR_NPN_
    unmapped dff cell: $_DFFSR_NPP_
    unmapped dff cell: $_DFFSR_PNN_
    unmapped dff cell: $_DFFSR_PNP_
    unmapped dff cell: $_DFFSR_PPN_
    unmapped dff cell: $_DFFSR_PPP_

54.1. Executing DFFLEGALIZE pass (convert FFs to types supported by the target).
Mapping DFF cells in module `\seq_detector_mealy':
  mapped 2 $_DFF_PN0_ cells to \sky130_fd_sc_hd__dfrtp_2 cells.

55. Printing statistics.

=== seq_detector_mealy ===

   Number of wires:                 17
   Number of wire bits:             19
   Number of public wires:           6
   Number of public wire bits:       8
   Number of memories:               0
   Number of memory bits:            0
   Number of processes:              0
   Number of cells:                 16
     $_ANDNOT_                       5
     $_MUX_                          2
     $_NAND_                         1
     $_NOR_                          1
     $_NOT_                          3
     $_ORNOT_                        1
     $_OR_                           1
     sky130_fd_sc_hd__dfrtp_2        2

[INFO]: USING STRATEGY DELAY 0

56. Executing ABC pass (technology mapping using ABC).

56.1. Extracting gate netlist of module `\seq_detector_mealy' to `/tmp/yosys-abc-r9FL46/input.blif'..
Extracted 14 gates and 18 wires to a netlist network with 4 inputs and 5 outputs.

56.1.1. Executing ABC.
Running ABC command: "/nix/store/wq2q0njg3sx8wvj2akz7x1qxwyrv9xlr-yosys-abc/bin/abc" -s -f /tmp/yosys-abc-r9FL46/abc.script 2>&1
ABC: ABC command line: "source /tmp/yosys-abc-r9FL46/abc.script".
ABC: 
ABC: + read_blif /tmp/yosys-abc-r9FL46/input.blif 
ABC: + read_lib -w /openlane/designs/seq_detector/runs/RUN_2025.05.06_16.09.42/tmp/synthesis/trimmed.lib 
ABC: Parsing finished successfully.  Parsing time =     0.07 sec
ABC: Scl_LibertyReadGenlib() skipped sequential cell "sky130_fd_sc_hd__dfbbn_2".
ABC: Scl_LibertyReadGenlib() skipped sequential cell "sky130_fd_sc_hd__dfrbp_2".
ABC: Scl_LibertyReadGenlib() skipped sequential cell "sky130_fd_sc_hd__dfrtp_2".
ABC: Scl_LibertyReadGenlib() skipped sequential cell "sky130_fd_sc_hd__dfrtp_4".
ABC: Scl_LibertyReadGenlib() skipped sequential cell "sky130_fd_sc_hd__dfsbp_2".
ABC: Scl_LibertyReadGenlib() skipped sequential cell "sky130_fd_sc_hd__dfstp_2".
ABC: Scl_LibertyReadGenlib() skipped sequential cell "sky130_fd_sc_hd__dfstp_4".
ABC: Scl_LibertyReadGenlib() skipped sequential cell "sky130_fd_sc_hd__dfxbp_2".
ABC: Scl_LibertyReadGenlib() skipped sequential cell "sky130_fd_sc_hd__dfxtp_2".
ABC: Scl_LibertyReadGenlib() skipped sequential cell "sky130_fd_sc_hd__dfxtp_4".
ABC: Scl_LibertyReadGenlib() skipped sequential cell "sky130_fd_sc_hd__dlxtn_1".
ABC: Scl_LibertyReadGenlib() skipped sequential cell "sky130_fd_sc_hd__dlxtn_2".
ABC: Scl_LibertyReadGenlib() skipped sequential cell "sky130_fd_sc_hd__dlxtn_4".
ABC: Scl_LibertyReadGenlib() skipped sequential cell "sky130_fd_sc_hd__dlxtp_1".
ABC: Scl_LibertyReadGenlib() skipped three-state cell "sky130_fd_sc_hd__ebufn_2".
ABC: Scl_LibertyReadGenlib() skipped three-state cell "sky130_fd_sc_hd__ebufn_4".
ABC: Scl_LibertyReadGenlib() skipped three-state cell "sky130_fd_sc_hd__ebufn_8".
ABC: Library "sky130A_merged" from "/openlane/designs/seq_detector/runs/RUN_2025.05.06_16.09.42/tmp/synthesis/trimmed.lib" has 175 cells (17 skipped: 14 seq; 3 tri-state; 0 no func; 0 dont_use).  Time =     0.11 sec
ABC: Memory =    9.54 MB. Time =     0.11 sec
ABC: Warning: Detected 2 multi-output gates (for example, "sky130_fd_sc_hd__fa_1").
ABC: + read_constr -v /openlane/designs/seq_detector/runs/RUN_2025.05.06_16.09.42/tmp/synthesis/synthesis.sdc 
ABC: Setting driving cell to be "sky130_fd_sc_hd__inv_2".
ABC: Setting output load to be 33.442001.
ABC: + read_constr /openlane/designs/seq_detector/runs/RUN_2025.05.06_16.09.42/tmp/synthesis/synthesis.sdc 
ABC: + fx 
ABC: + mfs 
ABC: + strash 
ABC: + drf -l 
ABC: + balance 
ABC: + drw -l 
ABC: + drf -l 
ABC: + balance 
ABC: + drw -l 
ABC: + drw -l -z 
ABC: + balance 
ABC: + drf -l -z 
ABC: + drw -l -z 
ABC: + balance 
ABC: + retime -D -D 10000 -M 6 
ABC: + scleanup 
ABC: Error: The network is combinational.
ABC: + map -p -B 0.2 -A 0.9 -M 0 
ABC: The cell areas are multiplied by the factor: <num_fanins> ^ (0.90).
ABC: The cell delays are multiplied by the factor: <num_fanins> ^ (0.20).
ABC: + retime -D -D 10000 
ABC: + &get -n 
ABC: + &st 
ABC: + &dch 
ABC: + &nf 
ABC: + &put 
ABC: + buffer -N 10 -S 750.0 
ABC: + upsize -D 10000 
ABC: Current delay (498.15 ps) does not exceed the target delay (10000.00 ps). Upsizing is not performed.
ABC: + dnsize -D 10000 
ABC: + stime -p 
ABC: WireLoad = "none"  Gates =      9 ( 66.7 %)   Cap = 16.6 ff ( 12.5 %)   Area =       52.55 ( 33.3 %)   Delay =   548.01 ps  ( 22.2 %)               
ABC: Path  0 --       3 : 0    4 pi                       A =   0.00  Df =  44.9  -25.2 ps  S =  67.9 ps  Cin =  0.0 ff  Cout =  13.4 ff  Cmax =   0.0 ff  G =    0  
ABC: Path  1 --      15 : 3    1 sky130_fd_sc_hd__and3b_2 A =  10.01  Df = 241.7  -15.2 ps  S =  40.3 ps  Cin =  1.5 ff  Cout =   2.2 ff  Cmax = 309.5 ff  G =  142  
ABC: Path  2 --      16 : 1    1 sky130_fd_sc_hd__buf_1   A =   3.75  Df = 548.0  -91.7 ps  S = 396.6 ps  Cin =  2.1 ff  Cout =  33.4 ff  Cmax = 130.0 ff  G = 1590  
ABC: Start-point = pi2 (\din).  End-point = po2 (\dout).
ABC: + print_stats -m 
ABC: netlist                       : i/o =    4/    5  lat =    0  nd =     9  edge =     15  area =33.67  delay =309.64  lev = 2
ABC: + write_blif /tmp/yosys-abc-r9FL46/output.blif 

56.1.2. Re-integrating ABC results.
ABC RESULTS:   sky130_fd_sc_hd__nand3b_2 cells:        1
ABC RESULTS:   sky130_fd_sc_hd__o21ai_2 cells:        1
ABC RESULTS:   sky130_fd_sc_hd__and3b_2 cells:        1
ABC RESULTS:   sky130_fd_sc_hd__buf_1 cells:        3
ABC RESULTS:   sky130_fd_sc_hd__inv_2 cells:        3
ABC RESULTS:        internal signals:        9
ABC RESULTS:           input signals:        4
ABC RESULTS:          output signals:        5
Removing temp directory.

57. Executing SETUNDEF pass (replace undef values with defined constants).

58. Executing HILOMAP pass (mapping to constant drivers).

59. Executing SPLITNETS pass (splitting up multi-bit signals).

60. Executing OPT_CLEAN pass (remove unused cells and wires).
Finding unused cells or wires in module \seq_detector_mealy..
Removed 0 unused cells and 18 unused wires.
<suppressed ~1 debug messages>

61. Executing INSBUF pass (insert buffer cells for connected wires).

62. Executing CHECK pass (checking for obvious problems).
Checking module seq_detector_mealy...
Found and reported 0 problems.

63. Printing statistics.

=== seq_detector_mealy ===

   Number of wires:                 14
   Number of wire bits:             14
   Number of public wires:           8
   Number of public wire bits:       8
   Number of memories:               0
   Number of memory bits:            0
   Number of processes:              0
   Number of cells:                 11
     sky130_fd_sc_hd__and3b_2        1
     sky130_fd_sc_hd__buf_1          3
     sky130_fd_sc_hd__dfrtp_2        2
     sky130_fd_sc_hd__inv_2          3
     sky130_fd_sc_hd__nand3b_2       1
     sky130_fd_sc_hd__o21ai_2        1

   Chip area for module '\seq_detector_mealy': 105.100800

64. Executing Verilog backend.
Dumping module `\seq_detector_mealy'.

65. Executing JSON backend.

End of script. Logfile hash: 8168717735, CPU: user 0.86s system 0.12s, MEM: 42.38 MB peak
Yosys 0.38 (git sha1 543faed9c8c, clang++ 17.0.6 -fPIC -Os)
Time spent: 41% 2x abc (0 sec), 28% 2x read_liberty (0 sec), ...
