OpenSTA 2.5.0 GITDIR-NOT Copyright (c) 2024, Parallax Software, Inc.
License GPLv3: GNU GPL version 3 <http://gnu.org/licenses/gpl.html>

This is free software, and you are free to change and redistribute it
under certain conditions; type `show_copying' for details. 
This program comes with ABSOLUTELY NO WARRANTY; for details type `show_warranty'.
define_corners Typical
read_liberty -corner Typical /home/amit/.volare/volare/sky130/versions/bdc9412b3e468c102d01b7cf6337be06ec6e9c9a/sky130A/libs.ref/sky130_fd_sc_hd/lib/sky130_fd_sc_hd__tt_025C_1v80.lib
Using 1e-12 for capacitance...
Using 1e+03 for resistance...
Using 1e-09 for time...
Using 1e+00 for voltage...
Using 1e-03 for current...
Using 1e-09 for power...
Using 1e-06 for distance...
Reading netlist '/openlane/designs/seq_detector/runs/RUN_2025.05.06_16.09.42/results/synthesis/seq_detector_mealy.v'…
Reading design constraints file at '/openlane/scripts/base.sdc'…
[INFO]: Setting output delay to: 2.0
[INFO]: Setting input delay to: 2.0
[INFO]: Setting load to: 0.033442
[INFO]: Setting clock uncertainty to: 0.25
[INFO]: Setting clock transition to: 0.15
[INFO]: Setting timing derate to: 5.0 %
min_report

===========================================================================
report_checks -path_delay min (Hold)
============================================================================
======================= Typical Corner ===================================

Startpoint: _16_ (rising edge-triggered flip-flop clocked by clk)
Endpoint: _16_ (rising edge-triggered flip-flop clocked by clk)
Path Group: clk
Path Type: min

Fanout     Cap    Slew   Delay    Time   Description
-----------------------------------------------------------------------------
                  0.15    0.00    0.00   clock clk (rise edge)
                          0.00    0.00   clock network delay (ideal)
                  0.15    0.00    0.00 ^ _16_/CLK (sky130_fd_sc_hd__dfrtp_2)
     2    0.01    0.05    0.37    0.37 ^ _16_/Q (sky130_fd_sc_hd__dfrtp_2)
                                         state[1] (net)
                  0.05    0.00    0.37 ^ _09_/B (sky130_fd_sc_hd__nand3b_2)
     1    0.00    0.05    0.07    0.43 v _09_/Y (sky130_fd_sc_hd__nand3b_2)
                                         _04_ (net)
                  0.05    0.00    0.43 v _10_/B1 (sky130_fd_sc_hd__o21ai_2)
     1    0.00    0.03    0.05    0.48 ^ _10_/Y (sky130_fd_sc_hd__o21ai_2)
                                         next_state[1] (net)
                  0.03    0.00    0.48 ^ _16_/D (sky130_fd_sc_hd__dfrtp_2)
                                  0.48   data arrival time

                  0.15    0.00    0.00   clock clk (rise edge)
                          0.00    0.00   clock network delay (ideal)
                          0.25    0.25   clock uncertainty
                          0.00    0.25   clock reconvergence pessimism
                                  0.25 ^ _16_/CLK (sky130_fd_sc_hd__dfrtp_2)
                         -0.02    0.23   library hold time
                                  0.23   data required time
-----------------------------------------------------------------------------
                                  0.23   data required time
                                 -0.48   data arrival time
-----------------------------------------------------------------------------
                                  0.25   slack (MET)


Startpoint: reset (input port clocked by clk)
Endpoint: _15_ (removal check against rising-edge clock clk)
Path Group: asynchronous
Path Type: min

Fanout     Cap    Slew   Delay    Time   Description
-----------------------------------------------------------------------------
                  0.15    0.00    0.00   clock clk (rise edge)
                          0.00    0.00   clock network delay (ideal)
                          2.00    2.00 v input external delay
     2    0.01    0.02    0.01    2.01 v reset (in)
                                         reset (net)
                  0.02    0.00    2.01 v _13_/A (sky130_fd_sc_hd__inv_2)
     1    0.00    0.02    0.03    2.04 ^ _13_/Y (sky130_fd_sc_hd__inv_2)
                                         _00_ (net)
                  0.02    0.00    2.04 ^ _15_/RESET_B (sky130_fd_sc_hd__dfrtp_2)
                                  2.04   data arrival time

                  0.15    0.00    0.00   clock clk (rise edge)
                          0.00    0.00   clock network delay (ideal)
                          0.25    0.25   clock uncertainty
                          0.00    0.25   clock reconvergence pessimism
                                  0.25 ^ _15_/CLK (sky130_fd_sc_hd__dfrtp_2)
                          0.34    0.59   library removal time
                                  0.59   data required time
-----------------------------------------------------------------------------
                                  0.59   data required time
                                 -2.04   data arrival time
-----------------------------------------------------------------------------
                                  1.45   slack (MET)


Startpoint: reset (input port clocked by clk)
Endpoint: _16_ (removal check against rising-edge clock clk)
Path Group: asynchronous
Path Type: min

Fanout     Cap    Slew   Delay    Time   Description
-----------------------------------------------------------------------------
                  0.15    0.00    0.00   clock clk (rise edge)
                          0.00    0.00   clock network delay (ideal)
                          2.00    2.00 v input external delay
     2    0.01    0.02    0.01    2.01 v reset (in)
                                         reset (net)
                  0.02    0.00    2.01 v _14_/A (sky130_fd_sc_hd__inv_2)
     1    0.00    0.02    0.03    2.04 ^ _14_/Y (sky130_fd_sc_hd__inv_2)
                                         _01_ (net)
                  0.02    0.00    2.04 ^ _16_/RESET_B (sky130_fd_sc_hd__dfrtp_2)
                                  2.04   data arrival time

                  0.15    0.00    0.00   clock clk (rise edge)
                          0.00    0.00   clock network delay (ideal)
                          0.25    0.25   clock uncertainty
                          0.00    0.25   clock reconvergence pessimism
                                  0.25 ^ _16_/CLK (sky130_fd_sc_hd__dfrtp_2)
                          0.34    0.59   library removal time
                                  0.59   data required time
-----------------------------------------------------------------------------
                                  0.59   data required time
                                 -2.04   data arrival time
-----------------------------------------------------------------------------
                                  1.45   slack (MET)


Startpoint: din (input port clocked by clk)
Endpoint: _15_ (rising edge-triggered flip-flop clocked by clk)
Path Group: clk
Path Type: min

Fanout     Cap    Slew   Delay    Time   Description
-----------------------------------------------------------------------------
                  0.15    0.00    0.00   clock clk (rise edge)
                          0.00    0.00   clock network delay (ideal)
                          2.00    2.00 v input external delay
     4    0.01    0.03    0.02    2.02 v din (in)
                                         din (net)
                  0.03    0.00    2.02 v _06_/A (sky130_fd_sc_hd__buf_1)
     1    0.00    0.02    0.07    2.09 v _06_/X (sky130_fd_sc_hd__buf_1)
                                         _02_ (net)
                  0.02    0.00    2.09 v _07_/A (sky130_fd_sc_hd__buf_1)
     1    0.00    0.02    0.07    2.16 v _07_/X (sky130_fd_sc_hd__buf_1)
                                         next_state[0] (net)
                  0.02    0.00    2.16 v _15_/D (sky130_fd_sc_hd__dfrtp_2)
                                  2.16   data arrival time

                  0.15    0.00    0.00   clock clk (rise edge)
                          0.00    0.00   clock network delay (ideal)
                          0.25    0.25   clock uncertainty
                          0.00    0.25   clock reconvergence pessimism
                                  0.25 ^ _15_/CLK (sky130_fd_sc_hd__dfrtp_2)
                         -0.01    0.24   library hold time
                                  0.24   data required time
-----------------------------------------------------------------------------
                                  0.24   data required time
                                 -2.16   data arrival time
-----------------------------------------------------------------------------
                                  1.92   slack (MET)


Startpoint: _16_ (rising edge-triggered flip-flop clocked by clk)
Endpoint: dout (output port clocked by clk)
Path Group: clk
Path Type: min

Fanout     Cap    Slew   Delay    Time   Description
-----------------------------------------------------------------------------
                  0.15    0.00    0.00   clock clk (rise edge)
                          0.00    0.00   clock network delay (ideal)
                  0.15    0.00    0.00 ^ _16_/CLK (sky130_fd_sc_hd__dfrtp_2)
     2    0.01    0.05    0.41    0.41 v _16_/Q (sky130_fd_sc_hd__dfrtp_2)
                                         state[1] (net)
                  0.05    0.00    0.41 v _11_/B (sky130_fd_sc_hd__and3b_2)
     1    0.00    0.03    0.18    0.58 v _11_/X (sky130_fd_sc_hd__and3b_2)
                                         _05_ (net)
                  0.03    0.00    0.58 v _12_/A (sky130_fd_sc_hd__buf_1)
     1    0.03    0.19    0.20    0.79 v _12_/X (sky130_fd_sc_hd__buf_1)
                                         dout (net)
                  0.19    0.00    0.79 v dout (out)
                                  0.79   data arrival time

                  0.15    0.00    0.00   clock clk (rise edge)
                          0.00    0.00   clock network delay (ideal)
                          0.25    0.25   clock uncertainty
                          0.00    0.25   clock reconvergence pessimism
                         -2.00   -1.75   output external delay
                                 -1.75   data required time
-----------------------------------------------------------------------------
                                 -1.75   data required time
                                 -0.79   data arrival time
-----------------------------------------------------------------------------
                                  2.54   slack (MET)



worst slack corner Typical: 0.2470
min_report_end
max_report

===========================================================================
report_checks -path_delay max (Setup)
============================================================================
======================= Typical Corner ===================================

Startpoint: din (input port clocked by clk)
Endpoint: dout (output port clocked by clk)
Path Group: clk
Path Type: max

Fanout     Cap    Slew   Delay    Time   Description
-----------------------------------------------------------------------------
                  0.15    0.00    0.00   clock clk (rise edge)
                          0.00    0.00   clock network delay (ideal)
                          2.00    2.00 v input external delay
     4    0.01    0.03    0.02    2.02 v din (in)
                                         din (net)
                  0.03    0.00    2.02 v _11_/A_N (sky130_fd_sc_hd__and3b_2)
     1    0.00    0.04    0.22    2.24 ^ _11_/X (sky130_fd_sc_hd__and3b_2)
                                         _05_ (net)
                  0.04    0.00    2.24 ^ _12_/A (sky130_fd_sc_hd__buf_1)
     1    0.03    0.40    0.34    2.58 ^ _12_/X (sky130_fd_sc_hd__buf_1)
                                         dout (net)
                  0.40    0.00    2.58 ^ dout (out)
                                  2.58   data arrival time

                  0.15   10.00   10.00   clock clk (rise edge)
                          0.00   10.00   clock network delay (ideal)
                         -0.25    9.75   clock uncertainty
                          0.00    9.75   clock reconvergence pessimism
                         -2.00    7.75   output external delay
                                  7.75   data required time
-----------------------------------------------------------------------------
                                  7.75   data required time
                                 -2.58   data arrival time
-----------------------------------------------------------------------------
                                  5.17   slack (MET)


Startpoint: din (input port clocked by clk)
Endpoint: _15_ (rising edge-triggered flip-flop clocked by clk)
Path Group: clk
Path Type: max

Fanout     Cap    Slew   Delay    Time   Description
-----------------------------------------------------------------------------
                  0.15    0.00    0.00   clock clk (rise edge)
                          0.00    0.00   clock network delay (ideal)
                          2.00    2.00 v input external delay
     4    0.01    0.03    0.02    2.02 v din (in)
                                         din (net)
                  0.03    0.00    2.02 v _06_/A (sky130_fd_sc_hd__buf_1)
     1    0.00    0.02    0.08    2.10 v _06_/X (sky130_fd_sc_hd__buf_1)
                                         _02_ (net)
                  0.02    0.00    2.10 v _07_/A (sky130_fd_sc_hd__buf_1)
     1    0.00    0.02    0.08    2.18 v _07_/X (sky130_fd_sc_hd__buf_1)
                                         next_state[0] (net)
                  0.02    0.00    2.18 v _15_/D (sky130_fd_sc_hd__dfrtp_2)
                                  2.18   data arrival time

                  0.15   10.00   10.00   clock clk (rise edge)
                          0.00   10.00   clock network delay (ideal)
                         -0.25    9.75   clock uncertainty
                          0.00    9.75   clock reconvergence pessimism
                                  9.75 ^ _15_/CLK (sky130_fd_sc_hd__dfrtp_2)
                         -0.08    9.67   library setup time
                                  9.67   data required time
-----------------------------------------------------------------------------
                                  9.67   data required time
                                 -2.18   data arrival time
-----------------------------------------------------------------------------
                                  7.49   slack (MET)


Startpoint: din (input port clocked by clk)
Endpoint: _16_ (rising edge-triggered flip-flop clocked by clk)
Path Group: clk
Path Type: max

Fanout     Cap    Slew   Delay    Time   Description
-----------------------------------------------------------------------------
                  0.15    0.00    0.00   clock clk (rise edge)
                          0.00    0.00   clock network delay (ideal)
                          2.00    2.00 ^ input external delay
     4    0.01    0.07    0.05    2.05 ^ din (in)
                                         din (net)
                  0.07    0.00    2.05 ^ _09_/C (sky130_fd_sc_hd__nand3b_2)
     1    0.00    0.07    0.08    2.13 v _09_/Y (sky130_fd_sc_hd__nand3b_2)
                                         _04_ (net)
                  0.07    0.00    2.13 v _10_/B1 (sky130_fd_sc_hd__o21ai_2)
     1    0.00    0.08    0.06    2.18 ^ _10_/Y (sky130_fd_sc_hd__o21ai_2)
                                         next_state[1] (net)
                  0.08    0.00    2.18 ^ _16_/D (sky130_fd_sc_hd__dfrtp_2)
                                  2.18   data arrival time

                  0.15   10.00   10.00   clock clk (rise edge)
                          0.00   10.00   clock network delay (ideal)
                         -0.25    9.75   clock uncertainty
                          0.00    9.75   clock reconvergence pessimism
                                  9.75 ^ _16_/CLK (sky130_fd_sc_hd__dfrtp_2)
                         -0.05    9.70   library setup time
                                  9.70   data required time
-----------------------------------------------------------------------------
                                  9.70   data required time
                                 -2.18   data arrival time
-----------------------------------------------------------------------------
                                  7.51   slack (MET)


Startpoint: reset (input port clocked by clk)
Endpoint: _15_ (recovery check against rising-edge clock clk)
Path Group: asynchronous
Path Type: max

Fanout     Cap    Slew   Delay    Time   Description
-----------------------------------------------------------------------------
                  0.15    0.00    0.00   clock clk (rise edge)
                          0.00    0.00   clock network delay (ideal)
                          2.00    2.00 v input external delay
     2    0.01    0.02    0.01    2.01 v reset (in)
                                         reset (net)
                  0.02    0.00    2.01 v _13_/A (sky130_fd_sc_hd__inv_2)
     1    0.00    0.02    0.03    2.05 ^ _13_/Y (sky130_fd_sc_hd__inv_2)
                                         _00_ (net)
                  0.02    0.00    2.05 ^ _15_/RESET_B (sky130_fd_sc_hd__dfrtp_2)
                                  2.05   data arrival time

                  0.15   10.00   10.00   clock clk (rise edge)
                          0.00   10.00   clock network delay (ideal)
                         -0.25    9.75   clock uncertainty
                          0.00    9.75   clock reconvergence pessimism
                                  9.75 ^ _15_/CLK (sky130_fd_sc_hd__dfrtp_2)
                          0.26   10.01   library recovery time
                                 10.01   data required time
-----------------------------------------------------------------------------
                                 10.01   data required time
                                 -2.05   data arrival time
-----------------------------------------------------------------------------
                                  7.96   slack (MET)


Startpoint: reset (input port clocked by clk)
Endpoint: _16_ (recovery check against rising-edge clock clk)
Path Group: asynchronous
Path Type: max

Fanout     Cap    Slew   Delay    Time   Description
-----------------------------------------------------------------------------
                  0.15    0.00    0.00   clock clk (rise edge)
                          0.00    0.00   clock network delay (ideal)
                          2.00    2.00 v input external delay
     2    0.01    0.02    0.01    2.01 v reset (in)
                                         reset (net)
                  0.02    0.00    2.01 v _14_/A (sky130_fd_sc_hd__inv_2)
     1    0.00    0.02    0.03    2.05 ^ _14_/Y (sky130_fd_sc_hd__inv_2)
                                         _01_ (net)
                  0.02    0.00    2.05 ^ _16_/RESET_B (sky130_fd_sc_hd__dfrtp_2)
                                  2.05   data arrival time

                  0.15   10.00   10.00   clock clk (rise edge)
                          0.00   10.00   clock network delay (ideal)
                         -0.25    9.75   clock uncertainty
                          0.00    9.75   clock reconvergence pessimism
                                  9.75 ^ _16_/CLK (sky130_fd_sc_hd__dfrtp_2)
                          0.26   10.01   library recovery time
                                 10.01   data required time
-----------------------------------------------------------------------------
                                 10.01   data required time
                                 -2.05   data arrival time
-----------------------------------------------------------------------------
                                  7.96   slack (MET)



worst slack corner Typical: 5.1746
max_report_end
checks_report

===========================================================================
report_checks -unconstrained
===========================================================================
======================= Typical Corner ===================================

Startpoint: reset (input port clocked by clk)
Endpoint: _15_ (recovery check against rising-edge clock clk)
Path Group: asynchronous
Path Type: max

Fanout     Cap    Slew   Delay    Time   Description
-----------------------------------------------------------------------------
                  0.15    0.00    0.00   clock clk (rise edge)
                          0.00    0.00   clock network delay (ideal)
                          2.00    2.00 v input external delay
     2    0.01    0.02    0.01    2.01 v reset (in)
                                         reset (net)
                  0.02    0.00    2.01 v _13_/A (sky130_fd_sc_hd__inv_2)
     1    0.00    0.02    0.03    2.05 ^ _13_/Y (sky130_fd_sc_hd__inv_2)
                                         _00_ (net)
                  0.02    0.00    2.05 ^ _15_/RESET_B (sky130_fd_sc_hd__dfrtp_2)
                                  2.05   data arrival time

                  0.15   10.00   10.00   clock clk (rise edge)
                          0.00   10.00   clock network delay (ideal)
                         -0.25    9.75   clock uncertainty
                          0.00    9.75   clock reconvergence pessimism
                                  9.75 ^ _15_/CLK (sky130_fd_sc_hd__dfrtp_2)
                          0.26   10.01   library recovery time
                                 10.01   data required time
-----------------------------------------------------------------------------
                                 10.01   data required time
                                 -2.05   data arrival time
-----------------------------------------------------------------------------
                                  7.96   slack (MET)


Startpoint: din (input port clocked by clk)
Endpoint: dout (output port clocked by clk)
Path Group: clk
Path Type: max

Fanout     Cap    Slew   Delay    Time   Description
-----------------------------------------------------------------------------
                  0.15    0.00    0.00   clock clk (rise edge)
                          0.00    0.00   clock network delay (ideal)
                          2.00    2.00 v input external delay
     4    0.01    0.03    0.02    2.02 v din (in)
                                         din (net)
                  0.03    0.00    2.02 v _11_/A_N (sky130_fd_sc_hd__and3b_2)
     1    0.00    0.04    0.22    2.24 ^ _11_/X (sky130_fd_sc_hd__and3b_2)
                                         _05_ (net)
                  0.04    0.00    2.24 ^ _12_/A (sky130_fd_sc_hd__buf_1)
     1    0.03    0.40    0.34    2.58 ^ _12_/X (sky130_fd_sc_hd__buf_1)
                                         dout (net)
                  0.40    0.00    2.58 ^ dout (out)
                                  2.58   data arrival time

                  0.15   10.00   10.00   clock clk (rise edge)
                          0.00   10.00   clock network delay (ideal)
                         -0.25    9.75   clock uncertainty
                          0.00    9.75   clock reconvergence pessimism
                         -2.00    7.75   output external delay
                                  7.75   data required time
-----------------------------------------------------------------------------
                                  7.75   data required time
                                 -2.58   data arrival time
-----------------------------------------------------------------------------
                                  5.17   slack (MET)




===========================================================================
report_checks --slack_max -0.01
============================================================================
======================= Typical Corner ===================================

No paths found.


===========================================================================
 report_check_types -max_slew -max_cap -max_fanout -violators
============================================================================
======================= Typical Corner ===================================


max slew violations count Typical: 0
max fanout violations count Typical: 0
max cap violations count Typical: 0

===========================================================================
report_parasitic_annotation -report_unannotated
============================================================================
Found 14 unannotated drivers.
 clk
 din
 reset
 _06_/X
 _07_/X
 _08_/Y
 _09_/Y
 _10_/Y
 _11_/X
 _12_/X
 _13_/Y
 _14_/Y
 _15_/Q
 _16_/Q
Found 0 partially unannotated drivers.

===========================================================================
max slew violation count 0
max fanout violation count 0
max cap violation count 0
============================================================================

===========================================================================
check_setup -verbose -unconstrained_endpoints -multiple_clock -no_clock -no_input_delay -loops -generated_clocks
===========================================================================
checks_report_end
power_report

===========================================================================
 report_power
============================================================================
======================= Typical Corner ===================================

Group                  Internal  Switching    Leakage      Total
                          Power      Power      Power      Power (Watts)
----------------------------------------------------------------
Sequential             8.68e-06   2.68e-07   2.20e-11   8.95e-06  85.3%
Combinational          8.04e-07   7.41e-07   3.31e-11   1.55e-06  14.7%
Clock                  0.00e+00   0.00e+00   0.00e+00   0.00e+00   0.0%
Macro                  0.00e+00   0.00e+00   0.00e+00   0.00e+00   0.0%
Pad                    0.00e+00   0.00e+00   0.00e+00   0.00e+00   0.0%
----------------------------------------------------------------
Total                  9.49e-06   1.01e-06   5.51e-11   1.05e-05 100.0%
                          90.4%       9.6%       0.0%

power_report_end
skew_report

===========================================================================
report_clock_skew
============================================================================
Clock clk
Latency      CRPR       Skew
_15_/CLK ^
   0.01
_16_/CLK ^
   0.01      0.00       0.00

skew_report_end
summary_report

===========================================================================
report_tns
============================================================================
tns 0.00

===========================================================================
report_wns
============================================================================
wns 0.00

===========================================================================
report_worst_slack -max (Setup)
============================================================================
worst slack 5.17

===========================================================================
report_worst_slack -min (Hold)
============================================================================
worst slack 0.25
summary_report_end
check_nonpropagated_clocks
clk
check_nonpropagated_clocks_end
[WARNING] Did not save OpenROAD database!
Writing SDF to '/openlane/designs/seq_detector/runs/RUN_2025.05.06_16.09.42/results/synthesis/seq_detector_mealy.sdf'…
