
===========================================================================
report_checks -path_delay min (Hold)
============================================================================
======================= Typical Corner ===================================

Startpoint: _16_ (rising edge-triggered flip-flop clocked by clk)
Endpoint: _16_ (rising edge-triggered flip-flop clocked by clk)
Path Group: clk
Path Type: min

Fanout     Cap    Slew   Delay    Time   Description
-----------------------------------------------------------------------------
                  0.15    0.00    0.00   clock clk (rise edge)
                          0.00    0.00   clock network delay (ideal)
                  0.15    0.00    0.00 ^ _16_/CLK (sky130_fd_sc_hd__dfrtp_2)
     2    0.01    0.06    0.37    0.37 ^ _16_/Q (sky130_fd_sc_hd__dfrtp_2)
                                         state[1] (net)
                  0.06    0.00    0.37 ^ _09_/B (sky130_fd_sc_hd__nand3b_2)
     1    0.00    0.05    0.07    0.44 v _09_/Y (sky130_fd_sc_hd__nand3b_2)
                                         _04_ (net)
                  0.05    0.00    0.44 v _10_/B1 (sky130_fd_sc_hd__o21ai_2)
     1    0.00    0.04    0.05    0.48 ^ _10_/Y (sky130_fd_sc_hd__o21ai_2)
                                         next_state[1] (net)
                  0.04    0.00    0.48 ^ _16_/D (sky130_fd_sc_hd__dfrtp_2)
                                  0.48   data arrival time

                  0.15    0.00    0.00   clock clk (rise edge)
                          0.00    0.00   clock network delay (ideal)
                          0.25    0.25   clock uncertainty
                          0.00    0.25   clock reconvergence pessimism
                                  0.25 ^ _16_/CLK (sky130_fd_sc_hd__dfrtp_2)
                         -0.02    0.23   library hold time
                                  0.23   data required time
-----------------------------------------------------------------------------
                                  0.23   data required time
                                 -0.48   data arrival time
-----------------------------------------------------------------------------
                                  0.25   slack (MET)


Startpoint: reset (input port clocked by clk)
Endpoint: _15_ (removal check against rising-edge clock clk)
Path Group: asynchronous
Path Type: min

Fanout     Cap    Slew   Delay    Time   Description
-----------------------------------------------------------------------------
                  0.15    0.00    0.00   clock clk (rise edge)
                          0.00    0.00   clock network delay (ideal)
                          2.00    2.00 v input external delay
     2    0.01    0.03    0.02    2.02 v reset (in)
                                         reset (net)
                  0.03    0.00    2.02 v _13_/A (sky130_fd_sc_hd__inv_2)
     1    0.00    0.02    0.03    2.05 ^ _13_/Y (sky130_fd_sc_hd__inv_2)
                                         _00_ (net)
                  0.02    0.00    2.05 ^ _15_/RESET_B (sky130_fd_sc_hd__dfrtp_2)
                                  2.05   data arrival time

                  0.15    0.00    0.00   clock clk (rise edge)
                          0.00    0.00   clock network delay (ideal)
                          0.25    0.25   clock uncertainty
                          0.00    0.25   clock reconvergence pessimism
                                  0.25 ^ _15_/CLK (sky130_fd_sc_hd__dfrtp_2)
                          0.34    0.59   library removal time
                                  0.59   data required time
-----------------------------------------------------------------------------
                                  0.59   data required time
                                 -2.05   data arrival time
-----------------------------------------------------------------------------
                                  1.46   slack (MET)


Startpoint: reset (input port clocked by clk)
Endpoint: _16_ (removal check against rising-edge clock clk)
Path Group: asynchronous
Path Type: min

Fanout     Cap    Slew   Delay    Time   Description
-----------------------------------------------------------------------------
                  0.15    0.00    0.00   clock clk (rise edge)
                          0.00    0.00   clock network delay (ideal)
                          2.00    2.00 v input external delay
     2    0.01    0.03    0.02    2.02 v reset (in)
                                         reset (net)
                  0.03    0.00    2.02 v _14_/A (sky130_fd_sc_hd__inv_2)
     1    0.00    0.03    0.03    2.05 ^ _14_/Y (sky130_fd_sc_hd__inv_2)
                                         _01_ (net)
                  0.03    0.00    2.05 ^ _16_/RESET_B (sky130_fd_sc_hd__dfrtp_2)
                                  2.05   data arrival time

                  0.15    0.00    0.00   clock clk (rise edge)
                          0.00    0.00   clock network delay (ideal)
                          0.25    0.25   clock uncertainty
                          0.00    0.25   clock reconvergence pessimism
                                  0.25 ^ _16_/CLK (sky130_fd_sc_hd__dfrtp_2)
                          0.34    0.59   library removal time
                                  0.59   data required time
-----------------------------------------------------------------------------
                                  0.59   data required time
                                 -2.05   data arrival time
-----------------------------------------------------------------------------
                                  1.46   slack (MET)


Startpoint: din (input port clocked by clk)
Endpoint: _15_ (rising edge-triggered flip-flop clocked by clk)
Path Group: clk
Path Type: min

Fanout     Cap    Slew   Delay    Time   Description
-----------------------------------------------------------------------------
                  0.15    0.00    0.00   clock clk (rise edge)
                          0.00    0.00   clock network delay (ideal)
                          2.00    2.00 v input external delay
     4    0.02    0.04    0.03    2.03 v din (in)
                                         din (net)
                  0.04    0.00    2.03 v _06_/A (sky130_fd_sc_hd__buf_1)
     1    0.00    0.02    0.08    2.10 v _06_/X (sky130_fd_sc_hd__buf_1)
                                         _02_ (net)
                  0.02    0.00    2.10 v _07_/A (sky130_fd_sc_hd__buf_1)
     1    0.00    0.02    0.07    2.17 v _07_/X (sky130_fd_sc_hd__buf_1)
                                         next_state[0] (net)
                  0.02    0.00    2.17 v _15_/D (sky130_fd_sc_hd__dfrtp_2)
                                  2.17   data arrival time

                  0.15    0.00    0.00   clock clk (rise edge)
                          0.00    0.00   clock network delay (ideal)
                          0.25    0.25   clock uncertainty
                          0.00    0.25   clock reconvergence pessimism
                                  0.25 ^ _15_/CLK (sky130_fd_sc_hd__dfrtp_2)
                         -0.01    0.24   library hold time
                                  0.24   data required time
-----------------------------------------------------------------------------
                                  0.24   data required time
                                 -2.17   data arrival time
-----------------------------------------------------------------------------
                                  1.93   slack (MET)


Startpoint: _16_ (rising edge-triggered flip-flop clocked by clk)
Endpoint: dout (output port clocked by clk)
Path Group: clk
Path Type: min

Fanout     Cap    Slew   Delay    Time   Description
-----------------------------------------------------------------------------
                  0.15    0.00    0.00   clock clk (rise edge)
                          0.00    0.00   clock network delay (ideal)
                  0.15    0.00    0.00 ^ _16_/CLK (sky130_fd_sc_hd__dfrtp_2)
     2    0.01    0.05    0.41    0.41 v _16_/Q (sky130_fd_sc_hd__dfrtp_2)
                                         state[1] (net)
                  0.05    0.00    0.41 v _11_/B (sky130_fd_sc_hd__and3b_2)
     1    0.00    0.03    0.18    0.58 v _11_/X (sky130_fd_sc_hd__and3b_2)
                                         _05_ (net)
                  0.03    0.00    0.58 v _12_/A (sky130_fd_sc_hd__buf_1)
     1    0.04    0.21    0.21    0.80 v _12_/X (sky130_fd_sc_hd__buf_1)
                                         dout (net)
                  0.21    0.00    0.80 v dout (out)
                                  0.80   data arrival time

                  0.15    0.00    0.00   clock clk (rise edge)
                          0.00    0.00   clock network delay (ideal)
                          0.25    0.25   clock uncertainty
                          0.00    0.25   clock reconvergence pessimism
                         -2.00   -1.75   output external delay
                                 -1.75   data required time
-----------------------------------------------------------------------------
                                 -1.75   data required time
                                 -0.80   data arrival time
-----------------------------------------------------------------------------
                                  2.55   slack (MET)



worst slack corner Typical: 0.2524
