
===========================================================================
report_checks -path_delay max (Setup)
============================================================================
======================= Typical Corner ===================================

Startpoint: din (input port clocked by clk)
Endpoint: dout (output port clocked by clk)
Path Group: clk
Path Type: max

Fanout     Cap    Slew   Delay    Time   Description
-----------------------------------------------------------------------------
                  0.15    0.00    0.00   clock clk (rise edge)
                          0.00    0.00   clock network delay (ideal)
                          2.00    2.00 v input external delay
     4    0.02    0.04    0.03    2.03 v din (in)
                                         din (net)
                  0.04    0.00    2.03 v _11_/A_N (sky130_fd_sc_hd__and3b_2)
     1    0.00    0.04    0.22    2.25 ^ _11_/X (sky130_fd_sc_hd__and3b_2)
                                         _05_ (net)
                  0.04    0.00    2.25 ^ _12_/A (sky130_fd_sc_hd__buf_1)
     1    0.04    0.43    0.36    2.61 ^ _12_/X (sky130_fd_sc_hd__buf_1)
                                         dout (net)
                  0.43    0.00    2.61 ^ dout (out)
                                  2.61   data arrival time

                  0.15   10.00   10.00   clock clk (rise edge)
                          0.00   10.00   clock network delay (ideal)
                         -0.25    9.75   clock uncertainty
                          0.00    9.75   clock reconvergence pessimism
                         -2.00    7.75   output external delay
                                  7.75   data required time
-----------------------------------------------------------------------------
                                  7.75   data required time
                                 -2.61   data arrival time
-----------------------------------------------------------------------------
                                  5.14   slack (MET)


Startpoint: din (input port clocked by clk)
Endpoint: _15_ (rising edge-triggered flip-flop clocked by clk)
Path Group: clk
Path Type: max

Fanout     Cap    Slew   Delay    Time   Description
-----------------------------------------------------------------------------
                  0.15    0.00    0.00   clock clk (rise edge)
                          0.00    0.00   clock network delay (ideal)
                          2.00    2.00 ^ input external delay
     4    0.02    0.09    0.06    2.06 ^ din (in)
                                         din (net)
                  0.09    0.00    2.06 ^ _06_/A (sky130_fd_sc_hd__buf_1)
     1    0.00    0.04    0.09    2.15 ^ _06_/X (sky130_fd_sc_hd__buf_1)
                                         _02_ (net)
                  0.04    0.00    2.15 ^ _07_/A (sky130_fd_sc_hd__buf_1)
     1    0.00    0.04    0.08    2.23 ^ _07_/X (sky130_fd_sc_hd__buf_1)
                                         next_state[0] (net)
                  0.04    0.00    2.23 ^ _15_/D (sky130_fd_sc_hd__dfrtp_2)
                                  2.23   data arrival time

                  0.15   10.00   10.00   clock clk (rise edge)
                          0.00   10.00   clock network delay (ideal)
                         -0.25    9.75   clock uncertainty
                          0.00    9.75   clock reconvergence pessimism
                                  9.75 ^ _15_/CLK (sky130_fd_sc_hd__dfrtp_2)
                         -0.05    9.70   library setup time
                                  9.70   data required time
-----------------------------------------------------------------------------
                                  9.70   data required time
                                 -2.23   data arrival time
-----------------------------------------------------------------------------
                                  7.47   slack (MET)


Startpoint: din (input port clocked by clk)
Endpoint: _16_ (rising edge-triggered flip-flop clocked by clk)
Path Group: clk
Path Type: max

Fanout     Cap    Slew   Delay    Time   Description
-----------------------------------------------------------------------------
                  0.15    0.00    0.00   clock clk (rise edge)
                          0.00    0.00   clock network delay (ideal)
                          2.00    2.00 ^ input external delay
     4    0.02    0.09    0.06    2.06 ^ din (in)
                                         din (net)
                  0.09    0.00    2.06 ^ _09_/C (sky130_fd_sc_hd__nand3b_2)
     1    0.00    0.07    0.09    2.15 v _09_/Y (sky130_fd_sc_hd__nand3b_2)
                                         _04_ (net)
                  0.07    0.00    2.15 v _10_/B1 (sky130_fd_sc_hd__o21ai_2)
     1    0.00    0.08    0.06    2.21 ^ _10_/Y (sky130_fd_sc_hd__o21ai_2)
                                         next_state[1] (net)
                  0.08    0.00    2.21 ^ _16_/D (sky130_fd_sc_hd__dfrtp_2)
                                  2.21   data arrival time

                  0.15   10.00   10.00   clock clk (rise edge)
                          0.00   10.00   clock network delay (ideal)
                         -0.25    9.75   clock uncertainty
                          0.00    9.75   clock reconvergence pessimism
                                  9.75 ^ _16_/CLK (sky130_fd_sc_hd__dfrtp_2)
                         -0.06    9.69   library setup time
                                  9.69   data required time
-----------------------------------------------------------------------------
                                  9.69   data required time
                                 -2.21   data arrival time
-----------------------------------------------------------------------------
                                  7.49   slack (MET)


Startpoint: reset (input port clocked by clk)
Endpoint: _16_ (recovery check against rising-edge clock clk)
Path Group: asynchronous
Path Type: max

Fanout     Cap    Slew   Delay    Time   Description
-----------------------------------------------------------------------------
                  0.15    0.00    0.00   clock clk (rise edge)
                          0.00    0.00   clock network delay (ideal)
                          2.00    2.00 v input external delay
     2    0.01    0.03    0.02    2.02 v reset (in)
                                         reset (net)
                  0.03    0.00    2.02 v _14_/A (sky130_fd_sc_hd__inv_2)
     1    0.00    0.03    0.04    2.06 ^ _14_/Y (sky130_fd_sc_hd__inv_2)
                                         _01_ (net)
                  0.03    0.00    2.06 ^ _16_/RESET_B (sky130_fd_sc_hd__dfrtp_2)
                                  2.06   data arrival time

                  0.15   10.00   10.00   clock clk (rise edge)
                          0.00   10.00   clock network delay (ideal)
                         -0.25    9.75   clock uncertainty
                          0.00    9.75   clock reconvergence pessimism
                                  9.75 ^ _16_/CLK (sky130_fd_sc_hd__dfrtp_2)
                          0.26   10.01   library recovery time
                                 10.01   data required time
-----------------------------------------------------------------------------
                                 10.01   data required time
                                 -2.06   data arrival time
-----------------------------------------------------------------------------
                                  7.95   slack (MET)


Startpoint: reset (input port clocked by clk)
Endpoint: _15_ (recovery check against rising-edge clock clk)
Path Group: asynchronous
Path Type: max

Fanout     Cap    Slew   Delay    Time   Description
-----------------------------------------------------------------------------
                  0.15    0.00    0.00   clock clk (rise edge)
                          0.00    0.00   clock network delay (ideal)
                          2.00    2.00 v input external delay
     2    0.01    0.03    0.02    2.02 v reset (in)
                                         reset (net)
                  0.03    0.00    2.02 v _13_/A (sky130_fd_sc_hd__inv_2)
     1    0.00    0.02    0.04    2.06 ^ _13_/Y (sky130_fd_sc_hd__inv_2)
                                         _00_ (net)
                  0.02    0.00    2.06 ^ _15_/RESET_B (sky130_fd_sc_hd__dfrtp_2)
                                  2.06   data arrival time

                  0.15   10.00   10.00   clock clk (rise edge)
                          0.00   10.00   clock network delay (ideal)
                         -0.25    9.75   clock uncertainty
                          0.00    9.75   clock reconvergence pessimism
                                  9.75 ^ _15_/CLK (sky130_fd_sc_hd__dfrtp_2)
                          0.26   10.01   library recovery time
                                 10.01   data required time
-----------------------------------------------------------------------------
                                 10.01   data required time
                                 -2.06   data arrival time
-----------------------------------------------------------------------------
                                  7.95   slack (MET)



worst slack corner Typical: 5.1356
