OpenROAD b16bda7e82721d10566ff7e2b68f1ff0be9f9e38 
Features included (+) or not (-): +Charts +GPU +GUI +Python
This program is licensed under the BSD-3 license. See the LICENSE file for details.
Components of this program may be licensed under more restrictive licenses which must be honored.
define_corners Typical
read_liberty -corner Typical /home/amit/.volare/volare/sky130/versions/bdc9412b3e468c102d01b7cf6337be06ec6e9c9a/sky130A/libs.ref/sky130_fd_sc_hd/lib/sky130_fd_sc_hd__tt_025C_1v80.lib
Using 1e-12 for capacitance...
Using 1e+03 for resistance...
Using 1e-09 for time...
Using 1e+00 for voltage...
Using 1e-03 for current...
Using 1e-09 for power...
Using 1e-06 for distance...
[INFO]: Reading ODB at '/openlane/designs/seq_detector/runs/RUN_2025.05.06_16.09.42/results/floorplan/seq_detector_mealy.odb'…
Reading design constraints file at '/openlane/scripts/base.sdc'…
[INFO]: Setting output delay to: 2.0
[INFO]: Setting input delay to: 2.0
[INFO]: Setting load to: 0.033442
[INFO]: Setting clock uncertainty to: 0.25
[INFO]: Setting clock transition to: 0.15
[INFO]: Setting timing derate to: 5.0 %
[INFO]: Setting RC values...
[INFO]: Setting signal min routing layer to: met1 and clock min routing layer to met3. 
[INFO]: Setting signal max routing layer to: met5 and clock max routing layer to met5. 
[WARNING GPL-0150] -skip_io will disable timing driven mode.
[WARNING GPL-0151] -skip_io will disable routability driven mode.
[INFO GPL-0002] DBU: 1000
[INFO GPL-0003] SiteSize: (  0.460  2.720 ) um
[INFO GPL-0004] CoreBBox: (  5.520 10.880 ) ( 94.300 87.040 ) um
[INFO GPL-0006] NumInstances:               157
[INFO GPL-0007] NumPlaceInstances:           11
[INFO GPL-0008] NumFixedInstances:          146
[INFO GPL-0009] NumDummyInstances:            0
[INFO GPL-0010] NumNets:                     14
[INFO GPL-0011] NumPins:                     32
[INFO GPL-0012] DieBBox:  (  0.000  0.000 ) ( 100.000 100.000 ) um
[INFO GPL-0013] CoreBBox: (  5.520 10.880 ) ( 94.300 87.040 ) um
[INFO GPL-0016] CoreArea:              6761.485 um^2
[INFO GPL-0017] NonPlaceInstsArea:      322.810 um^2
[INFO GPL-0018] PlaceInstsArea:         105.101 um^2
[INFO GPL-0019] Util:                     1.632 %
[INFO GPL-0020] StdInstsArea:           105.101 um^2
[INFO GPL-0021] MacroInstsArea:           0.000 um^2
[INFO GPL-0031] FillerInit:NumGCells:       528
[INFO GPL-0032] FillerInit:NumGNets:         14
[INFO GPL-0033] FillerInit:NumGPins:         32
[INFO GPL-0023] TargetDensity:            0.650
[INFO GPL-0024] AvrgPlaceInstArea:        9.555 um^2
[INFO GPL-0025] IdealBinArea:            14.699 um^2
[INFO GPL-0026] IdealBinCnt:                459
[INFO GPL-0027] TotalBinArea:          6761.485 um^2
[INFO GPL-0028] BinCnt:        16     16
[INFO GPL-0029] BinSize: (  5.549  4.760 )
[INFO GPL-0030] NumBins: 256
[NesterovSolve] Iter:    1 overflow: 0.354 HPWL: 24465
[NesterovSolve] Iter:   10 overflow: 0.340 HPWL: 21779
[NesterovSolve] Iter:   20 overflow: 0.340 HPWL: 21708
[NesterovSolve] Iter:   30 overflow: 0.340 HPWL: 21697
[NesterovSolve] Iter:   40 overflow: 0.340 HPWL: 21697
[NesterovSolve] Iter:   50 overflow: 0.340 HPWL: 21698
[NesterovSolve] Iter:   60 overflow: 0.340 HPWL: 21698
[NesterovSolve] Iter:   70 overflow: 0.340 HPWL: 21707
[NesterovSolve] Iter:   80 overflow: 0.340 HPWL: 21711
[NesterovSolve] Iter:   90 overflow: 0.340 HPWL: 21714
[NesterovSolve] Iter:  100 overflow: 0.340 HPWL: 21719
[NesterovSolve] Iter:  110 overflow: 0.340 HPWL: 21760
[NesterovSolve] Iter:  120 overflow: 0.340 HPWL: 21853
[NesterovSolve] Iter:  130 overflow: 0.340 HPWL: 22015
[NesterovSolve] Iter:  140 overflow: 0.340 HPWL: 22249
[NesterovSolve] Iter:  150 overflow: 0.340 HPWL: 22581
[NesterovSolve] Iter:  160 overflow: 0.337 HPWL: 23100
[NesterovSolve] Iter:  170 overflow: 0.334 HPWL: 23776
[NesterovSolve] Iter:  180 overflow: 0.329 HPWL: 24575
[NesterovSolve] Iter:  190 overflow: 0.321 HPWL: 25362
[NesterovSolve] Iter:  200 overflow: 0.306 HPWL: 25864
[NesterovSolve] Iter:  210 overflow: 0.288 HPWL: 25719
[NesterovSolve] Iter:  220 overflow: 0.282 HPWL: 24701
[NesterovSolve] Iter:  230 overflow: 0.273 HPWL: 23776
[NesterovSolve] Iter:  240 overflow: 0.276 HPWL: 25103
[NesterovSolve] Iter:  250 overflow: 0.273 HPWL: 25453
[NesterovSolve] Iter:  260 overflow: 0.268 HPWL: 23960
[NesterovSolve] Iter:  270 overflow: 0.276 HPWL: 25275
[NesterovSolve] Iter:  280 overflow: 0.279 HPWL: 24305
[NesterovSolve] Iter:  290 overflow: 0.281 HPWL: 24065
[NesterovSolve] Iter:  300 overflow: 0.298 HPWL: 24367
[NesterovSolve] Iter:  310 overflow: 0.311 HPWL: 24743
[NesterovSolve] Iter:  320 overflow: 0.325 HPWL: 25285
[NesterovSolve] Iter:  330 overflow: 0.334 HPWL: 26438
[NesterovSolve] Iter:  340 overflow: 0.323 HPWL: 28102
[NesterovSolve] Iter:  350 overflow: 0.308 HPWL: 28916
[NesterovSolve] Iter:  360 overflow: 0.298 HPWL: 30198
[NesterovSolve] Iter:  370 overflow: 0.282 HPWL: 26961
[NesterovSolve] Iter:  380 overflow: 0.265 HPWL: 26824
[NesterovSolve] Iter:  390 overflow: 0.229 HPWL: 29584
[NesterovSolve] Iter:  400 overflow: 0.201 HPWL: 31951
[NesterovSolve] Iter:  410 overflow: 0.165 HPWL: 33552
[NesterovSolve] Iter:  420 overflow: 0.120 HPWL: 35692
[NesterovSolve] Finished with Overflow: 0.098044
Setting global connections for newly added cells…
Writing OpenROAD database to '/openlane/designs/seq_detector/runs/RUN_2025.05.06_16.09.42/tmp/placement/7-global_skip_io.odb'…
Writing netlist to '/openlane/designs/seq_detector/runs/RUN_2025.05.06_16.09.42/tmp/placement/7-global_skip_io.nl.v'…
Writing powered netlist to '/openlane/designs/seq_detector/runs/RUN_2025.05.06_16.09.42/tmp/placement/7-global_skip_io.pnl.v'…
Writing layout to '/openlane/designs/seq_detector/runs/RUN_2025.05.06_16.09.42/tmp/placement/7-global_skip_io.def'…
