
===========================================================================
 report_power
============================================================================
======================= Fastest Corner ===================================

Group                  Internal  Switching    Leakage      Total
                          Power      Power      Power      Power (Watts)
----------------------------------------------------------------
Sequential             1.01e-05   3.99e-07   7.64e-09   1.05e-05  12.9%
Combinational          2.04e-06   1.80e-06   1.13e-10   3.84e-06   4.7%
Clock                  5.82e-05   9.07e-06   6.62e-10   6.73e-05  82.4%
Macro                  0.00e+00   0.00e+00   0.00e+00   0.00e+00   0.0%
Pad                    0.00e+00   0.00e+00   0.00e+00   0.00e+00   0.0%
----------------------------------------------------------------
Total                  7.03e-05   1.13e-05   8.41e-09   8.16e-05 100.0%
                          86.2%      13.8%       0.0%

======================= Slowest Corner ===================================

Group                  Internal  Switching    Leakage      Total
                          Power      Power      Power      Power (Watts)
----------------------------------------------------------------
Sequential             6.80e-06   2.57e-07   3.77e-08   7.09e-06  12.5%
Combinational          1.41e-06   1.18e-06   7.49e-08   2.67e-06   4.7%
Clock                  4.10e-05   5.97e-06   5.75e-08   4.70e-05  82.8%
Macro                  0.00e+00   0.00e+00   0.00e+00   0.00e+00   0.0%
Pad                    0.00e+00   0.00e+00   0.00e+00   0.00e+00   0.0%
----------------------------------------------------------------
Total                  4.92e-05   7.41e-06   1.70e-07   5.68e-05 100.0%
                          86.7%      13.0%       0.3%

======================= Typical Corner ===================================

Group                  Internal  Switching    Leakage      Total
                          Power      Power      Power      Power (Watts)
----------------------------------------------------------------
Sequential             8.67e-06   3.32e-07   7.63e-09   9.01e-06  12.8%
Combinational          1.77e-06   1.52e-06   4.64e-11   3.29e-06   4.7%
Clock                  5.05e-05   7.63e-06   5.08e-10   5.82e-05  82.5%
Macro                  0.00e+00   0.00e+00   0.00e+00   0.00e+00   0.0%
Pad                    0.00e+00   0.00e+00   0.00e+00   0.00e+00   0.0%
----------------------------------------------------------------
Total                  6.10e-05   9.48e-06   8.19e-09   7.05e-05 100.0%
                          86.5%      13.5%       0.0%

