Instance,Terminal,Layer,X location,Y location,Voltage
FILLER_0_27_189,VGND,li1,92.6900,87.0400,0.000000
FILLER_0_27_181,VGND,li1,90.6200,87.0400,0.000000
FILLER_0_27_169,VGND,li1,86.0200,87.0400,0.000000
FILLER_0_27_165,VGND,li1,82.1100,87.0400,0.000000
FILLER_0_27_153,VGND,li1,78.6600,87.0400,0.000000
FILLER_0_27_141,VGND,li1,73.1400,87.0400,0.000000
FILLER_0_27_137,VGND,li1,69.2300,87.0400,0.000000
FILLER_0_27_125,VGND,li1,65.7800,87.0400,0.000000
FILLER_0_27_113,VGND,li1,60.2600,87.0400,0.000000
FILLER_0_27_109,VGND,li1,56.3500,87.0400,0.000000
FILLER_0_27_97,VGND,li1,52.9000,87.0400,0.000000
FILLER_0_27_85,VGND,li1,47.3800,87.0400,0.000000
FILLER_0_27_81,VGND,li1,43.4700,87.0400,0.000000
FILLER_0_27_69,VGND,li1,40.0200,87.0400,0.000000
FILLER_0_27_57,VGND,li1,34.5000,87.0400,0.000000
FILLER_0_27_53,VGND,li1,30.5900,87.0400,0.000000
FILLER_0_27_41,VGND,li1,27.1400,87.0400,0.000000
FILLER_0_27_29,VGND,li1,21.6200,87.0400,0.000000
FILLER_0_27_27,VGND,li1,18.1700,87.0400,0.000000
FILLER_0_27_15,VGND,li1,15.1800,87.0400,0.000000
FILLER_0_27_3,VGND,li1,9.6600,87.0400,0.000000
FILLER_0_26_189,VGND,li1,92.6900,81.6000,0.000000
FILLER_0_26_177,VGND,li1,89.7000,81.6000,0.000000
FILLER_0_26_165,VGND,li1,84.1800,81.6000,0.000000
FILLER_0_26_153,VGND,li1,78.6600,81.6000,0.000000
FILLER_0_26_141,VGND,li1,73.1400,81.6000,0.000000
FILLER_0_26_139,VGND,li1,69.6900,81.6000,0.000000
FILLER_0_26_133,VGND,li1,68.0800,81.6000,0.000000
FILLER_0_26_121,VGND,li1,63.9400,81.6000,0.000000
FILLER_0_26_109,VGND,li1,58.4200,81.6000,0.000000
FILLER_0_26_97,VGND,li1,52.9000,81.6000,0.000000
FILLER_0_26_85,VGND,li1,47.3800,81.6000,0.000000
FILLER_0_26_83,VGND,li1,43.9300,81.6000,0.000000
FILLER_0_26_77,VGND,li1,42.3200,81.6000,0.000000
FILLER_0_26_65,VGND,li1,38.1800,81.6000,0.000000
FILLER_0_26_53,VGND,li1,32.6600,81.6000,0.000000
FILLER_0_26_41,VGND,li1,27.1400,81.6000,0.000000
FILLER_0_26_29,VGND,li1,21.6200,81.6000,0.000000
FILLER_0_26_27,VGND,li1,18.1700,81.6000,0.000000
FILLER_0_26_15,VGND,li1,15.1800,81.6000,0.000000
FILLER_0_26_3,VGND,li1,9.6600,81.6000,0.000000
FILLER_0_25_189,VGND,li1,92.6900,81.6000,0.000000
FILLER_0_25_181,VGND,li1,90.6200,81.6000,0.000000
FILLER_0_25_169,VGND,li1,86.0200,81.6000,0.000000
FILLER_0_25_167,VGND,li1,82.5700,81.6000,0.000000
FILLER_0_25_161,VGND,li1,80.9600,81.6000,0.000000
FILLER_0_25_149,VGND,li1,76.8200,81.6000,0.000000
FILLER_0_25_137,VGND,li1,71.3000,81.6000,0.000000
FILLER_0_25_125,VGND,li1,65.7800,81.6000,0.000000
FILLER_0_25_113,VGND,li1,60.2600,81.6000,0.000000
FILLER_0_25_111,VGND,li1,56.8100,81.6000,0.000000
FILLER_0_25_105,VGND,li1,55.2000,81.6000,0.000000
FILLER_0_25_93,VGND,li1,51.0600,81.6000,0.000000
FILLER_0_25_81,VGND,li1,45.5400,81.6000,0.000000
FILLER_0_25_69,VGND,li1,40.0200,81.6000,0.000000
FILLER_0_25_57,VGND,li1,34.5000,81.6000,0.000000
FILLER_0_25_55,VGND,li1,31.0500,81.6000,0.000000
FILLER_0_25_51,VGND,li1,29.9000,81.6000,0.000000
FILLER_0_25_39,VGND,li1,26.2200,81.6000,0.000000
FILLER_0_25_27,VGND,li1,20.7000,81.6000,0.000000
FILLER_0_25_15,VGND,li1,15.1800,81.6000,0.000000
FILLER_0_25_3,VGND,li1,9.6600,81.6000,0.000000
FILLER_0_24_189,VGND,li1,92.6900,76.1600,0.000000
FILLER_0_24_177,VGND,li1,89.7000,76.1600,0.000000
FILLER_0_24_165,VGND,li1,84.1800,76.1600,0.000000
FILLER_0_24_153,VGND,li1,78.6600,76.1600,0.000000
FILLER_0_24_141,VGND,li1,73.1400,76.1600,0.000000
FILLER_0_24_139,VGND,li1,69.6900,76.1600,0.000000
FILLER_0_24_133,VGND,li1,68.0800,76.1600,0.000000
FILLER_0_24_121,VGND,li1,63.9400,76.1600,0.000000
FILLER_0_24_109,VGND,li1,58.4200,76.1600,0.000000
FILLER_0_24_97,VGND,li1,52.9000,76.1600,0.000000
FILLER_0_24_85,VGND,li1,47.3800,76.1600,0.000000
FILLER_0_24_83,VGND,li1,43.9300,76.1600,0.000000
FILLER_0_24_77,VGND,li1,42.3200,76.1600,0.000000
FILLER_0_24_65,VGND,li1,38.1800,76.1600,0.000000
FILLER_0_24_53,VGND,li1,32.6600,76.1600,0.000000
FILLER_0_24_41,VGND,li1,27.1400,76.1600,0.000000
FILLER_0_24_29,VGND,li1,21.6200,76.1600,0.000000
FILLER_0_24_27,VGND,li1,18.1700,76.1600,0.000000
FILLER_0_24_15,VGND,li1,15.1800,76.1600,0.000000
FILLER_0_24_3,VGND,li1,9.6600,76.1600,0.000000
FILLER_0_23_189,VGND,li1,92.6900,76.1600,0.000000
FILLER_0_23_181,VGND,li1,90.6200,76.1600,0.000000
FILLER_0_23_169,VGND,li1,86.0200,76.1600,0.000000
FILLER_0_23_167,VGND,li1,82.5700,76.1600,0.000000
FILLER_0_23_161,VGND,li1,80.9600,76.1600,0.000000
FILLER_0_23_149,VGND,li1,76.8200,76.1600,0.000000
FILLER_0_23_137,VGND,li1,71.3000,76.1600,0.000000
FILLER_0_23_125,VGND,li1,65.7800,76.1600,0.000000
FILLER_0_23_113,VGND,li1,60.2600,76.1600,0.000000
FILLER_0_23_111,VGND,li1,56.8100,76.1600,0.000000
FILLER_0_23_105,VGND,li1,55.2000,76.1600,0.000000
FILLER_0_23_93,VGND,li1,51.0600,76.1600,0.000000
FILLER_0_23_81,VGND,li1,45.5400,76.1600,0.000000
FILLER_0_23_69,VGND,li1,40.0200,76.1600,0.000000
FILLER_0_23_57,VGND,li1,34.5000,76.1600,0.000000
FILLER_0_23_55,VGND,li1,31.0500,76.1600,0.000000
FILLER_0_23_51,VGND,li1,29.9000,76.1600,0.000000
FILLER_0_23_39,VGND,li1,26.2200,76.1600,0.000000
FILLER_0_23_27,VGND,li1,20.7000,76.1600,0.000000
FILLER_0_23_15,VGND,li1,15.1800,76.1600,0.000000
FILLER_0_23_3,VGND,li1,9.6600,76.1600,0.000000
FILLER_0_22_189,VGND,li1,92.6900,70.7200,0.000000
FILLER_0_22_177,VGND,li1,89.7000,70.7200,0.000000
FILLER_0_22_165,VGND,li1,84.1800,70.7200,0.000000
FILLER_0_22_153,VGND,li1,78.6600,70.7200,0.000000
FILLER_0_22_141,VGND,li1,73.1400,70.7200,0.000000
FILLER_0_22_139,VGND,li1,69.6900,70.7200,0.000000
FILLER_0_22_133,VGND,li1,68.0800,70.7200,0.000000
FILLER_0_22_121,VGND,li1,63.9400,70.7200,0.000000
FILLER_0_22_109,VGND,li1,58.4200,70.7200,0.000000
FILLER_0_22_97,VGND,li1,52.9000,70.7200,0.000000
FILLER_0_22_85,VGND,li1,47.3800,70.7200,0.000000
FILLER_0_22_83,VGND,li1,43.9300,70.7200,0.000000
FILLER_0_22_77,VGND,li1,42.3200,70.7200,0.000000
FILLER_0_22_65,VGND,li1,38.1800,70.7200,0.000000
FILLER_0_22_53,VGND,li1,32.6600,70.7200,0.000000
FILLER_0_22_41,VGND,li1,27.1400,70.7200,0.000000
FILLER_0_22_29,VGND,li1,21.6200,70.7200,0.000000
FILLER_0_22_27,VGND,li1,18.1700,70.7200,0.000000
FILLER_0_22_15,VGND,li1,15.1800,70.7200,0.000000
FILLER_0_22_3,VGND,li1,9.6600,70.7200,0.000000
FILLER_0_21_189,VGND,li1,92.6900,70.7200,0.000000
FILLER_0_21_181,VGND,li1,90.6200,70.7200,0.000000
FILLER_0_21_169,VGND,li1,86.0200,70.7200,0.000000
FILLER_0_21_167,VGND,li1,82.5700,70.7200,0.000000
FILLER_0_21_161,VGND,li1,80.9600,70.7200,0.000000
FILLER_0_21_149,VGND,li1,76.8200,70.7200,0.000000
FILLER_0_21_137,VGND,li1,71.3000,70.7200,0.000000
FILLER_0_21_125,VGND,li1,65.7800,70.7200,0.000000
FILLER_0_21_113,VGND,li1,60.2600,70.7200,0.000000
FILLER_0_21_111,VGND,li1,56.8100,70.7200,0.000000
FILLER_0_21_105,VGND,li1,55.2000,70.7200,0.000000
FILLER_0_21_93,VGND,li1,51.0600,70.7200,0.000000
FILLER_0_21_81,VGND,li1,45.5400,70.7200,0.000000
FILLER_0_21_69,VGND,li1,40.0200,70.7200,0.000000
FILLER_0_21_57,VGND,li1,34.5000,70.7200,0.000000
FILLER_0_21_55,VGND,li1,31.0500,70.7200,0.000000
FILLER_0_21_51,VGND,li1,29.9000,70.7200,0.000000
FILLER_0_21_39,VGND,li1,26.2200,70.7200,0.000000
FILLER_0_21_27,VGND,li1,20.7000,70.7200,0.000000
FILLER_0_21_15,VGND,li1,15.1800,70.7200,0.000000
FILLER_0_21_3,VGND,li1,9.6600,70.7200,0.000000
FILLER_0_20_189,VGND,li1,92.6900,65.2800,0.000000
FILLER_0_20_177,VGND,li1,89.7000,65.2800,0.000000
FILLER_0_20_165,VGND,li1,84.1800,65.2800,0.000000
FILLER_0_20_153,VGND,li1,78.6600,65.2800,0.000000
FILLER_0_20_141,VGND,li1,73.1400,65.2800,0.000000
FILLER_0_20_139,VGND,li1,69.6900,65.2800,0.000000
FILLER_0_20_133,VGND,li1,68.0800,65.2800,0.000000
FILLER_0_20_121,VGND,li1,63.9400,65.2800,0.000000
FILLER_0_20_109,VGND,li1,58.4200,65.2800,0.000000
FILLER_0_20_97,VGND,li1,52.9000,65.2800,0.000000
FILLER_0_20_85,VGND,li1,47.3800,65.2800,0.000000
FILLER_0_20_83,VGND,li1,43.9300,65.2800,0.000000
FILLER_0_20_77,VGND,li1,42.3200,65.2800,0.000000
FILLER_0_20_65,VGND,li1,38.1800,65.2800,0.000000
FILLER_0_20_53,VGND,li1,32.6600,65.2800,0.000000
FILLER_0_20_41,VGND,li1,27.1400,65.2800,0.000000
FILLER_0_20_29,VGND,li1,21.6200,65.2800,0.000000
FILLER_0_20_27,VGND,li1,18.1700,65.2800,0.000000
FILLER_0_20_15,VGND,li1,15.1800,65.2800,0.000000
FILLER_0_20_3,VGND,li1,9.6600,65.2800,0.000000
FILLER_0_19_189,VGND,li1,92.6900,65.2800,0.000000
FILLER_0_19_181,VGND,li1,90.6200,65.2800,0.000000
FILLER_0_19_169,VGND,li1,86.0200,65.2800,0.000000
FILLER_0_19_167,VGND,li1,82.5700,65.2800,0.000000
FILLER_0_19_161,VGND,li1,80.9600,65.2800,0.000000
FILLER_0_19_149,VGND,li1,76.8200,65.2800,0.000000
FILLER_0_19_137,VGND,li1,71.3000,65.2800,0.000000
FILLER_0_19_125,VGND,li1,65.7800,65.2800,0.000000
FILLER_0_19_113,VGND,li1,60.2600,65.2800,0.000000
FILLER_0_19_111,VGND,li1,56.8100,65.2800,0.000000
FILLER_0_19_105,VGND,li1,55.2000,65.2800,0.000000
FILLER_0_19_93,VGND,li1,51.0600,65.2800,0.000000
FILLER_0_19_81,VGND,li1,45.5400,65.2800,0.000000
FILLER_0_19_69,VGND,li1,40.0200,65.2800,0.000000
FILLER_0_19_57,VGND,li1,34.5000,65.2800,0.000000
FILLER_0_19_55,VGND,li1,31.0500,65.2800,0.000000
FILLER_0_19_51,VGND,li1,29.9000,65.2800,0.000000
FILLER_0_19_39,VGND,li1,26.2200,65.2800,0.000000
FILLER_0_19_27,VGND,li1,20.7000,65.2800,0.000000
FILLER_0_19_15,VGND,li1,15.1800,65.2800,0.000000
FILLER_0_19_3,VGND,li1,9.6600,65.2800,0.000000
FILLER_0_18_189,VGND,li1,92.6900,59.8400,0.000003
FILLER_0_18_177,VGND,li1,89.7000,59.8400,0.000003
FILLER_0_18_165,VGND,li1,84.1800,59.8400,0.000004
FILLER_0_18_153,VGND,li1,78.6600,59.8400,0.000005
FILLER_0_18_141,VGND,li1,73.1400,59.8400,0.000007
FILLER_0_18_139,VGND,li1,69.6900,59.8400,0.000008
FILLER_0_18_133,VGND,li1,68.0800,59.8400,0.000008
FILLER_0_18_121,VGND,li1,63.9400,59.8400,0.000009
FILLER_0_18_109,VGND,li1,58.4200,59.8400,0.000017
FILLER_0_18_97,VGND,li1,52.9000,59.8400,0.000023
FILLER_0_18_85,VGND,li1,47.3800,59.8400,0.000016
FILLER_0_18_83,VGND,li1,43.9300,59.8400,0.000012
FILLER_0_18_77,VGND,li1,42.3200,59.8400,0.000010
FILLER_0_18_65,VGND,li1,38.1800,59.8400,0.000009
FILLER_0_18_53,VGND,li1,32.6600,59.8400,0.000007
FILLER_0_18_41,VGND,li1,27.1400,59.8400,0.000005
FILLER_0_18_29,VGND,li1,21.6200,59.8400,0.000004
FILLER_0_18_27,VGND,li1,18.1700,59.8400,0.000003
FILLER_0_18_15,VGND,li1,15.1800,59.8400,0.000003
FILLER_0_18_3,VGND,li1,9.6600,59.8400,0.000003
FILLER_0_17_189,VGND,li1,92.6900,59.8400,0.000003
FILLER_0_17_181,VGND,li1,90.6200,59.8400,0.000003
FILLER_0_17_169,VGND,li1,86.0200,59.8400,0.000003
FILLER_0_17_167,VGND,li1,82.5700,59.8400,0.000004
FILLER_0_17_161,VGND,li1,80.9600,59.8400,0.000004
FILLER_0_17_149,VGND,li1,76.8200,59.8400,0.000006
FILLER_0_17_137,VGND,li1,71.3000,59.8400,0.000007
FILLER_0_17_125,VGND,li1,65.7800,59.8400,0.000009
FILLER_0_17_113,VGND,li1,60.2600,59.8400,0.000014
FILLER_0_17_89,VGND,li1,47.1500,59.8400,0.000016
FILLER_0_17_81,VGND,li1,44.6200,59.8400,0.000012
FILLER_0_17_69,VGND,li1,40.0200,59.8400,0.000009
FILLER_0_17_57,VGND,li1,34.5000,59.8400,0.000008
FILLER_0_17_55,VGND,li1,31.0500,59.8400,0.000006
FILLER_0_17_51,VGND,li1,29.9000,59.8400,0.000006
FILLER_0_17_39,VGND,li1,26.2200,59.8400,0.000005
FILLER_0_17_27,VGND,li1,20.7000,59.8400,0.000003
FILLER_0_17_15,VGND,li1,15.1800,59.8400,0.000003
FILLER_0_17_3,VGND,li1,9.6600,59.8400,0.000003
FILLER_0_16_189,VGND,li1,92.6900,54.4000,0.000001
FILLER_0_16_177,VGND,li1,89.7000,54.4000,0.000001
FILLER_0_16_165,VGND,li1,84.1800,54.4000,0.000001
FILLER_0_16_153,VGND,li1,78.6600,54.4000,0.000001
FILLER_0_16_141,VGND,li1,73.1400,54.4000,0.000001
FILLER_0_16_139,VGND,li1,69.6900,54.4000,0.000000
FILLER_0_16_133,VGND,li1,68.0800,54.4000,0.000000
FILLER_0_16_121,VGND,li1,63.9400,54.4000,0.000000
FILLER_0_16_109,VGND,li1,58.4200,54.4000,0.000001
FILLER_0_16_97,VGND,li1,52.9000,54.4000,0.000001
FILLER_0_16_85,VGND,li1,47.3800,54.4000,0.000001
FILLER_0_16_83,VGND,li1,43.9300,54.4000,0.000001
FILLER_0_16_77,VGND,li1,42.3200,54.4000,0.000000
FILLER_0_16_65,VGND,li1,38.1800,54.4000,0.000000
FILLER_0_16_53,VGND,li1,32.6600,54.4000,0.000000
FILLER_0_16_41,VGND,li1,27.1400,54.4000,0.000000
FILLER_0_16_29,VGND,li1,21.6200,54.4000,0.000000
FILLER_0_16_27,VGND,li1,18.1700,54.4000,0.000000
FILLER_0_16_15,VGND,li1,15.1800,54.4000,0.000000
FILLER_0_16_3,VGND,li1,9.6600,54.4000,0.000000
FILLER_0_15_185,VGND,li1,90.8500,54.4000,0.000001
FILLER_0_15_181,VGND,li1,89.7000,54.4000,0.000001
FILLER_0_15_169,VGND,li1,86.0200,54.4000,0.000001
FILLER_0_15_167,VGND,li1,82.5700,54.4000,0.000001
FILLER_0_15_161,VGND,li1,80.9600,54.4000,0.000001
FILLER_0_15_149,VGND,li1,76.8200,54.4000,0.000001
FILLER_0_15_137,VGND,li1,71.3000,54.4000,0.000001
FILLER_0_15_125,VGND,li1,65.7800,54.4000,0.000000
FILLER_0_15_113,VGND,li1,60.2600,54.4000,0.000001
FILLER_0_15_99,VGND,li1,51.5200,54.4000,0.000001
FILLER_0_15_87,VGND,li1,48.3000,54.4000,0.000001
FILLER_0_15_81,VGND,li1,43.4700,54.4000,0.000000
FILLER_0_15_69,VGND,li1,40.0200,54.4000,0.000000
FILLER_0_15_57,VGND,li1,34.5000,54.4000,0.000000
FILLER_0_15_55,VGND,li1,31.0500,54.4000,0.000000
FILLER_0_15_51,VGND,li1,29.9000,54.4000,0.000000
FILLER_0_15_39,VGND,li1,26.2200,54.4000,0.000000
FILLER_0_15_27,VGND,li1,20.7000,54.4000,0.000000
FILLER_0_15_15,VGND,li1,15.1800,54.4000,0.000000
FILLER_0_15_3,VGND,li1,9.6600,54.4000,0.000000
FILLER_0_14_185,VGND,li1,91.0800,48.9600,0.000004
FILLER_0_14_177,VGND,li1,88.7800,48.9600,0.000004
FILLER_0_14_165,VGND,li1,84.1800,48.9600,0.000005
FILLER_0_14_153,VGND,li1,78.6600,48.9600,0.000007
FILLER_0_14_141,VGND,li1,73.1400,48.9600,0.000009
FILLER_0_14_128,VGND,li1,67.1600,48.9600,0.000011
FILLER_0_14_105,VGND,li1,55.2000,48.9600,0.000026
FILLER_0_14_77,VGND,li1,41.8600,48.9600,0.000019
FILLER_0_14_65,VGND,li1,38.1800,48.9600,0.000016
FILLER_0_14_53,VGND,li1,32.6600,48.9600,0.000013
FILLER_0_14_41,VGND,li1,27.1400,48.9600,0.000009
FILLER_0_14_29,VGND,li1,21.6200,48.9600,0.000007
FILLER_0_14_27,VGND,li1,18.1700,48.9600,0.000006
FILLER_0_14_15,VGND,li1,15.1800,48.9600,0.000006
FILLER_0_14_3,VGND,li1,9.6600,48.9600,0.000006
FILLER_0_13_189,VGND,li1,92.6900,48.9600,0.000004
FILLER_0_13_181,VGND,li1,90.6200,48.9600,0.000004
FILLER_0_13_169,VGND,li1,86.0200,48.9600,0.000004
FILLER_0_13_156,VGND,li1,80.0400,48.9600,0.000007
FILLER_0_13_144,VGND,li1,74.5200,48.9600,0.000009
FILLER_0_13_132,VGND,li1,69.0000,48.9600,0.000011
FILLER_0_13_120,VGND,li1,63.4800,48.9600,0.000013
FILLER_0_13_81,VGND,li1,43.4700,48.9600,0.000019
FILLER_0_13_69,VGND,li1,40.0200,48.9600,0.000018
FILLER_0_13_57,VGND,li1,34.5000,48.9600,0.000014
FILLER_0_13_55,VGND,li1,31.0500,48.9600,0.000012
FILLER_0_13_51,VGND,li1,29.9000,48.9600,0.000012
FILLER_0_13_39,VGND,li1,26.2200,48.9600,0.000009
FILLER_0_13_27,VGND,li1,20.7000,48.9600,0.000006
FILLER_0_13_15,VGND,li1,15.1800,48.9600,0.000006
FILLER_0_13_3,VGND,li1,9.6600,48.9600,0.000006
FILLER_0_12_189,VGND,li1,92.6900,43.5200,0.000002
FILLER_0_12_177,VGND,li1,89.7000,43.5200,0.000002
FILLER_0_12_165,VGND,li1,84.1800,43.5200,0.000003
FILLER_0_12_153,VGND,li1,78.6600,43.5200,0.000004
FILLER_0_12_141,VGND,li1,73.1400,43.5200,0.000005
FILLER_0_12_136,VGND,li1,69.0000,43.5200,0.000006
FILLER_0_12_124,VGND,li1,65.3200,43.5200,0.000007
FILLER_0_12_112,VGND,li1,59.8000,43.5200,0.000011
FILLER_0_12_83,VGND,li1,43.9300,43.5200,0.000022
FILLER_0_12_77,VGND,li1,42.3200,43.5200,0.000017
FILLER_0_12_65,VGND,li1,38.1800,43.5200,0.000015
FILLER_0_12_53,VGND,li1,32.6600,43.5200,0.000012
FILLER_0_12_41,VGND,li1,27.1400,43.5200,0.000009
FILLER_0_12_29,VGND,li1,21.6200,43.5200,0.000006
FILLER_0_12_27,VGND,li1,18.1700,43.5200,0.000005
FILLER_0_12_15,VGND,li1,15.1800,43.5200,0.000005
FILLER_0_12_3,VGND,li1,9.6600,43.5200,0.000005
FILLER_0_11_189,VGND,li1,92.6900,43.5200,0.000002
FILLER_0_11_181,VGND,li1,90.6200,43.5200,0.000002
FILLER_0_11_169,VGND,li1,86.0200,43.5200,0.000002
FILLER_0_11_167,VGND,li1,82.5700,43.5200,0.000003
FILLER_0_11_161,VGND,li1,80.9600,43.5200,0.000003
FILLER_0_11_149,VGND,li1,76.8200,43.5200,0.000004
FILLER_0_11_137,VGND,li1,71.3000,43.5200,0.000005
FILLER_0_11_125,VGND,li1,65.7800,43.5200,0.000007
FILLER_0_11_113,VGND,li1,60.2600,43.5200,0.000011
FILLER_0_11_109,VGND,li1,56.3500,43.5200,0.000015
FILLER_0_11_97,VGND,li1,52.9000,43.5200,0.000017
FILLER_0_11_73,VGND,li1,39.3300,43.5200,0.000015
FILLER_0_11_69,VGND,li1,38.1800,43.5200,0.000015
FILLER_0_11_57,VGND,li1,34.5000,43.5200,0.000013
FILLER_0_11_55,VGND,li1,31.0500,43.5200,0.000011
FILLER_0_11_51,VGND,li1,29.9000,43.5200,0.000011
FILLER_0_11_39,VGND,li1,26.2200,43.5200,0.000009
FILLER_0_11_27,VGND,li1,20.7000,43.5200,0.000005
FILLER_0_11_15,VGND,li1,15.1800,43.5200,0.000005
FILLER_0_11_3,VGND,li1,9.6600,43.5200,0.000005
FILLER_0_10_189,VGND,li1,92.6900,38.0800,0.000000
FILLER_0_10_177,VGND,li1,89.7000,38.0800,0.000000
FILLER_0_10_165,VGND,li1,84.1800,38.0800,0.000000
FILLER_0_10_153,VGND,li1,78.6600,38.0800,0.000000
FILLER_0_10_141,VGND,li1,73.1400,38.0800,0.000000
FILLER_0_10_139,VGND,li1,69.6900,38.0800,0.000000
FILLER_0_10_133,VGND,li1,68.0800,38.0800,0.000000
FILLER_0_10_121,VGND,li1,63.9400,38.0800,0.000000
FILLER_0_10_109,VGND,li1,58.4200,38.0800,0.000000
FILLER_0_10_97,VGND,li1,52.9000,38.0800,0.000000
FILLER_0_10_85,VGND,li1,47.3800,38.0800,0.000000
FILLER_0_10_83,VGND,li1,43.9300,38.0800,0.000000
FILLER_0_10_77,VGND,li1,42.3200,38.0800,0.000000
FILLER_0_10_65,VGND,li1,38.1800,38.0800,0.000000
FILLER_0_10_53,VGND,li1,32.6600,38.0800,0.000000
FILLER_0_10_41,VGND,li1,27.1400,38.0800,0.000000
FILLER_0_10_29,VGND,li1,21.6200,38.0800,0.000000
FILLER_0_10_27,VGND,li1,18.1700,38.0800,0.000000
FILLER_0_10_15,VGND,li1,15.1800,38.0800,0.000000
FILLER_0_10_3,VGND,li1,9.6600,38.0800,0.000000
FILLER_0_9_189,VGND,li1,92.6900,38.0800,0.000000
FILLER_0_9_181,VGND,li1,90.6200,38.0800,0.000000
FILLER_0_9_169,VGND,li1,86.0200,38.0800,0.000000
FILLER_0_9_167,VGND,li1,82.5700,38.0800,0.000000
FILLER_0_9_161,VGND,li1,80.9600,38.0800,0.000000
FILLER_0_9_149,VGND,li1,76.8200,38.0800,0.000000
FILLER_0_9_137,VGND,li1,71.3000,38.0800,0.000000
FILLER_0_9_125,VGND,li1,65.7800,38.0800,0.000000
FILLER_0_9_113,VGND,li1,60.2600,38.0800,0.000000
FILLER_0_9_111,VGND,li1,56.8100,38.0800,0.000000
FILLER_0_9_105,VGND,li1,55.2000,38.0800,0.000000
FILLER_0_9_93,VGND,li1,51.0600,38.0800,0.000000
FILLER_0_9_81,VGND,li1,45.5400,38.0800,0.000000
FILLER_0_9_69,VGND,li1,40.0200,38.0800,0.000000
FILLER_0_9_57,VGND,li1,34.5000,38.0800,0.000000
FILLER_0_9_55,VGND,li1,31.0500,38.0800,0.000000
FILLER_0_9_51,VGND,li1,29.9000,38.0800,0.000000
FILLER_0_9_39,VGND,li1,26.2200,38.0800,0.000000
FILLER_0_9_27,VGND,li1,20.7000,38.0800,0.000000
FILLER_0_9_15,VGND,li1,15.1800,38.0800,0.000000
FILLER_0_9_3,VGND,li1,9.6600,38.0800,0.000000
FILLER_0_8_189,VGND,li1,92.6900,32.6400,0.000000
FILLER_0_8_177,VGND,li1,89.7000,32.6400,0.000000
FILLER_0_8_165,VGND,li1,84.1800,32.6400,0.000000
FILLER_0_8_153,VGND,li1,78.6600,32.6400,0.000000
FILLER_0_8_141,VGND,li1,73.1400,32.6400,0.000000
FILLER_0_8_139,VGND,li1,69.6900,32.6400,0.000000
FILLER_0_8_133,VGND,li1,68.0800,32.6400,0.000000
FILLER_0_8_121,VGND,li1,63.9400,32.6400,0.000000
FILLER_0_8_109,VGND,li1,58.4200,32.6400,0.000000
FILLER_0_8_97,VGND,li1,52.9000,32.6400,0.000000
FILLER_0_8_85,VGND,li1,47.3800,32.6400,0.000000
FILLER_0_8_83,VGND,li1,43.9300,32.6400,0.000000
FILLER_0_8_77,VGND,li1,42.3200,32.6400,0.000000
FILLER_0_8_65,VGND,li1,38.1800,32.6400,0.000000
FILLER_0_8_53,VGND,li1,32.6600,32.6400,0.000000
FILLER_0_8_41,VGND,li1,27.1400,32.6400,0.000000
FILLER_0_8_29,VGND,li1,21.6200,32.6400,0.000000
FILLER_0_8_27,VGND,li1,18.1700,32.6400,0.000000
FILLER_0_8_15,VGND,li1,15.1800,32.6400,0.000000
FILLER_0_8_3,VGND,li1,9.6600,32.6400,0.000000
FILLER_0_7_189,VGND,li1,92.6900,32.6400,0.000000
FILLER_0_7_181,VGND,li1,90.6200,32.6400,0.000000
FILLER_0_7_169,VGND,li1,86.0200,32.6400,0.000000
FILLER_0_7_167,VGND,li1,82.5700,32.6400,0.000000
FILLER_0_7_161,VGND,li1,80.9600,32.6400,0.000000
FILLER_0_7_149,VGND,li1,76.8200,32.6400,0.000000
FILLER_0_7_137,VGND,li1,71.3000,32.6400,0.000000
FILLER_0_7_125,VGND,li1,65.7800,32.6400,0.000000
FILLER_0_7_113,VGND,li1,60.2600,32.6400,0.000000
FILLER_0_7_111,VGND,li1,56.8100,32.6400,0.000000
FILLER_0_7_105,VGND,li1,55.2000,32.6400,0.000000
FILLER_0_7_93,VGND,li1,51.0600,32.6400,0.000000
FILLER_0_7_81,VGND,li1,45.5400,32.6400,0.000000
FILLER_0_7_69,VGND,li1,40.0200,32.6400,0.000000
FILLER_0_7_57,VGND,li1,34.5000,32.6400,0.000000
FILLER_0_7_55,VGND,li1,31.0500,32.6400,0.000000
FILLER_0_7_51,VGND,li1,29.9000,32.6400,0.000000
FILLER_0_7_39,VGND,li1,26.2200,32.6400,0.000000
FILLER_0_7_27,VGND,li1,20.7000,32.6400,0.000000
FILLER_0_7_15,VGND,li1,15.1800,32.6400,0.000000
FILLER_0_7_3,VGND,li1,9.6600,32.6400,0.000000
FILLER_0_6_189,VGND,li1,92.6900,27.2000,0.000000
FILLER_0_6_177,VGND,li1,89.7000,27.2000,0.000000
FILLER_0_6_165,VGND,li1,84.1800,27.2000,0.000000
FILLER_0_6_153,VGND,li1,78.6600,27.2000,0.000000
FILLER_0_6_141,VGND,li1,73.1400,27.2000,0.000000
FILLER_0_6_139,VGND,li1,69.6900,27.2000,0.000000
FILLER_0_6_133,VGND,li1,68.0800,27.2000,0.000000
FILLER_0_6_121,VGND,li1,63.9400,27.2000,0.000000
FILLER_0_6_109,VGND,li1,58.4200,27.2000,0.000000
FILLER_0_6_97,VGND,li1,52.9000,27.2000,0.000000
FILLER_0_6_85,VGND,li1,47.3800,27.2000,0.000000
FILLER_0_6_83,VGND,li1,43.9300,27.2000,0.000000
FILLER_0_6_77,VGND,li1,42.3200,27.2000,0.000000
FILLER_0_6_65,VGND,li1,38.1800,27.2000,0.000000
FILLER_0_6_53,VGND,li1,32.6600,27.2000,0.000000
FILLER_0_6_41,VGND,li1,27.1400,27.2000,0.000000
FILLER_0_6_29,VGND,li1,21.6200,27.2000,0.000000
FILLER_0_6_27,VGND,li1,18.1700,27.2000,0.000000
FILLER_0_6_15,VGND,li1,15.1800,27.2000,0.000000
FILLER_0_6_3,VGND,li1,9.6600,27.2000,0.000000
FILLER_0_5_189,VGND,li1,92.6900,27.2000,0.000000
FILLER_0_5_181,VGND,li1,90.6200,27.2000,0.000000
FILLER_0_5_169,VGND,li1,86.0200,27.2000,0.000000
FILLER_0_5_167,VGND,li1,82.5700,27.2000,0.000000
FILLER_0_5_161,VGND,li1,80.9600,27.2000,0.000000
FILLER_0_5_149,VGND,li1,76.8200,27.2000,0.000000
FILLER_0_5_137,VGND,li1,71.3000,27.2000,0.000000
FILLER_0_5_125,VGND,li1,65.7800,27.2000,0.000000
FILLER_0_5_113,VGND,li1,60.2600,27.2000,0.000000
FILLER_0_5_111,VGND,li1,56.8100,27.2000,0.000000
FILLER_0_5_105,VGND,li1,55.2000,27.2000,0.000000
FILLER_0_5_93,VGND,li1,51.0600,27.2000,0.000000
FILLER_0_5_81,VGND,li1,45.5400,27.2000,0.000000
FILLER_0_5_69,VGND,li1,40.0200,27.2000,0.000000
FILLER_0_5_57,VGND,li1,34.5000,27.2000,0.000000
FILLER_0_5_55,VGND,li1,31.0500,27.2000,0.000000
FILLER_0_5_51,VGND,li1,29.9000,27.2000,0.000000
FILLER_0_5_39,VGND,li1,26.2200,27.2000,0.000000
FILLER_0_5_27,VGND,li1,20.7000,27.2000,0.000000
FILLER_0_5_15,VGND,li1,15.1800,27.2000,0.000000
FILLER_0_5_3,VGND,li1,9.6600,27.2000,0.000000
FILLER_0_4_189,VGND,li1,92.6900,21.7600,0.000000
FILLER_0_4_177,VGND,li1,89.7000,21.7600,0.000000
FILLER_0_4_165,VGND,li1,84.1800,21.7600,0.000000
FILLER_0_4_153,VGND,li1,78.6600,21.7600,0.000000
FILLER_0_4_141,VGND,li1,73.1400,21.7600,0.000000
FILLER_0_4_139,VGND,li1,69.6900,21.7600,0.000000
FILLER_0_4_133,VGND,li1,68.0800,21.7600,0.000000
FILLER_0_4_121,VGND,li1,63.9400,21.7600,0.000000
FILLER_0_4_109,VGND,li1,58.4200,21.7600,0.000000
FILLER_0_4_97,VGND,li1,52.9000,21.7600,0.000000
FILLER_0_4_85,VGND,li1,47.3800,21.7600,0.000000
FILLER_0_4_83,VGND,li1,43.9300,21.7600,0.000000
FILLER_0_4_77,VGND,li1,42.3200,21.7600,0.000000
FILLER_0_4_65,VGND,li1,38.1800,21.7600,0.000000
FILLER_0_4_53,VGND,li1,32.6600,21.7600,0.000000
FILLER_0_4_41,VGND,li1,27.1400,21.7600,0.000000
FILLER_0_4_29,VGND,li1,21.6200,21.7600,0.000000
FILLER_0_4_27,VGND,li1,18.1700,21.7600,0.000000
FILLER_0_4_15,VGND,li1,15.1800,21.7600,0.000000
FILLER_0_4_3,VGND,li1,9.6600,21.7600,0.000000
FILLER_0_3_189,VGND,li1,92.6900,21.7600,0.000000
FILLER_0_3_181,VGND,li1,90.6200,21.7600,0.000000
FILLER_0_3_169,VGND,li1,86.0200,21.7600,0.000000
FILLER_0_3_167,VGND,li1,82.5700,21.7600,0.000000
FILLER_0_3_161,VGND,li1,80.9600,21.7600,0.000000
FILLER_0_3_149,VGND,li1,76.8200,21.7600,0.000000
FILLER_0_3_137,VGND,li1,71.3000,21.7600,0.000000
FILLER_0_3_125,VGND,li1,65.7800,21.7600,0.000000
FILLER_0_3_113,VGND,li1,60.2600,21.7600,0.000000
FILLER_0_3_111,VGND,li1,56.8100,21.7600,0.000000
FILLER_0_3_105,VGND,li1,55.2000,21.7600,0.000000
FILLER_0_3_93,VGND,li1,51.0600,21.7600,0.000000
FILLER_0_3_81,VGND,li1,45.5400,21.7600,0.000000
FILLER_0_3_69,VGND,li1,40.0200,21.7600,0.000000
FILLER_0_3_57,VGND,li1,34.5000,21.7600,0.000000
FILLER_0_3_55,VGND,li1,31.0500,21.7600,0.000000
FILLER_0_3_51,VGND,li1,29.9000,21.7600,0.000000
FILLER_0_3_39,VGND,li1,26.2200,21.7600,0.000000
FILLER_0_3_27,VGND,li1,20.7000,21.7600,0.000000
FILLER_0_3_15,VGND,li1,15.1800,21.7600,0.000000
FILLER_0_3_3,VGND,li1,9.6600,21.7600,0.000000
FILLER_0_2_189,VGND,li1,92.6900,16.3200,0.000000
FILLER_0_2_177,VGND,li1,89.7000,16.3200,0.000000
FILLER_0_2_165,VGND,li1,84.1800,16.3200,0.000000
FILLER_0_2_153,VGND,li1,78.6600,16.3200,0.000000
FILLER_0_2_141,VGND,li1,73.1400,16.3200,0.000000
FILLER_0_2_139,VGND,li1,69.6900,16.3200,0.000000
FILLER_0_2_133,VGND,li1,68.0800,16.3200,0.000000
FILLER_0_2_121,VGND,li1,63.9400,16.3200,0.000000
FILLER_0_2_109,VGND,li1,58.4200,16.3200,0.000000
FILLER_0_2_97,VGND,li1,52.9000,16.3200,0.000000
FILLER_0_2_85,VGND,li1,47.3800,16.3200,0.000000
FILLER_0_2_83,VGND,li1,43.9300,16.3200,0.000000
FILLER_0_2_77,VGND,li1,42.3200,16.3200,0.000000
FILLER_0_2_65,VGND,li1,38.1800,16.3200,0.000000
FILLER_0_2_53,VGND,li1,32.6600,16.3200,0.000000
FILLER_0_2_41,VGND,li1,27.1400,16.3200,0.000000
FILLER_0_2_29,VGND,li1,21.6200,16.3200,0.000000
FILLER_0_2_27,VGND,li1,18.1700,16.3200,0.000000
FILLER_0_2_15,VGND,li1,15.1800,16.3200,0.000000
FILLER_0_2_3,VGND,li1,9.6600,16.3200,0.000000
FILLER_0_1_189,VGND,li1,92.6900,16.3200,0.000000
FILLER_0_1_181,VGND,li1,90.6200,16.3200,0.000000
FILLER_0_1_169,VGND,li1,86.0200,16.3200,0.000000
FILLER_0_1_167,VGND,li1,82.5700,16.3200,0.000000
FILLER_0_1_161,VGND,li1,80.9600,16.3200,0.000000
FILLER_0_1_149,VGND,li1,76.8200,16.3200,0.000000
FILLER_0_1_137,VGND,li1,71.3000,16.3200,0.000000
FILLER_0_1_125,VGND,li1,65.7800,16.3200,0.000000
FILLER_0_1_113,VGND,li1,60.2600,16.3200,0.000000
FILLER_0_1_111,VGND,li1,56.8100,16.3200,0.000000
FILLER_0_1_105,VGND,li1,55.2000,16.3200,0.000000
FILLER_0_1_93,VGND,li1,51.0600,16.3200,0.000000
FILLER_0_1_81,VGND,li1,45.5400,16.3200,0.000000
FILLER_0_1_69,VGND,li1,40.0200,16.3200,0.000000
FILLER_0_1_57,VGND,li1,34.5000,16.3200,0.000000
FILLER_0_1_55,VGND,li1,31.0500,16.3200,0.000000
FILLER_0_1_51,VGND,li1,29.9000,16.3200,0.000000
FILLER_0_1_39,VGND,li1,26.2200,16.3200,0.000000
FILLER_0_1_27,VGND,li1,20.7000,16.3200,0.000000
FILLER_0_1_15,VGND,li1,15.1800,16.3200,0.000000
FILLER_0_1_3,VGND,li1,9.6600,16.3200,0.000000
FILLER_0_0_189,VGND,li1,92.6900,10.8800,0.000000
FILLER_0_0_181,VGND,li1,90.6200,10.8800,0.000000
FILLER_0_0_169,VGND,li1,86.0200,10.8800,0.000000
FILLER_0_0_165,VGND,li1,82.1100,10.8800,0.000000
FILLER_0_0_153,VGND,li1,78.6600,10.8800,0.000000
FILLER_0_0_141,VGND,li1,73.1400,10.8800,0.000000
FILLER_0_0_137,VGND,li1,69.2300,10.8800,0.000000
FILLER_0_0_125,VGND,li1,65.7800,10.8800,0.000000
FILLER_0_0_113,VGND,li1,60.2600,10.8800,0.000000
FILLER_0_0_109,VGND,li1,56.3500,10.8800,0.000000
FILLER_0_0_97,VGND,li1,52.9000,10.8800,0.000000
FILLER_0_0_93,VGND,li1,48.5300,10.8800,0.000000
FILLER_0_0_85,VGND,li1,46.4600,10.8800,0.000000
FILLER_0_0_81,VGND,li1,43.4700,10.8800,0.000000
FILLER_0_0_69,VGND,li1,40.0200,10.8800,0.000000
FILLER_0_0_57,VGND,li1,34.5000,10.8800,0.000000
FILLER_0_0_53,VGND,li1,30.5900,10.8800,0.000000
FILLER_0_0_41,VGND,li1,27.1400,10.8800,0.000000
FILLER_0_0_29,VGND,li1,21.6200,10.8800,0.000000
FILLER_0_0_27,VGND,li1,18.1700,10.8800,0.000000
FILLER_0_0_15,VGND,li1,15.1800,10.8800,0.000000
FILLER_0_0_3,VGND,li1,9.6600,10.8800,0.000000
hold3,VGND,li1,55.2000,48.9600,0.000026
hold2,VGND,li1,58.4200,48.9600,0.000023
hold1,VGND,li1,53.8200,54.4000,0.000001
clkbuf_1_1__f_clk,VGND,li1,52.4400,59.8400,0.000023
clkbuf_1_0__f_clk,VGND,li1,44.1600,43.5200,0.000022
clkbuf_0_clk,VGND,li1,48.7600,48.9600,0.000035
output3,VGND,li1,92.0000,54.4000,0.000001
input2,VGND,li1,49.4500,10.8800,0.000000
input1,VGND,li1,92.2300,48.9600,0.000004
TAP_TAPCELL_ROW_27_145,VGND,li1,83.0300,86.7480,0.000000
TAP_TAPCELL_ROW_27_144,VGND,li1,70.1500,86.7480,0.000000
TAP_TAPCELL_ROW_27_143,VGND,li1,57.2700,86.7480,0.000000
TAP_TAPCELL_ROW_27_142,VGND,li1,44.3900,86.7480,0.000000
TAP_TAPCELL_ROW_27_141,VGND,li1,31.5100,86.7480,0.000000
TAP_TAPCELL_ROW_27_140,VGND,li1,18.6300,86.7480,0.000000
TAP_TAPCELL_ROW_26_139,VGND,li1,70.1500,81.8910,0.000000
TAP_TAPCELL_ROW_26_138,VGND,li1,44.3900,81.8910,0.000000
TAP_TAPCELL_ROW_26_137,VGND,li1,18.6300,81.8910,0.000000
TAP_TAPCELL_ROW_25_136,VGND,li1,83.0300,81.3080,0.000000
TAP_TAPCELL_ROW_25_135,VGND,li1,57.2700,81.3080,0.000000
TAP_TAPCELL_ROW_25_134,VGND,li1,31.5100,81.3080,0.000000
TAP_TAPCELL_ROW_24_133,VGND,li1,70.1500,76.4510,0.000000
TAP_TAPCELL_ROW_24_132,VGND,li1,44.3900,76.4510,0.000000
TAP_TAPCELL_ROW_24_131,VGND,li1,18.6300,76.4510,0.000000
TAP_TAPCELL_ROW_23_130,VGND,li1,83.0300,75.8680,0.000000
TAP_TAPCELL_ROW_23_129,VGND,li1,57.2700,75.8680,0.000000
TAP_TAPCELL_ROW_23_128,VGND,li1,31.5100,75.8680,0.000000
TAP_TAPCELL_ROW_22_127,VGND,li1,70.1500,71.0110,0.000000
TAP_TAPCELL_ROW_22_126,VGND,li1,44.3900,71.0110,0.000000
TAP_TAPCELL_ROW_22_125,VGND,li1,18.6300,71.0110,0.000000
TAP_TAPCELL_ROW_21_124,VGND,li1,83.0300,70.4280,0.000000
TAP_TAPCELL_ROW_21_123,VGND,li1,57.2700,70.4280,0.000000
TAP_TAPCELL_ROW_21_122,VGND,li1,31.5100,70.4280,0.000000
TAP_TAPCELL_ROW_20_121,VGND,li1,70.1500,65.5710,0.000000
TAP_TAPCELL_ROW_20_120,VGND,li1,44.3900,65.5710,0.000000
TAP_TAPCELL_ROW_20_119,VGND,li1,18.6300,65.5710,0.000000
TAP_TAPCELL_ROW_19_118,VGND,li1,83.0300,64.9880,0.000000
TAP_TAPCELL_ROW_19_117,VGND,li1,57.2700,64.9880,0.000000
TAP_TAPCELL_ROW_19_116,VGND,li1,31.5100,64.9880,0.000000
TAP_TAPCELL_ROW_18_115,VGND,li1,70.1500,60.1310,0.000007
TAP_TAPCELL_ROW_18_114,VGND,li1,44.3900,60.1310,0.000012
TAP_TAPCELL_ROW_18_113,VGND,li1,18.6300,60.1310,0.000003
TAP_TAPCELL_ROW_17_112,VGND,li1,83.0300,59.5480,0.000004
TAP_TAPCELL_ROW_17_111,VGND,li1,57.2700,59.5480,0.000017
TAP_TAPCELL_ROW_17_110,VGND,li1,31.5100,59.5480,0.000006
TAP_TAPCELL_ROW_16_109,VGND,li1,70.1500,54.6910,0.000001
TAP_TAPCELL_ROW_16_108,VGND,li1,44.3900,54.6910,0.000001
TAP_TAPCELL_ROW_16_107,VGND,li1,18.6300,54.6910,0.000000
TAP_TAPCELL_ROW_15_106,VGND,li1,83.0300,54.1080,0.000001
TAP_TAPCELL_ROW_15_105,VGND,li1,57.2700,54.1080,0.000001
TAP_TAPCELL_ROW_15_104,VGND,li1,31.5100,54.1080,0.000000
TAP_TAPCELL_ROW_14_103,VGND,li1,70.1500,49.2510,0.000011
TAP_TAPCELL_ROW_14_102,VGND,li1,44.3900,49.2510,0.000025
TAP_TAPCELL_ROW_14_101,VGND,li1,18.6300,49.2510,0.000006
TAP_TAPCELL_ROW_13_100,VGND,li1,83.0300,48.6680,0.000005
TAP_TAPCELL_ROW_13_99,VGND,li1,57.2700,48.6680,0.000023
TAP_TAPCELL_ROW_13_98,VGND,li1,31.5100,48.6680,0.000012
TAP_TAPCELL_ROW_12_97,VGND,li1,70.1500,43.8110,0.000006
TAP_TAPCELL_ROW_12_96,VGND,li1,44.3900,43.8110,0.000022
TAP_TAPCELL_ROW_12_95,VGND,li1,18.6300,43.8110,0.000005
TAP_TAPCELL_ROW_11_94,VGND,li1,83.0300,43.2280,0.000003
TAP_TAPCELL_ROW_11_93,VGND,li1,57.2700,43.2280,0.000013
TAP_TAPCELL_ROW_11_92,VGND,li1,31.5100,43.2280,0.000011
TAP_TAPCELL_ROW_10_91,VGND,li1,70.1500,38.3710,0.000000
TAP_TAPCELL_ROW_10_90,VGND,li1,44.3900,38.3710,0.000000
TAP_TAPCELL_ROW_10_89,VGND,li1,18.6300,38.3710,0.000000
TAP_TAPCELL_ROW_9_88,VGND,li1,83.0300,37.7880,0.000000
TAP_TAPCELL_ROW_9_87,VGND,li1,57.2700,37.7880,0.000000
TAP_TAPCELL_ROW_9_86,VGND,li1,31.5100,37.7880,0.000000
TAP_TAPCELL_ROW_8_85,VGND,li1,70.1500,32.9310,0.000000
TAP_TAPCELL_ROW_8_84,VGND,li1,44.3900,32.9310,0.000000
TAP_TAPCELL_ROW_8_83,VGND,li1,18.6300,32.9310,0.000000
TAP_TAPCELL_ROW_7_82,VGND,li1,83.0300,32.3480,0.000000
TAP_TAPCELL_ROW_7_81,VGND,li1,57.2700,32.3480,0.000000
TAP_TAPCELL_ROW_7_80,VGND,li1,31.5100,32.3480,0.000000
TAP_TAPCELL_ROW_6_79,VGND,li1,70.1500,27.4910,0.000000
TAP_TAPCELL_ROW_6_78,VGND,li1,44.3900,27.4910,0.000000
TAP_TAPCELL_ROW_6_77,VGND,li1,18.6300,27.4910,0.000000
TAP_TAPCELL_ROW_5_76,VGND,li1,83.0300,26.9080,0.000000
TAP_TAPCELL_ROW_5_75,VGND,li1,57.2700,26.9080,0.000000
TAP_TAPCELL_ROW_5_74,VGND,li1,31.5100,26.9080,0.000000
TAP_TAPCELL_ROW_4_73,VGND,li1,70.1500,22.0510,0.000000
TAP_TAPCELL_ROW_4_72,VGND,li1,44.3900,22.0510,0.000000
TAP_TAPCELL_ROW_4_71,VGND,li1,18.6300,22.0510,0.000000
TAP_TAPCELL_ROW_3_70,VGND,li1,83.0300,21.4680,0.000000
TAP_TAPCELL_ROW_3_69,VGND,li1,57.2700,21.4680,0.000000
TAP_TAPCELL_ROW_3_68,VGND,li1,31.5100,21.4680,0.000000
TAP_TAPCELL_ROW_2_67,VGND,li1,70.1500,16.6110,0.000000
TAP_TAPCELL_ROW_2_66,VGND,li1,44.3900,16.6110,0.000000
TAP_TAPCELL_ROW_2_65,VGND,li1,18.6300,16.6110,0.000000
TAP_TAPCELL_ROW_1_64,VGND,li1,83.0300,16.0280,0.000000
TAP_TAPCELL_ROW_1_63,VGND,li1,57.2700,16.0280,0.000000
TAP_TAPCELL_ROW_1_62,VGND,li1,31.5100,16.0280,0.000000
TAP_TAPCELL_ROW_0_61,VGND,li1,83.0300,11.1710,0.000000
TAP_TAPCELL_ROW_0_60,VGND,li1,70.1500,11.1710,0.000000
TAP_TAPCELL_ROW_0_59,VGND,li1,57.2700,11.1710,0.000000
TAP_TAPCELL_ROW_0_58,VGND,li1,44.3900,11.1710,0.000000
TAP_TAPCELL_ROW_0_57,VGND,li1,31.5100,11.1710,0.000000
TAP_TAPCELL_ROW_0_56,VGND,li1,18.6300,11.1710,0.000000
PHY_EDGE_ROW_27_Left_55,VGND,li1,6.2100,87.0400,0.000000
PHY_EDGE_ROW_26_Left_54,VGND,li1,6.2100,81.6000,0.000000
PHY_EDGE_ROW_25_Left_53,VGND,li1,6.2100,81.6000,0.000000
PHY_EDGE_ROW_24_Left_52,VGND,li1,6.2100,76.1600,0.000000
PHY_EDGE_ROW_23_Left_51,VGND,li1,6.2100,76.1600,0.000000
PHY_EDGE_ROW_22_Left_50,VGND,li1,6.2100,70.7200,0.000000
PHY_EDGE_ROW_21_Left_49,VGND,li1,6.2100,70.7200,0.000000
PHY_EDGE_ROW_20_Left_48,VGND,li1,6.2100,65.2800,0.000000
PHY_EDGE_ROW_19_Left_47,VGND,li1,6.2100,65.2800,0.000000
PHY_EDGE_ROW_18_Left_46,VGND,li1,6.2100,59.8400,0.000003
PHY_EDGE_ROW_17_Left_45,VGND,li1,6.2100,59.8400,0.000003
PHY_EDGE_ROW_16_Left_44,VGND,li1,6.2100,54.4000,0.000000
PHY_EDGE_ROW_15_Left_43,VGND,li1,6.2100,54.4000,0.000000
PHY_EDGE_ROW_14_Left_42,VGND,li1,6.2100,48.9600,0.000006
PHY_EDGE_ROW_13_Left_41,VGND,li1,6.2100,48.9600,0.000006
PHY_EDGE_ROW_12_Left_40,VGND,li1,6.2100,43.5200,0.000005
PHY_EDGE_ROW_11_Left_39,VGND,li1,6.2100,43.5200,0.000005
PHY_EDGE_ROW_10_Left_38,VGND,li1,6.2100,38.0800,0.000000
PHY_EDGE_ROW_9_Left_37,VGND,li1,6.2100,38.0800,0.000000
PHY_EDGE_ROW_8_Left_36,VGND,li1,6.2100,32.6400,0.000000
PHY_EDGE_ROW_7_Left_35,VGND,li1,6.2100,32.6400,0.000000
PHY_EDGE_ROW_6_Left_34,VGND,li1,6.2100,27.2000,0.000000
PHY_EDGE_ROW_5_Left_33,VGND,li1,6.2100,27.2000,0.000000
PHY_EDGE_ROW_4_Left_32,VGND,li1,6.2100,21.7600,0.000000
PHY_EDGE_ROW_3_Left_31,VGND,li1,6.2100,21.7600,0.000000
PHY_EDGE_ROW_2_Left_30,VGND,li1,6.2100,16.3200,0.000000
PHY_EDGE_ROW_1_Left_29,VGND,li1,6.2100,16.3200,0.000000
PHY_EDGE_ROW_0_Left_28,VGND,li1,6.2100,10.8800,0.000000
PHY_EDGE_ROW_27_Right_27,VGND,li1,93.6100,87.0400,0.000000
PHY_EDGE_ROW_26_Right_26,VGND,li1,93.6100,81.6000,0.000000
PHY_EDGE_ROW_25_Right_25,VGND,li1,93.6100,81.6000,0.000000
PHY_EDGE_ROW_24_Right_24,VGND,li1,93.6100,76.1600,0.000000
PHY_EDGE_ROW_23_Right_23,VGND,li1,93.6100,76.1600,0.000000
PHY_EDGE_ROW_22_Right_22,VGND,li1,93.6100,70.7200,0.000000
PHY_EDGE_ROW_21_Right_21,VGND,li1,93.6100,70.7200,0.000000
PHY_EDGE_ROW_20_Right_20,VGND,li1,93.6100,65.2800,0.000000
PHY_EDGE_ROW_19_Right_19,VGND,li1,93.6100,65.2800,0.000000
PHY_EDGE_ROW_18_Right_18,VGND,li1,93.6100,59.8400,0.000003
PHY_EDGE_ROW_17_Right_17,VGND,li1,93.6100,59.8400,0.000003
PHY_EDGE_ROW_16_Right_16,VGND,li1,93.6100,54.4000,0.000001
PHY_EDGE_ROW_15_Right_15,VGND,li1,93.6100,54.4000,0.000001
PHY_EDGE_ROW_14_Right_14,VGND,li1,93.6100,48.9600,0.000004
PHY_EDGE_ROW_13_Right_13,VGND,li1,93.6100,48.9600,0.000004
PHY_EDGE_ROW_12_Right_12,VGND,li1,93.6100,43.5200,0.000002
PHY_EDGE_ROW_11_Right_11,VGND,li1,93.6100,43.5200,0.000002
PHY_EDGE_ROW_10_Right_10,VGND,li1,93.6100,38.0800,0.000000
PHY_EDGE_ROW_9_Right_9,VGND,li1,93.6100,38.0800,0.000000
PHY_EDGE_ROW_8_Right_8,VGND,li1,93.6100,32.6400,0.000000
PHY_EDGE_ROW_7_Right_7,VGND,li1,93.6100,32.6400,0.000000
PHY_EDGE_ROW_6_Right_6,VGND,li1,93.6100,27.2000,0.000000
PHY_EDGE_ROW_5_Right_5,VGND,li1,93.6100,27.2000,0.000000
PHY_EDGE_ROW_4_Right_4,VGND,li1,93.6100,21.7600,0.000000
PHY_EDGE_ROW_3_Right_3,VGND,li1,93.6100,21.7600,0.000000
PHY_EDGE_ROW_2_Right_2,VGND,li1,93.6100,16.3200,0.000000
PHY_EDGE_ROW_1_Right_1,VGND,li1,93.6100,16.3200,0.000000
PHY_EDGE_ROW_0_Right_0,VGND,li1,93.6100,10.8800,0.000000
_16_,VGND,li1,49.2200,48.9600,0.000035
_15_,VGND,li1,49.2200,43.5200,0.000020
_14_,VGND,li1,49.4500,43.5200,0.000020
_13_,VGND,li1,56.3500,43.5200,0.000015
_12_,VGND,li1,63.7100,48.9600,0.000013
_11_,VGND,li1,59.1100,48.9600,0.000020
_10_,VGND,li1,54.7400,43.5200,0.000015
_09_,VGND,li1,61.6400,48.9600,0.000016
_08_,VGND,li1,56.3500,54.4000,0.000001
_07_,VGND,li1,44.8500,54.4000,0.000001
_06_,VGND,li1,43.4700,48.9600,0.000019
